<?xml version="1.0" encoding="utf-8" standalone="yes"?>
<CoverageSession xmlns:xsd="http://www.w3.org/2001/XMLSchema" xmlns:xsi="http://www.w3.org/2001/XMLSchema-instance">
  <Summary numSequencePoints="282" visitedSequencePoints="162" numBranchPoints="171" visitedBranchPoints="65" sequenceCoverage="57.45" branchCoverage="38.01" maxCyclomaticComplexity="17" minCyclomaticComplexity="1" visitedClasses="20" numClasses="43" visitedMethods="33" numMethods="71" minCrapScore="1" maxCrapScore="90" />
  <Modules>
    <Module hash="91-1A-A5-A8-4C-19-06-EB-91-89-BC-25-0D-4F-7A-E8-C9-B2-D4-57">
      <Summary numSequencePoints="282" visitedSequencePoints="162" numBranchPoints="171" visitedBranchPoints="65" sequenceCoverage="57.45" branchCoverage="38.01" maxCyclomaticComplexity="17" minCyclomaticComplexity="1" visitedClasses="20" numClasses="43" visitedMethods="33" numMethods="71" minCrapScore="1" maxCrapScore="90" />
      <ModulePath>C:\Users\Леонид\ImageProcessing\tests\ImageProcessing.Tests\bin\Release\net7.0\ImageProcessing.dll</ModulePath>
      <ModuleTime>2023-12-16T20:04:08.5017959Z</ModuleTime>
      <ModuleName>ImageProcessing</ModuleName>
      <Files>
        <File uid="1" fullPath="C:\Users\Леонид\ImageProcessing\src\ImageProcessing\Main.fs" />
        <File uid="2" fullPath="C:\Users\Леонид\ImageProcessing\src\ImageProcessing\Arguments.fs" />
        <File uid="3" fullPath="C:\Users\Леонид\ImageProcessing\src\ImageProcessing\ImageArrayProcessing.fs" />
        <File uid="4" fullPath="C:\Users\Леонид\ImageProcessing\src\ImageProcessing\Agents.fs" />
        <File uid="5" fullPath="C:\Users\Леонид\ImageProcessing\src\ImageProcessing\GpuProcessing.fs" />
        <File uid="6" fullPath="C:\Users\Леонид\ImageProcessing\src\ImageProcessing\GpuKernels.fs" />
        <File uid="7" fullPath="C:\Users\Леонид\ImageProcessing\src\ImageProcessing\CpuProcessing.fs" />
        <File uid="8" fullPath="C:\Users\Леонид\ImageProcessing\src\ImageProcessing\MyImage.fs" />
        <File uid="9" fullPath="C:\Users\Леонид\ImageProcessing\src\ImageProcessing\Kernels.fs" />
      </Files>
      <Classes>
        <Class>
          <Summary numSequencePoints="30" visitedSequencePoints="0" numBranchPoints="14" visitedBranchPoints="0" sequenceCoverage="0" branchCoverage="0" maxCyclomaticComplexity="6" minCyclomaticComplexity="1" visitedClasses="0" numClasses="1" visitedMethods="0" numMethods="2" minCrapScore="6" maxCrapScore="42" />
          <FullName>ImageProcessing.Main</FullName>
          <Methods>
            <Method visited="false" cyclomaticComplexity="6" nPathComplexity="32" sequenceCoverage="0" branchCoverage="0" isConstructor="false" isStatic="true" isGetter="false" isSetter="false" crapScore="42">
              <Summary numSequencePoints="24" visitedSequencePoints="0" numBranchPoints="11" visitedBranchPoints="0" sequenceCoverage="0" branchCoverage="0" maxCyclomaticComplexity="6" minCyclomaticComplexity="6" visitedClasses="0" numClasses="0" visitedMethods="0" numMethods="1" minCrapScore="42" maxCrapScore="42" />
              <MetadataToken>100663297</MetadataToken>
              <Name>System.Void ImageProcessing.Main::main$cont@20(Argu.ParseResults`1&lt;ImageProcessing.Arguments/CliArguments&gt;,System.String,System.String,Microsoft.FSharp.Core.Unit)</Name>
              <FileRef uid="1" />
              <SequencePoints>
                <SequencePoint vc="0" uspid="23" ordinal="0" offset="0" sl="20" sc="13" el="20" ec="61" bec="0" bev="0" fileid="1" />
                <SequencePoint vc="0" uspid="22" ordinal="1" offset="185" sl="23" sc="17" el="23" ec="47" bec="2" bev="0" fileid="1" />
                <SequencePoint vc="0" uspid="21" ordinal="2" offset="357" sl="24" sc="34" el="24" ec="73" bec="0" bev="0" fileid="1" />
                <SequencePoint vc="0" uspid="20" ordinal="3" offset="530" sl="26" sc="21" el="26" ec="80" bec="2" bev="0" fileid="1" />
                <SequencePoint vc="0" uspid="19" ordinal="4" offset="550" sl="27" sc="25" el="27" ec="95" bec="0" bev="0" fileid="1" />
                <SequencePoint vc="0" uspid="18" ordinal="5" offset="573" sl="28" sc="25" el="28" ec="66" bec="0" bev="0" fileid="1" />
                <SequencePoint vc="0" uspid="17" ordinal="6" offset="587" sl="30" sc="25" el="30" ec="94" bec="0" bev="0" fileid="1" />
                <SequencePoint vc="0" uspid="16" ordinal="7" offset="608" sl="31" sc="25" el="31" ec="74" bec="0" bev="0" fileid="1" />
                <SequencePoint vc="0" uspid="15" ordinal="8" offset="622" sl="32" sc="25" el="32" ec="82" bec="0" bev="0" fileid="1" />
                <SequencePoint vc="0" uspid="14" ordinal="9" offset="631" sl="33" sc="25" el="33" ec="77" bec="0" bev="0" fileid="1" />
                <SequencePoint vc="0" uspid="13" ordinal="10" offset="640" sl="34" sc="25" el="34" ec="77" bec="0" bev="0" fileid="1" />
                <SequencePoint vc="0" uspid="12" ordinal="11" offset="649" sl="35" sc="25" el="35" ec="76" bec="0" bev="0" fileid="1" />
                <SequencePoint vc="0" uspid="11" ordinal="12" offset="658" sl="36" sc="25" el="36" ec="100" bec="0" bev="0" fileid="1" />
                <SequencePoint vc="0" uspid="10" ordinal="13" offset="659" sl="37" sc="25" el="37" ec="113" bec="0" bev="0" fileid="1" />
                <SequencePoint vc="0" uspid="9" ordinal="14" offset="685" sl="39" sc="21" el="39" ec="62" bec="0" bev="0" fileid="1" />
                <SequencePoint vc="0" uspid="8" ordinal="15" offset="698" sl="41" sc="13" el="41" ec="55" bec="0" bev="0" fileid="1" />
                <SequencePoint vc="0" uspid="7" ordinal="16" offset="711" sl="43" sc="13" el="43" ec="61" bec="2" bev="0" fileid="1" />
                <SequencePoint vc="0" uspid="6" ordinal="17" offset="736" sl="45" sc="17" el="45" ec="48" bec="2" bev="0" fileid="1" />
                <SequencePoint vc="0" uspid="5" ordinal="18" offset="888" sl="46" sc="21" el="46" ec="80" bec="0" bev="0" fileid="1" />
                <SequencePoint vc="0" uspid="4" ordinal="19" offset="904" sl="47" sc="17" el="47" ec="55" bec="2" bev="0" fileid="1" />
                <SequencePoint vc="0" uspid="3" ordinal="20" offset="1059" sl="49" sc="21" el="49" ec="88" bec="0" bev="0" fileid="1" />
                <SequencePoint vc="0" uspid="2" ordinal="21" offset="1220" sl="51" sc="21" el="51" ec="81" bec="0" bev="0" fileid="1" />
                <SequencePoint vc="0" uspid="1" ordinal="22" offset="1236" sl="53" sc="17" el="53" ec="50" bec="0" bev="0" fileid="1" />
                <SequencePoint vc="0" uspid="0" ordinal="23" offset="1244" sl="55" sc="17" el="55" ec="46" bec="0" bev="0" fileid="1" />
              </SequencePoints>
              <BranchPoints>
                <BranchPoint vc="0" uspid="0" ordinal="0" offset="352" sl="23" path="0" offsetend="357" fileid="1" />
                <BranchPoint vc="0" uspid="1" ordinal="1" offset="352" sl="23" path="1" offsetend="685" fileid="1" />
                <BranchPoint vc="0" uspid="2" ordinal="2" offset="548" sl="26" path="0" offsetend="550" fileid="1" />
                <BranchPoint vc="0" uspid="3" ordinal="3" offset="548" sl="26" path="1" offsetend="587" fileid="1" />
                <BranchPoint vc="0" uspid="4" ordinal="4" offset="731" sl="43" path="0" offsetend="736" fileid="1" />
                <BranchPoint vc="0" uspid="5" ordinal="5" offset="731" sl="43" path="1" offsetend="1236" fileid="1" />
                <BranchPoint vc="0" uspid="6" ordinal="6" offset="886" sl="45" path="0" offsetend="888" fileid="1" />
                <BranchPoint vc="0" uspid="7" ordinal="7" offset="886" sl="45" path="1" offsetend="904" fileid="1" />
                <BranchPoint vc="0" uspid="8" ordinal="8" offset="1054" sl="47" path="0" offsetend="1059" fileid="1" />
                <BranchPoint vc="0" uspid="9" ordinal="9" offset="1054" sl="47" path="1" offsetend="1220" fileid="1" />
              </BranchPoints>
              <MethodPoint xsi:type="SequencePoint" vc="0" uspid="23" ordinal="0" offset="0" sl="20" sc="13" el="20" ec="61" bec="0" bev="0" fileid="1" />
            </Method>
            <Method visited="false" cyclomaticComplexity="2" nPathComplexity="2" sequenceCoverage="0" branchCoverage="0" isConstructor="false" isStatic="true" isGetter="false" isSetter="false" crapScore="6">
              <Summary numSequencePoints="6" visitedSequencePoints="0" numBranchPoints="3" visitedBranchPoints="0" sequenceCoverage="0" branchCoverage="0" maxCyclomaticComplexity="2" minCyclomaticComplexity="2" visitedClasses="0" numClasses="0" visitedMethods="0" numMethods="1" minCrapScore="6" maxCrapScore="6" />
              <MetadataToken>100663298</MetadataToken>
              <Name>System.Int32 ImageProcessing.Main::main(System.String[])</Name>
              <FileRef uid="1" />
              <SequencePoints>
                <SequencePoint vc="0" uspid="29" ordinal="0" offset="0" sl="15" sc="9" el="15" ec="81" bec="0" bev="0" fileid="1" />
                <SequencePoint vc="0" uspid="28" ordinal="1" offset="39" sl="16" sc="9" el="16" ec="52" bec="0" bev="0" fileid="1" />
                <SequencePoint vc="0" uspid="27" ordinal="2" offset="191" sl="17" sc="9" el="17" ec="54" bec="0" bev="0" fileid="1" />
                <SequencePoint vc="0" uspid="26" ordinal="3" offset="343" sl="19" sc="9" el="19" ec="47" bec="2" bev="0" fileid="1" />
                <SequencePoint vc="0" uspid="25" ordinal="4" offset="544" sl="57" sc="13" el="57" ec="61" bec="0" bev="0" fileid="1" />
                <SequencePoint vc="0" uspid="24" ordinal="5" offset="570" sl="59" sc="9" el="59" ec="10" bec="0" bev="0" fileid="1" />
              </SequencePoints>
              <BranchPoints>
                <BranchPoint vc="0" uspid="10" ordinal="0" offset="527" sl="19" path="0" offsetchain="529" offsetend="570" fileid="1" />
                <BranchPoint vc="0" uspid="11" ordinal="1" offset="527" sl="19" path="1" offsetend="544" fileid="1" />
              </BranchPoints>
              <MethodPoint xsi:type="SequencePoint" vc="0" uspid="29" ordinal="0" offset="0" sl="15" sc="9" el="15" ec="81" bec="0" bev="0" fileid="1" />
            </Method>
          </Methods>
        </Class>
        <Class>
          <Summary numSequencePoints="0" visitedSequencePoints="0" numBranchPoints="0" visitedBranchPoints="0" sequenceCoverage="0" branchCoverage="0" maxCyclomaticComplexity="0" minCyclomaticComplexity="0" visitedClasses="0" numClasses="0" visitedMethods="0" numMethods="0" minCrapScore="0" maxCrapScore="0" />
          <FullName>ImageProcessing.Main/filters@28</FullName>
          <Methods>
            <Method visited="false" cyclomaticComplexity="1" nPathComplexity="0" sequenceCoverage="0" branchCoverage="0" isConstructor="false" isStatic="false" isGetter="false" isSetter="false" crapScore="2">
              <Summary numSequencePoints="0" visitedSequencePoints="0" numBranchPoints="0" visitedBranchPoints="0" sequenceCoverage="0" branchCoverage="0" maxCyclomaticComplexity="1" minCyclomaticComplexity="1" visitedClasses="0" numClasses="0" visitedMethods="0" numMethods="0" minCrapScore="2" maxCrapScore="2" />
              <MetadataToken>100663300</MetadataToken>
              <Name>Microsoft.FSharp.Core.FSharpFunc`2&lt;ImageProcessing.MyImage/MyImage,ImageProcessing.MyImage/MyImage&gt; ImageProcessing.Main/filters@28::Invoke(ImageProcessing.Types/Modifications)</Name>
              <SequencePoints />
              <BranchPoints />
              <MethodPoint vc="0" uspid="100663300" ordinal="0" offset="0" />
            </Method>
            <Method visited="false" cyclomaticComplexity="1" nPathComplexity="0" sequenceCoverage="0" branchCoverage="0" isConstructor="true" isStatic="true" isGetter="false" isSetter="false" crapScore="2">
              <Summary numSequencePoints="0" visitedSequencePoints="0" numBranchPoints="0" visitedBranchPoints="0" sequenceCoverage="0" branchCoverage="0" maxCyclomaticComplexity="1" minCyclomaticComplexity="1" visitedClasses="0" numClasses="0" visitedMethods="0" numMethods="0" minCrapScore="2" maxCrapScore="2" />
              <MetadataToken>100663301</MetadataToken>
              <Name>System.Void ImageProcessing.Main/filters@28::.cctor()</Name>
              <SequencePoints />
              <BranchPoints />
              <MethodPoint vc="0" uspid="100663301" ordinal="0" offset="0" />
            </Method>
          </Methods>
        </Class>
        <Class>
          <Summary numSequencePoints="1" visitedSequencePoints="0" numBranchPoints="1" visitedBranchPoints="0" sequenceCoverage="0" branchCoverage="0" maxCyclomaticComplexity="1" minCyclomaticComplexity="1" visitedClasses="0" numClasses="1" visitedMethods="0" numMethods="1" minCrapScore="2" maxCrapScore="2" />
          <FullName>ImageProcessing.Main/filters@37-1</FullName>
          <Methods>
            <Method visited="false" cyclomaticComplexity="1" nPathComplexity="0" sequenceCoverage="0" branchCoverage="0" isConstructor="false" isStatic="false" isGetter="false" isSetter="false" crapScore="2">
              <Summary numSequencePoints="1" visitedSequencePoints="0" numBranchPoints="1" visitedBranchPoints="0" sequenceCoverage="0" branchCoverage="0" maxCyclomaticComplexity="1" minCyclomaticComplexity="1" visitedClasses="0" numClasses="0" visitedMethods="0" numMethods="1" minCrapScore="2" maxCrapScore="2" />
              <MetadataToken>100663303</MetadataToken>
              <Name>Microsoft.FSharp.Core.FSharpFunc`2&lt;ImageProcessing.MyImage/MyImage,ImageProcessing.MyImage/MyImage&gt; ImageProcessing.Main/filters@37-1::Invoke(ImageProcessing.Types/Modifications)</Name>
              <FileRef uid="1" />
              <SequencePoints>
                <SequencePoint vc="0" uspid="30" ordinal="0" offset="0" sl="37" sc="44" el="37" ec="101" bec="0" bev="0" fileid="1" />
              </SequencePoints>
              <BranchPoints />
              <MethodPoint xsi:type="SequencePoint" vc="0" uspid="30" ordinal="0" offset="0" sl="37" sc="44" el="37" ec="101" bec="0" bev="0" fileid="1" />
            </Method>
          </Methods>
        </Class>
        <Class>
          <Summary numSequencePoints="0" visitedSequencePoints="0" numBranchPoints="0" visitedBranchPoints="0" sequenceCoverage="0" branchCoverage="0" maxCyclomaticComplexity="0" minCyclomaticComplexity="0" visitedClasses="0" numClasses="0" visitedMethods="0" numMethods="0" minCrapScore="0" maxCrapScore="0" />
          <FullName>ImageProcessing.Main/filters@39-2</FullName>
          <Methods>
            <Method visited="false" cyclomaticComplexity="1" nPathComplexity="0" sequenceCoverage="0" branchCoverage="0" isConstructor="false" isStatic="false" isGetter="false" isSetter="false" crapScore="2">
              <Summary numSequencePoints="0" visitedSequencePoints="0" numBranchPoints="0" visitedBranchPoints="0" sequenceCoverage="0" branchCoverage="0" maxCyclomaticComplexity="1" minCyclomaticComplexity="1" visitedClasses="0" numClasses="0" visitedMethods="0" numMethods="0" minCrapScore="2" maxCrapScore="2" />
              <MetadataToken>100663305</MetadataToken>
              <Name>Microsoft.FSharp.Core.FSharpFunc`2&lt;ImageProcessing.MyImage/MyImage,ImageProcessing.MyImage/MyImage&gt; ImageProcessing.Main/filters@39-2::Invoke(ImageProcessing.Types/Modifications)</Name>
              <SequencePoints />
              <BranchPoints />
              <MethodPoint vc="0" uspid="100663305" ordinal="0" offset="0" />
            </Method>
            <Method visited="false" cyclomaticComplexity="1" nPathComplexity="0" sequenceCoverage="0" branchCoverage="0" isConstructor="true" isStatic="true" isGetter="false" isSetter="false" crapScore="2">
              <Summary numSequencePoints="0" visitedSequencePoints="0" numBranchPoints="0" visitedBranchPoints="0" sequenceCoverage="0" branchCoverage="0" maxCyclomaticComplexity="1" minCyclomaticComplexity="1" visitedClasses="0" numClasses="0" visitedMethods="0" numMethods="0" minCrapScore="2" maxCrapScore="2" />
              <MetadataToken>100663306</MetadataToken>
              <Name>System.Void ImageProcessing.Main/filters@39-2::.cctor()</Name>
              <SequencePoints />
              <BranchPoints />
              <MethodPoint vc="0" uspid="100663306" ordinal="0" offset="0" />
            </Method>
          </Methods>
        </Class>
        <Class>
          <Summary numSequencePoints="0" visitedSequencePoints="0" numBranchPoints="0" visitedBranchPoints="0" sequenceCoverage="0" branchCoverage="0" maxCyclomaticComplexity="0" minCyclomaticComplexity="0" visitedClasses="0" numClasses="0" visitedMethods="0" numMethods="0" minCrapScore="0" maxCrapScore="0" />
          <FullName>ImageProcessing.Main/composition@41</FullName>
          <Methods>
            <Method visited="false" cyclomaticComplexity="1" nPathComplexity="0" sequenceCoverage="0" branchCoverage="0" isConstructor="false" isStatic="false" isGetter="false" isSetter="false" crapScore="2">
              <Summary numSequencePoints="0" visitedSequencePoints="0" numBranchPoints="0" visitedBranchPoints="0" sequenceCoverage="0" branchCoverage="0" maxCyclomaticComplexity="1" minCyclomaticComplexity="1" visitedClasses="0" numClasses="0" visitedMethods="0" numMethods="0" minCrapScore="2" maxCrapScore="2" />
              <MetadataToken>100663308</MetadataToken>
              <Name>ImageProcessing.MyImage/MyImage ImageProcessing.Main/composition@41::Invoke(Microsoft.FSharp.Core.FSharpFunc`2&lt;ImageProcessing.MyImage/MyImage,ImageProcessing.MyImage/MyImage&gt;,Microsoft.FSharp.Core.FSharpFunc`2&lt;ImageProcessing.MyImage/MyImage,ImageProcessing.MyImage/MyImage&gt;,ImageProcessing.MyImage/MyImage)</Name>
              <SequencePoints />
              <BranchPoints />
              <MethodPoint vc="0" uspid="100663308" ordinal="0" offset="0" />
            </Method>
            <Method visited="false" cyclomaticComplexity="1" nPathComplexity="0" sequenceCoverage="0" branchCoverage="0" isConstructor="true" isStatic="true" isGetter="false" isSetter="false" crapScore="2">
              <Summary numSequencePoints="0" visitedSequencePoints="0" numBranchPoints="0" visitedBranchPoints="0" sequenceCoverage="0" branchCoverage="0" maxCyclomaticComplexity="1" minCyclomaticComplexity="1" visitedClasses="0" numClasses="0" visitedMethods="0" numMethods="0" minCrapScore="2" maxCrapScore="2" />
              <MetadataToken>100663309</MetadataToken>
              <Name>System.Void ImageProcessing.Main/composition@41::.cctor()</Name>
              <SequencePoints />
              <BranchPoints />
              <MethodPoint vc="0" uspid="100663309" ordinal="0" offset="0" />
            </Method>
          </Methods>
        </Class>
        <Class>
          <Summary numSequencePoints="31" visitedSequencePoints="22" numBranchPoints="31" visitedBranchPoints="22" sequenceCoverage="70.97" branchCoverage="70.97" maxCyclomaticComplexity="10" minCyclomaticComplexity="1" visitedClasses="1" numClasses="1" visitedMethods="2" numMethods="7" minCrapScore="2" maxCrapScore="20" />
          <FullName>ImageProcessing.Arguments</FullName>
          <Methods>
            <Method visited="false" cyclomaticComplexity="1" nPathComplexity="0" sequenceCoverage="0" branchCoverage="0" isConstructor="false" isStatic="true" isGetter="false" isSetter="false" crapScore="2">
              <Summary numSequencePoints="1" visitedSequencePoints="0" numBranchPoints="1" visitedBranchPoints="0" sequenceCoverage="0" branchCoverage="0" maxCyclomaticComplexity="1" minCyclomaticComplexity="1" visitedClasses="0" numClasses="0" visitedMethods="0" numMethods="1" minCrapScore="2" maxCrapScore="2" />
              <MetadataToken>100663310</MetadataToken>
              <Name>a ImageProcessing.Arguments::first(a,b,c,d)</Name>
              <FileRef uid="2" />
              <SequencePoints>
                <SequencePoint vc="0" uspid="31" ordinal="0" offset="0" sl="11" sc="26" el="11" ec="27" bec="0" bev="0" fileid="2" />
              </SequencePoints>
              <BranchPoints />
              <MethodPoint xsi:type="SequencePoint" vc="0" uspid="31" ordinal="0" offset="0" sl="11" sc="26" el="11" ec="27" bec="0" bev="0" fileid="2" />
            </Method>
            <Method visited="false" cyclomaticComplexity="1" nPathComplexity="0" sequenceCoverage="0" branchCoverage="0" isConstructor="false" isStatic="true" isGetter="false" isSetter="false" crapScore="2">
              <Summary numSequencePoints="1" visitedSequencePoints="0" numBranchPoints="1" visitedBranchPoints="0" sequenceCoverage="0" branchCoverage="0" maxCyclomaticComplexity="1" minCyclomaticComplexity="1" visitedClasses="0" numClasses="0" visitedMethods="0" numMethods="1" minCrapScore="2" maxCrapScore="2" />
              <MetadataToken>100663311</MetadataToken>
              <Name>b ImageProcessing.Arguments::second(a,b,c,d)</Name>
              <FileRef uid="2" />
              <SequencePoints>
                <SequencePoint vc="0" uspid="32" ordinal="0" offset="0" sl="12" sc="27" el="12" ec="28" bec="0" bev="0" fileid="2" />
              </SequencePoints>
              <BranchPoints />
              <MethodPoint xsi:type="SequencePoint" vc="0" uspid="32" ordinal="0" offset="0" sl="12" sc="27" el="12" ec="28" bec="0" bev="0" fileid="2" />
            </Method>
            <Method visited="false" cyclomaticComplexity="1" nPathComplexity="0" sequenceCoverage="0" branchCoverage="0" isConstructor="false" isStatic="true" isGetter="false" isSetter="false" crapScore="2">
              <Summary numSequencePoints="1" visitedSequencePoints="0" numBranchPoints="1" visitedBranchPoints="0" sequenceCoverage="0" branchCoverage="0" maxCyclomaticComplexity="1" minCyclomaticComplexity="1" visitedClasses="0" numClasses="0" visitedMethods="0" numMethods="1" minCrapScore="2" maxCrapScore="2" />
              <MetadataToken>100663312</MetadataToken>
              <Name>c ImageProcessing.Arguments::third(a,b,c,d)</Name>
              <FileRef uid="2" />
              <SequencePoints>
                <SequencePoint vc="0" uspid="33" ordinal="0" offset="0" sl="13" sc="26" el="13" ec="27" bec="0" bev="0" fileid="2" />
              </SequencePoints>
              <BranchPoints />
              <MethodPoint xsi:type="SequencePoint" vc="0" uspid="33" ordinal="0" offset="0" sl="13" sc="26" el="13" ec="27" bec="0" bev="0" fileid="2" />
            </Method>
            <Method visited="false" cyclomaticComplexity="1" nPathComplexity="0" sequenceCoverage="0" branchCoverage="0" isConstructor="false" isStatic="true" isGetter="false" isSetter="false" crapScore="2">
              <Summary numSequencePoints="1" visitedSequencePoints="0" numBranchPoints="1" visitedBranchPoints="0" sequenceCoverage="0" branchCoverage="0" maxCyclomaticComplexity="1" minCyclomaticComplexity="1" visitedClasses="0" numClasses="0" visitedMethods="0" numMethods="1" minCrapScore="2" maxCrapScore="2" />
              <MetadataToken>100663313</MetadataToken>
              <Name>d ImageProcessing.Arguments::fourth(a,b,c,d)</Name>
              <FileRef uid="2" />
              <SequencePoints>
                <SequencePoint vc="0" uspid="34" ordinal="0" offset="0" sl="14" sc="27" el="14" ec="28" bec="0" bev="0" fileid="2" />
              </SequencePoints>
              <BranchPoints />
              <MethodPoint xsi:type="SequencePoint" vc="0" uspid="34" ordinal="0" offset="0" sl="14" sc="27" el="14" ec="28" bec="0" bev="0" fileid="2" />
            </Method>
            <Method visited="true" cyclomaticComplexity="10" nPathComplexity="10" sequenceCoverage="100" branchCoverage="100" isConstructor="false" isStatic="true" isGetter="false" isSetter="false" crapScore="10">
              <Summary numSequencePoints="11" visitedSequencePoints="11" numBranchPoints="11" visitedBranchPoints="11" sequenceCoverage="100" branchCoverage="100" maxCyclomaticComplexity="10" minCyclomaticComplexity="10" visitedClasses="0" numClasses="0" visitedMethods="1" numMethods="1" minCrapScore="10" maxCrapScore="10" />
              <MetadataToken>100663314</MetadataToken>
              <Name>Microsoft.FSharp.Core.FSharpFunc`2&lt;ImageProcessing.MyImage/MyImage,ImageProcessing.MyImage/MyImage&gt; ImageProcessing.Arguments::modificationParser(ImageProcessing.Types/Modifications)</Name>
              <FileRef uid="2" />
              <SequencePoints>
                <SequencePoint vc="148" uspid="45" ordinal="0" offset="0" sl="20" sc="5" el="20" ec="28" bec="10" bev="10" fileid="2" />
                <SequencePoint vc="9" uspid="44" ordinal="1" offset="52" sl="21" sc="19" el="21" ec="63" bec="0" bev="0" fileid="2" />
                <SequencePoint vc="10" uspid="43" ordinal="2" offset="58" sl="22" sc="19" el="22" ec="66" bec="0" bev="0" fileid="2" />
                <SequencePoint vc="9" uspid="42" ordinal="3" offset="64" sl="23" sc="16" el="23" ec="53" bec="0" bev="0" fileid="2" />
                <SequencePoint vc="6" uspid="41" ordinal="4" offset="70" sl="24" sc="18" el="24" ec="57" bec="0" bev="0" fileid="2" />
                <SequencePoint vc="9" uspid="40" ordinal="5" offset="76" sl="25" sc="17" el="25" ec="55" bec="0" bev="0" fileid="2" />
                <SequencePoint vc="30" uspid="39" ordinal="6" offset="82" sl="26" sc="28" el="26" ec="54" bec="0" bev="0" fileid="2" />
                <SequencePoint vc="22" uspid="38" ordinal="7" offset="95" sl="27" sc="35" el="27" ec="60" bec="0" bev="0" fileid="2" />
                <SequencePoint vc="22" uspid="37" ordinal="8" offset="108" sl="28" sc="25" el="28" ec="54" bec="0" bev="0" fileid="2" />
                <SequencePoint vc="21" uspid="36" ordinal="9" offset="121" sl="29" sc="27" el="29" ec="58" bec="0" bev="0" fileid="2" />
                <SequencePoint vc="10" uspid="35" ordinal="10" offset="134" sl="30" sc="18" el="30" ec="39" bec="0" bev="0" fileid="2" />
              </SequencePoints>
              <BranchPoints>
                <BranchPoint vc="9" uspid="12" ordinal="0" offset="7" sl="20" path="0" offsetend="52" fileid="2" />
                <BranchPoint vc="10" uspid="13" ordinal="1" offset="7" sl="20" path="1" offsetend="58" fileid="2" />
                <BranchPoint vc="9" uspid="14" ordinal="2" offset="7" sl="20" path="2" offsetend="64" fileid="2" />
                <BranchPoint vc="6" uspid="15" ordinal="3" offset="7" sl="20" path="3" offsetend="70" fileid="2" />
                <BranchPoint vc="9" uspid="16" ordinal="4" offset="7" sl="20" path="4" offsetend="76" fileid="2" />
                <BranchPoint vc="30" uspid="17" ordinal="5" offset="7" sl="20" path="5" offsetend="82" fileid="2" />
                <BranchPoint vc="22" uspid="18" ordinal="6" offset="7" sl="20" path="6" offsetend="95" fileid="2" />
                <BranchPoint vc="22" uspid="19" ordinal="7" offset="7" sl="20" path="7" offsetend="108" fileid="2" />
                <BranchPoint vc="21" uspid="20" ordinal="8" offset="7" sl="20" path="8" offsetend="121" fileid="2" />
                <BranchPoint vc="10" uspid="21" ordinal="9" offset="7" sl="20" path="9" offsetend="134" fileid="2" />
              </BranchPoints>
              <MethodPoint xsi:type="SequencePoint" vc="148" uspid="45" ordinal="0" offset="0" sl="20" sc="5" el="20" ec="28" bec="10" bev="0" fileid="2" />
            </Method>
            <Method visited="true" cyclomaticComplexity="10" nPathComplexity="10" sequenceCoverage="100" branchCoverage="100" isConstructor="false" isStatic="true" isGetter="false" isSetter="false" crapScore="10">
              <Summary numSequencePoints="11" visitedSequencePoints="11" numBranchPoints="11" visitedBranchPoints="11" sequenceCoverage="100" branchCoverage="100" maxCyclomaticComplexity="10" minCyclomaticComplexity="10" visitedClasses="0" numClasses="0" visitedMethods="1" numMethods="1" minCrapScore="10" maxCrapScore="10" />
              <MetadataToken>100663315</MetadataToken>
              <Name>Microsoft.FSharp.Core.FSharpFunc`2&lt;Brahma.FSharp.ClContext,Microsoft.FSharp.Core.FSharpFunc`2&lt;System.Int32,Microsoft.FSharp.Core.FSharpFunc`2&lt;Microsoft.FSharp.Control.FSharpMailboxProcessor`1&lt;Brahma.FSharp.Msg&gt;,Microsoft.FSharp.Core.FSharpFunc`2&lt;ImageProcessing.MyImage/MyImage,ImageProcessing.MyImage/MyImage&gt;&gt;&gt;&gt; ImageProcessing.Arguments::modificationGpuParser(ImageProcessing.Types/Modifications,Brahma.FSharp.ClProgram`2&lt;Brahma.FSharp.Range1D,Microsoft.FSharp.Core.FSharpFunc`2&lt;Brahma.FSharp.ClArray`1&lt;System.Byte&gt;,Microsoft.FSharp.Core.FSharpFunc`2&lt;System.Int32,Microsoft.FSharp.Core.FSharpFunc`2&lt;System.Int32,Microsoft.FSharp.Core.FSharpFunc`2&lt;Brahma.FSharp.ClArray`1&lt;System.Single&gt;,Microsoft.FSharp.Core.FSharpFunc`2&lt;System.Int32,Microsoft.FSharp.Core.FSharpFunc`2&lt;Brahma.FSharp.ClArray`1&lt;System.Byte&gt;,Microsoft.FSharp.Core.Unit&gt;&gt;&gt;&gt;&gt;&gt;&gt;,Brahma.FSharp.ClProgram`2&lt;Brahma.FSharp.Range1D,Microsoft.FSharp.Core.FSharpFunc`2&lt;Brahma.FSharp.ClArray`1&lt;System.Byte&gt;,Microsoft.FSharp.Core.FSharpFunc`2&lt;System.Int32,Microsoft.FSharp.Core.FSharpFunc`2&lt;System.Int32,Microsoft.FSharp.Core.FSharpFunc`2&lt;System.Int32,Microsoft.FSharp.Core.FSharpFunc`2&lt;Brahma.FSharp.ClArray`1&lt;System.Byte&gt;,Microsoft.FSharp.Core.Unit&gt;&gt;&gt;&gt;&gt;&gt;,Brahma.FSharp.ClProgram`2&lt;Brahma.FSharp.Range1D,Microsoft.FSharp.Core.FSharpFunc`2&lt;Brahma.FSharp.ClArray`1&lt;System.Byte&gt;,Microsoft.FSharp.Core.FSharpFunc`2&lt;System.Int32,Microsoft.FSharp.Core.FSharpFunc`2&lt;System.Int32,Microsoft.FSharp.Core.FSharpFunc`2&lt;System.Int32,Microsoft.FSharp.Core.FSharpFunc`2&lt;Brahma.FSharp.ClArray`1&lt;System.Byte&gt;,Microsoft.FSharp.Core.Unit&gt;&gt;&gt;&gt;&gt;&gt;,Brahma.FSharp.ClProgram`2&lt;Brahma.FSharp.Range1D,Microsoft.FSharp.Core.FSharpFunc`2&lt;Brahma.FSharp.ClArray`1&lt;System.Byte&gt;,Microsoft.FSharp.Core.FSharpFunc`2&lt;System.Int32,Microsoft.FSharp.Core.FSharpFunc`2&lt;System.Int32,Microsoft.FSharp.Core.FSharpFunc`2&lt;Brahma.FSharp.ClArray`1&lt;System.Byte&gt;,Microsoft.FSharp.Core.Unit&gt;&gt;&gt;&gt;&gt;)</Name>
              <FileRef uid="2" />
              <SequencePoints>
                <SequencePoint vc="111" uspid="56" ordinal="0" offset="0" sl="36" sc="5" el="36" ec="28" bec="10" bev="10" fileid="2" />
                <SequencePoint vc="10" uspid="55" ordinal="1" offset="52" sl="37" sc="19" el="37" ec="79" bec="0" bev="0" fileid="2" />
                <SequencePoint vc="10" uspid="54" ordinal="2" offset="59" sl="38" sc="19" el="38" ec="82" bec="0" bev="0" fileid="2" />
                <SequencePoint vc="12" uspid="53" ordinal="3" offset="66" sl="39" sc="16" el="39" ec="69" bec="0" bev="0" fileid="2" />
                <SequencePoint vc="9" uspid="52" ordinal="4" offset="73" sl="40" sc="18" el="40" ec="73" bec="0" bev="0" fileid="2" />
                <SequencePoint vc="8" uspid="51" ordinal="5" offset="80" sl="41" sc="17" el="41" ec="71" bec="0" bev="0" fileid="2" />
                <SequencePoint vc="18" uspid="50" ordinal="6" offset="87" sl="42" sc="28" el="42" ec="71" bec="0" bev="0" fileid="2" />
                <SequencePoint vc="11" uspid="49" ordinal="7" offset="101" sl="43" sc="35" el="43" ec="77" bec="0" bev="0" fileid="2" />
                <SequencePoint vc="9" uspid="48" ordinal="8" offset="115" sl="44" sc="25" el="44" ec="70" bec="0" bev="0" fileid="2" />
                <SequencePoint vc="10" uspid="47" ordinal="9" offset="129" sl="45" sc="27" el="45" ec="74" bec="0" bev="0" fileid="2" />
                <SequencePoint vc="14" uspid="46" ordinal="10" offset="143" sl="46" sc="18" el="46" ec="56" bec="0" bev="0" fileid="2" />
              </SequencePoints>
              <BranchPoints>
                <BranchPoint vc="10" uspid="22" ordinal="0" offset="7" sl="36" path="0" offsetend="52" fileid="2" />
                <BranchPoint vc="10" uspid="23" ordinal="1" offset="7" sl="36" path="1" offsetend="59" fileid="2" />
                <BranchPoint vc="12" uspid="24" ordinal="2" offset="7" sl="36" path="2" offsetend="66" fileid="2" />
                <BranchPoint vc="9" uspid="25" ordinal="3" offset="7" sl="36" path="3" offsetend="73" fileid="2" />
                <BranchPoint vc="8" uspid="26" ordinal="4" offset="7" sl="36" path="4" offsetend="80" fileid="2" />
                <BranchPoint vc="18" uspid="27" ordinal="5" offset="7" sl="36" path="5" offsetend="87" fileid="2" />
                <BranchPoint vc="11" uspid="28" ordinal="6" offset="7" sl="36" path="6" offsetend="101" fileid="2" />
                <BranchPoint vc="9" uspid="29" ordinal="7" offset="7" sl="36" path="7" offsetend="115" fileid="2" />
                <BranchPoint vc="10" uspid="30" ordinal="8" offset="7" sl="36" path="8" offsetend="129" fileid="2" />
                <BranchPoint vc="14" uspid="31" ordinal="9" offset="7" sl="36" path="9" offsetend="143" fileid="2" />
              </BranchPoints>
              <MethodPoint xsi:type="SequencePoint" vc="111" uspid="56" ordinal="0" offset="0" sl="36" sc="5" el="36" ec="28" bec="10" bev="0" fileid="2" />
            </Method>
            <Method visited="false" cyclomaticComplexity="4" nPathComplexity="4" sequenceCoverage="0" branchCoverage="0" isConstructor="false" isStatic="true" isGetter="false" isSetter="false" crapScore="20">
              <Summary numSequencePoints="5" visitedSequencePoints="0" numBranchPoints="5" visitedBranchPoints="0" sequenceCoverage="0" branchCoverage="0" maxCyclomaticComplexity="4" minCyclomaticComplexity="4" visitedClasses="0" numClasses="0" visitedMethods="0" numMethods="1" minCrapScore="20" maxCrapScore="20" />
              <MetadataToken>100663316</MetadataToken>
              <Name>Brahma.FSharp.Platform ImageProcessing.Arguments::deviceParser(ImageProcessing.Types/Devices)</Name>
              <FileRef uid="2" />
              <SequencePoints>
                <SequencePoint vc="0" uspid="61" ordinal="0" offset="0" sl="52" sc="5" el="52" ec="22" bec="4" bev="0" fileid="2" />
                <SequencePoint vc="0" uspid="60" ordinal="1" offset="28" sl="53" sc="17" el="53" ec="29" bec="0" bev="0" fileid="2" />
                <SequencePoint vc="0" uspid="59" ordinal="2" offset="34" sl="54" sc="17" el="54" ec="32" bec="0" bev="0" fileid="2" />
                <SequencePoint vc="0" uspid="58" ordinal="3" offset="40" sl="55" sc="14" el="55" ec="26" bec="0" bev="0" fileid="2" />
                <SequencePoint vc="0" uspid="57" ordinal="4" offset="46" sl="56" sc="16" el="56" ec="30" bec="0" bev="0" fileid="2" />
              </SequencePoints>
              <BranchPoints>
                <BranchPoint vc="0" uspid="32" ordinal="0" offset="7" sl="52" path="0" offsetend="28" fileid="2" />
                <BranchPoint vc="0" uspid="33" ordinal="1" offset="7" sl="52" path="1" offsetend="34" fileid="2" />
                <BranchPoint vc="0" uspid="34" ordinal="2" offset="7" sl="52" path="2" offsetend="40" fileid="2" />
                <BranchPoint vc="0" uspid="35" ordinal="3" offset="7" sl="52" path="3" offsetend="46" fileid="2" />
              </BranchPoints>
              <MethodPoint xsi:type="SequencePoint" vc="0" uspid="61" ordinal="0" offset="0" sl="52" sc="5" el="52" ec="22" bec="4" bev="0" fileid="2" />
            </Method>
            <Method visited="false" cyclomaticComplexity="9" nPathComplexity="0" sequenceCoverage="0" branchCoverage="0" isConstructor="false" isStatic="true" isGetter="false" isSetter="false" crapScore="90">
              <Summary numSequencePoints="0" visitedSequencePoints="0" numBranchPoints="0" visitedBranchPoints="0" sequenceCoverage="0" branchCoverage="0" maxCyclomaticComplexity="9" minCyclomaticComplexity="9" visitedClasses="0" numClasses="0" visitedMethods="0" numMethods="0" minCrapScore="90" maxCrapScore="90" />
              <MetadataToken>100663319</MetadataToken>
              <Name>System.Int32 ImageProcessing.Arguments::GetHashCode$cont@58(System.Collections.IEqualityComparer,ImageProcessing.Arguments/CliArguments,Microsoft.FSharp.Core.Unit)</Name>
              <SequencePoints />
              <BranchPoints />
              <MethodPoint vc="0" uspid="100663319" ordinal="0" offset="0" />
            </Method>
            <Method visited="false" cyclomaticComplexity="9" nPathComplexity="0" sequenceCoverage="0" branchCoverage="0" isConstructor="false" isStatic="true" isGetter="false" isSetter="false" crapScore="90">
              <Summary numSequencePoints="0" visitedSequencePoints="0" numBranchPoints="0" visitedBranchPoints="0" sequenceCoverage="0" branchCoverage="0" maxCyclomaticComplexity="9" minCyclomaticComplexity="9" visitedClasses="0" numClasses="0" visitedMethods="0" numMethods="0" minCrapScore="90" maxCrapScore="90" />
              <MetadataToken>100663320</MetadataToken>
              <Name>System.Boolean ImageProcessing.Arguments::Equals$cont@58(ImageProcessing.Arguments/CliArguments,System.Object,System.Collections.IEqualityComparer,Microsoft.FSharp.Core.Unit)</Name>
              <SequencePoints />
              <BranchPoints />
              <MethodPoint vc="0" uspid="100663320" ordinal="0" offset="0" />
            </Method>
          </Methods>
        </Class>
        <Class>
          <Summary numSequencePoints="0" visitedSequencePoints="0" numBranchPoints="0" visitedBranchPoints="0" sequenceCoverage="0" branchCoverage="0" maxCyclomaticComplexity="0" minCyclomaticComplexity="0" visitedClasses="0" numClasses="0" visitedMethods="0" numMethods="0" minCrapScore="0" maxCrapScore="0" />
          <FullName>ImageProcessing.Arguments/modificationParser@21</FullName>
          <Methods>
            <Method visited="true" cyclomaticComplexity="1" nPathComplexity="0" sequenceCoverage="0" branchCoverage="0" isConstructor="false" isStatic="false" isGetter="false" isSetter="false" crapScore="1">
              <Summary numSequencePoints="0" visitedSequencePoints="0" numBranchPoints="0" visitedBranchPoints="0" sequenceCoverage="0" branchCoverage="0" maxCyclomaticComplexity="1" minCyclomaticComplexity="1" visitedClasses="0" numClasses="0" visitedMethods="0" numMethods="0" minCrapScore="1" maxCrapScore="1" />
              <MetadataToken>100663322</MetadataToken>
              <Name>ImageProcessing.MyImage/MyImage ImageProcessing.Arguments/modificationParser@21::Invoke(ImageProcessing.MyImage/MyImage)</Name>
              <SequencePoints />
              <BranchPoints />
              <MethodPoint vc="9" uspid="100663322" ordinal="0" offset="0" />
            </Method>
            <Method visited="true" cyclomaticComplexity="1" nPathComplexity="0" sequenceCoverage="0" branchCoverage="0" isConstructor="true" isStatic="true" isGetter="false" isSetter="false" crapScore="1">
              <Summary numSequencePoints="0" visitedSequencePoints="0" numBranchPoints="0" visitedBranchPoints="0" sequenceCoverage="0" branchCoverage="0" maxCyclomaticComplexity="1" minCyclomaticComplexity="1" visitedClasses="0" numClasses="0" visitedMethods="0" numMethods="0" minCrapScore="1" maxCrapScore="1" />
              <MetadataToken>100663323</MetadataToken>
              <Name>System.Void ImageProcessing.Arguments/modificationParser@21::.cctor()</Name>
              <SequencePoints />
              <BranchPoints />
              <MethodPoint vc="1" uspid="100663323" ordinal="0" offset="0" />
            </Method>
          </Methods>
        </Class>
        <Class>
          <Summary numSequencePoints="0" visitedSequencePoints="0" numBranchPoints="0" visitedBranchPoints="0" sequenceCoverage="0" branchCoverage="0" maxCyclomaticComplexity="0" minCyclomaticComplexity="0" visitedClasses="0" numClasses="0" visitedMethods="0" numMethods="0" minCrapScore="0" maxCrapScore="0" />
          <FullName>ImageProcessing.Arguments/modificationParser@22-1</FullName>
          <Methods>
            <Method visited="true" cyclomaticComplexity="1" nPathComplexity="0" sequenceCoverage="0" branchCoverage="0" isConstructor="false" isStatic="false" isGetter="false" isSetter="false" crapScore="1">
              <Summary numSequencePoints="0" visitedSequencePoints="0" numBranchPoints="0" visitedBranchPoints="0" sequenceCoverage="0" branchCoverage="0" maxCyclomaticComplexity="1" minCyclomaticComplexity="1" visitedClasses="0" numClasses="0" visitedMethods="0" numMethods="0" minCrapScore="1" maxCrapScore="1" />
              <MetadataToken>100663325</MetadataToken>
              <Name>ImageProcessing.MyImage/MyImage ImageProcessing.Arguments/modificationParser@22-1::Invoke(ImageProcessing.MyImage/MyImage)</Name>
              <SequencePoints />
              <BranchPoints />
              <MethodPoint vc="10" uspid="100663325" ordinal="0" offset="0" />
            </Method>
            <Method visited="true" cyclomaticComplexity="1" nPathComplexity="0" sequenceCoverage="0" branchCoverage="0" isConstructor="true" isStatic="true" isGetter="false" isSetter="false" crapScore="1">
              <Summary numSequencePoints="0" visitedSequencePoints="0" numBranchPoints="0" visitedBranchPoints="0" sequenceCoverage="0" branchCoverage="0" maxCyclomaticComplexity="1" minCyclomaticComplexity="1" visitedClasses="0" numClasses="0" visitedMethods="0" numMethods="0" minCrapScore="1" maxCrapScore="1" />
              <MetadataToken>100663326</MetadataToken>
              <Name>System.Void ImageProcessing.Arguments/modificationParser@22-1::.cctor()</Name>
              <SequencePoints />
              <BranchPoints />
              <MethodPoint vc="1" uspid="100663326" ordinal="0" offset="0" />
            </Method>
          </Methods>
        </Class>
        <Class>
          <Summary numSequencePoints="0" visitedSequencePoints="0" numBranchPoints="0" visitedBranchPoints="0" sequenceCoverage="0" branchCoverage="0" maxCyclomaticComplexity="0" minCyclomaticComplexity="0" visitedClasses="0" numClasses="0" visitedMethods="0" numMethods="0" minCrapScore="0" maxCrapScore="0" />
          <FullName>ImageProcessing.Arguments/modificationParser@23-2</FullName>
          <Methods>
            <Method visited="true" cyclomaticComplexity="1" nPathComplexity="0" sequenceCoverage="0" branchCoverage="0" isConstructor="false" isStatic="false" isGetter="false" isSetter="false" crapScore="1">
              <Summary numSequencePoints="0" visitedSequencePoints="0" numBranchPoints="0" visitedBranchPoints="0" sequenceCoverage="0" branchCoverage="0" maxCyclomaticComplexity="1" minCyclomaticComplexity="1" visitedClasses="0" numClasses="0" visitedMethods="0" numMethods="0" minCrapScore="1" maxCrapScore="1" />
              <MetadataToken>100663328</MetadataToken>
              <Name>ImageProcessing.MyImage/MyImage ImageProcessing.Arguments/modificationParser@23-2::Invoke(ImageProcessing.MyImage/MyImage)</Name>
              <SequencePoints />
              <BranchPoints />
              <MethodPoint vc="9" uspid="100663328" ordinal="0" offset="0" />
            </Method>
            <Method visited="true" cyclomaticComplexity="1" nPathComplexity="0" sequenceCoverage="0" branchCoverage="0" isConstructor="true" isStatic="true" isGetter="false" isSetter="false" crapScore="1">
              <Summary numSequencePoints="0" visitedSequencePoints="0" numBranchPoints="0" visitedBranchPoints="0" sequenceCoverage="0" branchCoverage="0" maxCyclomaticComplexity="1" minCyclomaticComplexity="1" visitedClasses="0" numClasses="0" visitedMethods="0" numMethods="0" minCrapScore="1" maxCrapScore="1" />
              <MetadataToken>100663329</MetadataToken>
              <Name>System.Void ImageProcessing.Arguments/modificationParser@23-2::.cctor()</Name>
              <SequencePoints />
              <BranchPoints />
              <MethodPoint vc="1" uspid="100663329" ordinal="0" offset="0" />
            </Method>
          </Methods>
        </Class>
        <Class>
          <Summary numSequencePoints="0" visitedSequencePoints="0" numBranchPoints="0" visitedBranchPoints="0" sequenceCoverage="0" branchCoverage="0" maxCyclomaticComplexity="0" minCyclomaticComplexity="0" visitedClasses="0" numClasses="0" visitedMethods="0" numMethods="0" minCrapScore="0" maxCrapScore="0" />
          <FullName>ImageProcessing.Arguments/modificationParser@24-3</FullName>
          <Methods>
            <Method visited="true" cyclomaticComplexity="1" nPathComplexity="0" sequenceCoverage="0" branchCoverage="0" isConstructor="false" isStatic="false" isGetter="false" isSetter="false" crapScore="1">
              <Summary numSequencePoints="0" visitedSequencePoints="0" numBranchPoints="0" visitedBranchPoints="0" sequenceCoverage="0" branchCoverage="0" maxCyclomaticComplexity="1" minCyclomaticComplexity="1" visitedClasses="0" numClasses="0" visitedMethods="0" numMethods="0" minCrapScore="1" maxCrapScore="1" />
              <MetadataToken>100663331</MetadataToken>
              <Name>ImageProcessing.MyImage/MyImage ImageProcessing.Arguments/modificationParser@24-3::Invoke(ImageProcessing.MyImage/MyImage)</Name>
              <SequencePoints />
              <BranchPoints />
              <MethodPoint vc="6" uspid="100663331" ordinal="0" offset="0" />
            </Method>
            <Method visited="true" cyclomaticComplexity="1" nPathComplexity="0" sequenceCoverage="0" branchCoverage="0" isConstructor="true" isStatic="true" isGetter="false" isSetter="false" crapScore="1">
              <Summary numSequencePoints="0" visitedSequencePoints="0" numBranchPoints="0" visitedBranchPoints="0" sequenceCoverage="0" branchCoverage="0" maxCyclomaticComplexity="1" minCyclomaticComplexity="1" visitedClasses="0" numClasses="0" visitedMethods="0" numMethods="0" minCrapScore="1" maxCrapScore="1" />
              <MetadataToken>100663332</MetadataToken>
              <Name>System.Void ImageProcessing.Arguments/modificationParser@24-3::.cctor()</Name>
              <SequencePoints />
              <BranchPoints />
              <MethodPoint vc="1" uspid="100663332" ordinal="0" offset="0" />
            </Method>
          </Methods>
        </Class>
        <Class>
          <Summary numSequencePoints="0" visitedSequencePoints="0" numBranchPoints="0" visitedBranchPoints="0" sequenceCoverage="0" branchCoverage="0" maxCyclomaticComplexity="0" minCyclomaticComplexity="0" visitedClasses="0" numClasses="0" visitedMethods="0" numMethods="0" minCrapScore="0" maxCrapScore="0" />
          <FullName>ImageProcessing.Arguments/modificationParser@25-4</FullName>
          <Methods>
            <Method visited="true" cyclomaticComplexity="1" nPathComplexity="0" sequenceCoverage="0" branchCoverage="0" isConstructor="false" isStatic="false" isGetter="false" isSetter="false" crapScore="1">
              <Summary numSequencePoints="0" visitedSequencePoints="0" numBranchPoints="0" visitedBranchPoints="0" sequenceCoverage="0" branchCoverage="0" maxCyclomaticComplexity="1" minCyclomaticComplexity="1" visitedClasses="0" numClasses="0" visitedMethods="0" numMethods="0" minCrapScore="1" maxCrapScore="1" />
              <MetadataToken>100663334</MetadataToken>
              <Name>ImageProcessing.MyImage/MyImage ImageProcessing.Arguments/modificationParser@25-4::Invoke(ImageProcessing.MyImage/MyImage)</Name>
              <SequencePoints />
              <BranchPoints />
              <MethodPoint vc="9" uspid="100663334" ordinal="0" offset="0" />
            </Method>
            <Method visited="true" cyclomaticComplexity="1" nPathComplexity="0" sequenceCoverage="0" branchCoverage="0" isConstructor="true" isStatic="true" isGetter="false" isSetter="false" crapScore="1">
              <Summary numSequencePoints="0" visitedSequencePoints="0" numBranchPoints="0" visitedBranchPoints="0" sequenceCoverage="0" branchCoverage="0" maxCyclomaticComplexity="1" minCyclomaticComplexity="1" visitedClasses="0" numClasses="0" visitedMethods="0" numMethods="0" minCrapScore="1" maxCrapScore="1" />
              <MetadataToken>100663335</MetadataToken>
              <Name>System.Void ImageProcessing.Arguments/modificationParser@25-4::.cctor()</Name>
              <SequencePoints />
              <BranchPoints />
              <MethodPoint vc="1" uspid="100663335" ordinal="0" offset="0" />
            </Method>
          </Methods>
        </Class>
        <Class>
          <Summary numSequencePoints="0" visitedSequencePoints="0" numBranchPoints="0" visitedBranchPoints="0" sequenceCoverage="0" branchCoverage="0" maxCyclomaticComplexity="0" minCyclomaticComplexity="0" visitedClasses="0" numClasses="0" visitedMethods="0" numMethods="0" minCrapScore="0" maxCrapScore="0" />
          <FullName>ImageProcessing.Arguments/modificationParser@26-5</FullName>
          <Methods>
            <Method visited="true" cyclomaticComplexity="1" nPathComplexity="0" sequenceCoverage="0" branchCoverage="0" isConstructor="false" isStatic="false" isGetter="false" isSetter="false" crapScore="1">
              <Summary numSequencePoints="0" visitedSequencePoints="0" numBranchPoints="0" visitedBranchPoints="0" sequenceCoverage="0" branchCoverage="0" maxCyclomaticComplexity="1" minCyclomaticComplexity="1" visitedClasses="0" numClasses="0" visitedMethods="0" numMethods="0" minCrapScore="1" maxCrapScore="1" />
              <MetadataToken>100663337</MetadataToken>
              <Name>ImageProcessing.MyImage/MyImage ImageProcessing.Arguments/modificationParser@26-5::Invoke(ImageProcessing.MyImage/MyImage)</Name>
              <SequencePoints />
              <BranchPoints />
              <MethodPoint vc="30" uspid="100663337" ordinal="0" offset="0" />
            </Method>
          </Methods>
        </Class>
        <Class>
          <Summary numSequencePoints="0" visitedSequencePoints="0" numBranchPoints="0" visitedBranchPoints="0" sequenceCoverage="0" branchCoverage="0" maxCyclomaticComplexity="0" minCyclomaticComplexity="0" visitedClasses="0" numClasses="0" visitedMethods="0" numMethods="0" minCrapScore="0" maxCrapScore="0" />
          <FullName>ImageProcessing.Arguments/modificationParser@27-6</FullName>
          <Methods>
            <Method visited="true" cyclomaticComplexity="1" nPathComplexity="0" sequenceCoverage="0" branchCoverage="0" isConstructor="false" isStatic="false" isGetter="false" isSetter="false" crapScore="1">
              <Summary numSequencePoints="0" visitedSequencePoints="0" numBranchPoints="0" visitedBranchPoints="0" sequenceCoverage="0" branchCoverage="0" maxCyclomaticComplexity="1" minCyclomaticComplexity="1" visitedClasses="0" numClasses="0" visitedMethods="0" numMethods="0" minCrapScore="1" maxCrapScore="1" />
              <MetadataToken>100663339</MetadataToken>
              <Name>ImageProcessing.MyImage/MyImage ImageProcessing.Arguments/modificationParser@27-6::Invoke(ImageProcessing.MyImage/MyImage)</Name>
              <SequencePoints />
              <BranchPoints />
              <MethodPoint vc="22" uspid="100663339" ordinal="0" offset="0" />
            </Method>
          </Methods>
        </Class>
        <Class>
          <Summary numSequencePoints="0" visitedSequencePoints="0" numBranchPoints="0" visitedBranchPoints="0" sequenceCoverage="0" branchCoverage="0" maxCyclomaticComplexity="0" minCyclomaticComplexity="0" visitedClasses="0" numClasses="0" visitedMethods="0" numMethods="0" minCrapScore="0" maxCrapScore="0" />
          <FullName>ImageProcessing.Arguments/modificationParser@28-7</FullName>
          <Methods>
            <Method visited="true" cyclomaticComplexity="1" nPathComplexity="0" sequenceCoverage="0" branchCoverage="0" isConstructor="false" isStatic="false" isGetter="false" isSetter="false" crapScore="1">
              <Summary numSequencePoints="0" visitedSequencePoints="0" numBranchPoints="0" visitedBranchPoints="0" sequenceCoverage="0" branchCoverage="0" maxCyclomaticComplexity="1" minCyclomaticComplexity="1" visitedClasses="0" numClasses="0" visitedMethods="0" numMethods="0" minCrapScore="1" maxCrapScore="1" />
              <MetadataToken>100663341</MetadataToken>
              <Name>ImageProcessing.MyImage/MyImage ImageProcessing.Arguments/modificationParser@28-7::Invoke(ImageProcessing.MyImage/MyImage)</Name>
              <SequencePoints />
              <BranchPoints />
              <MethodPoint vc="22" uspid="100663341" ordinal="0" offset="0" />
            </Method>
          </Methods>
        </Class>
        <Class>
          <Summary numSequencePoints="0" visitedSequencePoints="0" numBranchPoints="0" visitedBranchPoints="0" sequenceCoverage="0" branchCoverage="0" maxCyclomaticComplexity="0" minCyclomaticComplexity="0" visitedClasses="0" numClasses="0" visitedMethods="0" numMethods="0" minCrapScore="0" maxCrapScore="0" />
          <FullName>ImageProcessing.Arguments/modificationParser@29-8</FullName>
          <Methods>
            <Method visited="true" cyclomaticComplexity="1" nPathComplexity="0" sequenceCoverage="0" branchCoverage="0" isConstructor="false" isStatic="false" isGetter="false" isSetter="false" crapScore="1">
              <Summary numSequencePoints="0" visitedSequencePoints="0" numBranchPoints="0" visitedBranchPoints="0" sequenceCoverage="0" branchCoverage="0" maxCyclomaticComplexity="1" minCyclomaticComplexity="1" visitedClasses="0" numClasses="0" visitedMethods="0" numMethods="0" minCrapScore="1" maxCrapScore="1" />
              <MetadataToken>100663343</MetadataToken>
              <Name>ImageProcessing.MyImage/MyImage ImageProcessing.Arguments/modificationParser@29-8::Invoke(ImageProcessing.MyImage/MyImage)</Name>
              <SequencePoints />
              <BranchPoints />
              <MethodPoint vc="21" uspid="100663343" ordinal="0" offset="0" />
            </Method>
          </Methods>
        </Class>
        <Class>
          <Summary numSequencePoints="0" visitedSequencePoints="0" numBranchPoints="0" visitedBranchPoints="0" sequenceCoverage="0" branchCoverage="0" maxCyclomaticComplexity="0" minCyclomaticComplexity="0" visitedClasses="0" numClasses="0" visitedMethods="0" numMethods="0" minCrapScore="0" maxCrapScore="0" />
          <FullName>ImageProcessing.Arguments/modificationParser@30-9</FullName>
          <Methods>
            <Method visited="true" cyclomaticComplexity="1" nPathComplexity="0" sequenceCoverage="0" branchCoverage="0" isConstructor="false" isStatic="false" isGetter="false" isSetter="false" crapScore="1">
              <Summary numSequencePoints="0" visitedSequencePoints="0" numBranchPoints="0" visitedBranchPoints="0" sequenceCoverage="0" branchCoverage="0" maxCyclomaticComplexity="1" minCyclomaticComplexity="1" visitedClasses="0" numClasses="0" visitedMethods="0" numMethods="0" minCrapScore="1" maxCrapScore="1" />
              <MetadataToken>100663345</MetadataToken>
              <Name>ImageProcessing.MyImage/MyImage ImageProcessing.Arguments/modificationParser@30-9::Invoke(ImageProcessing.MyImage/MyImage)</Name>
              <SequencePoints />
              <BranchPoints />
              <MethodPoint vc="10" uspid="100663345" ordinal="0" offset="0" />
            </Method>
            <Method visited="true" cyclomaticComplexity="1" nPathComplexity="0" sequenceCoverage="0" branchCoverage="0" isConstructor="true" isStatic="true" isGetter="false" isSetter="false" crapScore="1">
              <Summary numSequencePoints="0" visitedSequencePoints="0" numBranchPoints="0" visitedBranchPoints="0" sequenceCoverage="0" branchCoverage="0" maxCyclomaticComplexity="1" minCyclomaticComplexity="1" visitedClasses="0" numClasses="0" visitedMethods="0" numMethods="0" minCrapScore="1" maxCrapScore="1" />
              <MetadataToken>100663346</MetadataToken>
              <Name>System.Void ImageProcessing.Arguments/modificationParser@30-9::.cctor()</Name>
              <SequencePoints />
              <BranchPoints />
              <MethodPoint vc="1" uspid="100663346" ordinal="0" offset="0" />
            </Method>
          </Methods>
        </Class>
        <Class>
          <Summary numSequencePoints="0" visitedSequencePoints="0" numBranchPoints="0" visitedBranchPoints="0" sequenceCoverage="0" branchCoverage="0" maxCyclomaticComplexity="0" minCyclomaticComplexity="0" visitedClasses="0" numClasses="0" visitedMethods="0" numMethods="0" minCrapScore="0" maxCrapScore="0" />
          <FullName>ImageProcessing.Arguments/modificationGpuParser@37</FullName>
          <Methods>
            <Method visited="true" cyclomaticComplexity="1" nPathComplexity="0" sequenceCoverage="0" branchCoverage="0" isConstructor="false" isStatic="false" isGetter="false" isSetter="false" crapScore="1">
              <Summary numSequencePoints="0" visitedSequencePoints="0" numBranchPoints="0" visitedBranchPoints="0" sequenceCoverage="0" branchCoverage="0" maxCyclomaticComplexity="1" minCyclomaticComplexity="1" visitedClasses="0" numClasses="0" visitedMethods="0" numMethods="0" minCrapScore="1" maxCrapScore="1" />
              <MetadataToken>100663348</MetadataToken>
              <Name>Microsoft.FSharp.Core.FSharpFunc`2&lt;ImageProcessing.MyImage/MyImage,ImageProcessing.MyImage/MyImage&gt; ImageProcessing.Arguments/modificationGpuParser@37::Invoke(Brahma.FSharp.ClContext,System.Int32,Microsoft.FSharp.Control.FSharpMailboxProcessor`1&lt;Brahma.FSharp.Msg&gt;)</Name>
              <SequencePoints />
              <BranchPoints />
              <MethodPoint vc="10" uspid="100663348" ordinal="0" offset="0" />
            </Method>
          </Methods>
        </Class>
        <Class>
          <Summary numSequencePoints="0" visitedSequencePoints="0" numBranchPoints="0" visitedBranchPoints="0" sequenceCoverage="0" branchCoverage="0" maxCyclomaticComplexity="0" minCyclomaticComplexity="0" visitedClasses="0" numClasses="0" visitedMethods="0" numMethods="0" minCrapScore="0" maxCrapScore="0" />
          <FullName>ImageProcessing.Arguments/modificationGpuParser@38-1</FullName>
          <Methods>
            <Method visited="true" cyclomaticComplexity="1" nPathComplexity="0" sequenceCoverage="0" branchCoverage="0" isConstructor="false" isStatic="false" isGetter="false" isSetter="false" crapScore="1">
              <Summary numSequencePoints="0" visitedSequencePoints="0" numBranchPoints="0" visitedBranchPoints="0" sequenceCoverage="0" branchCoverage="0" maxCyclomaticComplexity="1" minCyclomaticComplexity="1" visitedClasses="0" numClasses="0" visitedMethods="0" numMethods="0" minCrapScore="1" maxCrapScore="1" />
              <MetadataToken>100663350</MetadataToken>
              <Name>Microsoft.FSharp.Core.FSharpFunc`2&lt;ImageProcessing.MyImage/MyImage,ImageProcessing.MyImage/MyImage&gt; ImageProcessing.Arguments/modificationGpuParser@38-1::Invoke(Brahma.FSharp.ClContext,System.Int32,Microsoft.FSharp.Control.FSharpMailboxProcessor`1&lt;Brahma.FSharp.Msg&gt;)</Name>
              <SequencePoints />
              <BranchPoints />
              <MethodPoint vc="10" uspid="100663350" ordinal="0" offset="0" />
            </Method>
          </Methods>
        </Class>
        <Class>
          <Summary numSequencePoints="0" visitedSequencePoints="0" numBranchPoints="0" visitedBranchPoints="0" sequenceCoverage="0" branchCoverage="0" maxCyclomaticComplexity="0" minCyclomaticComplexity="0" visitedClasses="0" numClasses="0" visitedMethods="0" numMethods="0" minCrapScore="0" maxCrapScore="0" />
          <FullName>ImageProcessing.Arguments/modificationGpuParser@39-2</FullName>
          <Methods>
            <Method visited="true" cyclomaticComplexity="1" nPathComplexity="0" sequenceCoverage="0" branchCoverage="0" isConstructor="false" isStatic="false" isGetter="false" isSetter="false" crapScore="1">
              <Summary numSequencePoints="0" visitedSequencePoints="0" numBranchPoints="0" visitedBranchPoints="0" sequenceCoverage="0" branchCoverage="0" maxCyclomaticComplexity="1" minCyclomaticComplexity="1" visitedClasses="0" numClasses="0" visitedMethods="0" numMethods="0" minCrapScore="1" maxCrapScore="1" />
              <MetadataToken>100663352</MetadataToken>
              <Name>Microsoft.FSharp.Core.FSharpFunc`2&lt;ImageProcessing.MyImage/MyImage,ImageProcessing.MyImage/MyImage&gt; ImageProcessing.Arguments/modificationGpuParser@39-2::Invoke(Brahma.FSharp.ClContext,System.Int32,Microsoft.FSharp.Control.FSharpMailboxProcessor`1&lt;Brahma.FSharp.Msg&gt;)</Name>
              <SequencePoints />
              <BranchPoints />
              <MethodPoint vc="12" uspid="100663352" ordinal="0" offset="0" />
            </Method>
          </Methods>
        </Class>
        <Class>
          <Summary numSequencePoints="0" visitedSequencePoints="0" numBranchPoints="0" visitedBranchPoints="0" sequenceCoverage="0" branchCoverage="0" maxCyclomaticComplexity="0" minCyclomaticComplexity="0" visitedClasses="0" numClasses="0" visitedMethods="0" numMethods="0" minCrapScore="0" maxCrapScore="0" />
          <FullName>ImageProcessing.Arguments/modificationGpuParser@40-3</FullName>
          <Methods>
            <Method visited="true" cyclomaticComplexity="1" nPathComplexity="0" sequenceCoverage="0" branchCoverage="0" isConstructor="false" isStatic="false" isGetter="false" isSetter="false" crapScore="1">
              <Summary numSequencePoints="0" visitedSequencePoints="0" numBranchPoints="0" visitedBranchPoints="0" sequenceCoverage="0" branchCoverage="0" maxCyclomaticComplexity="1" minCyclomaticComplexity="1" visitedClasses="0" numClasses="0" visitedMethods="0" numMethods="0" minCrapScore="1" maxCrapScore="1" />
              <MetadataToken>100663354</MetadataToken>
              <Name>Microsoft.FSharp.Core.FSharpFunc`2&lt;ImageProcessing.MyImage/MyImage,ImageProcessing.MyImage/MyImage&gt; ImageProcessing.Arguments/modificationGpuParser@40-3::Invoke(Brahma.FSharp.ClContext,System.Int32,Microsoft.FSharp.Control.FSharpMailboxProcessor`1&lt;Brahma.FSharp.Msg&gt;)</Name>
              <SequencePoints />
              <BranchPoints />
              <MethodPoint vc="9" uspid="100663354" ordinal="0" offset="0" />
            </Method>
          </Methods>
        </Class>
        <Class>
          <Summary numSequencePoints="0" visitedSequencePoints="0" numBranchPoints="0" visitedBranchPoints="0" sequenceCoverage="0" branchCoverage="0" maxCyclomaticComplexity="0" minCyclomaticComplexity="0" visitedClasses="0" numClasses="0" visitedMethods="0" numMethods="0" minCrapScore="0" maxCrapScore="0" />
          <FullName>ImageProcessing.Arguments/modificationGpuParser@41-4</FullName>
          <Methods>
            <Method visited="true" cyclomaticComplexity="1" nPathComplexity="0" sequenceCoverage="0" branchCoverage="0" isConstructor="false" isStatic="false" isGetter="false" isSetter="false" crapScore="1">
              <Summary numSequencePoints="0" visitedSequencePoints="0" numBranchPoints="0" visitedBranchPoints="0" sequenceCoverage="0" branchCoverage="0" maxCyclomaticComplexity="1" minCyclomaticComplexity="1" visitedClasses="0" numClasses="0" visitedMethods="0" numMethods="0" minCrapScore="1" maxCrapScore="1" />
              <MetadataToken>100663356</MetadataToken>
              <Name>Microsoft.FSharp.Core.FSharpFunc`2&lt;ImageProcessing.MyImage/MyImage,ImageProcessing.MyImage/MyImage&gt; ImageProcessing.Arguments/modificationGpuParser@41-4::Invoke(Brahma.FSharp.ClContext,System.Int32,Microsoft.FSharp.Control.FSharpMailboxProcessor`1&lt;Brahma.FSharp.Msg&gt;)</Name>
              <SequencePoints />
              <BranchPoints />
              <MethodPoint vc="8" uspid="100663356" ordinal="0" offset="0" />
            </Method>
          </Methods>
        </Class>
        <Class>
          <Summary numSequencePoints="0" visitedSequencePoints="0" numBranchPoints="0" visitedBranchPoints="0" sequenceCoverage="0" branchCoverage="0" maxCyclomaticComplexity="0" minCyclomaticComplexity="0" visitedClasses="0" numClasses="0" visitedMethods="0" numMethods="0" minCrapScore="0" maxCrapScore="0" />
          <FullName>ImageProcessing.Arguments/modificationGpuParser@42-5</FullName>
          <Methods>
            <Method visited="true" cyclomaticComplexity="1" nPathComplexity="0" sequenceCoverage="0" branchCoverage="0" isConstructor="false" isStatic="false" isGetter="false" isSetter="false" crapScore="1">
              <Summary numSequencePoints="0" visitedSequencePoints="0" numBranchPoints="0" visitedBranchPoints="0" sequenceCoverage="0" branchCoverage="0" maxCyclomaticComplexity="1" minCyclomaticComplexity="1" visitedClasses="0" numClasses="0" visitedMethods="0" numMethods="0" minCrapScore="1" maxCrapScore="1" />
              <MetadataToken>100663358</MetadataToken>
              <Name>Microsoft.FSharp.Core.FSharpFunc`2&lt;ImageProcessing.MyImage/MyImage,ImageProcessing.MyImage/MyImage&gt; ImageProcessing.Arguments/modificationGpuParser@42-5::Invoke(Brahma.FSharp.ClContext,System.Int32,Microsoft.FSharp.Control.FSharpMailboxProcessor`1&lt;Brahma.FSharp.Msg&gt;)</Name>
              <SequencePoints />
              <BranchPoints />
              <MethodPoint vc="18" uspid="100663358" ordinal="0" offset="0" />
            </Method>
          </Methods>
        </Class>
        <Class>
          <Summary numSequencePoints="0" visitedSequencePoints="0" numBranchPoints="0" visitedBranchPoints="0" sequenceCoverage="0" branchCoverage="0" maxCyclomaticComplexity="0" minCyclomaticComplexity="0" visitedClasses="0" numClasses="0" visitedMethods="0" numMethods="0" minCrapScore="0" maxCrapScore="0" />
          <FullName>ImageProcessing.Arguments/modificationGpuParser@43-6</FullName>
          <Methods>
            <Method visited="true" cyclomaticComplexity="1" nPathComplexity="0" sequenceCoverage="0" branchCoverage="0" isConstructor="false" isStatic="false" isGetter="false" isSetter="false" crapScore="1">
              <Summary numSequencePoints="0" visitedSequencePoints="0" numBranchPoints="0" visitedBranchPoints="0" sequenceCoverage="0" branchCoverage="0" maxCyclomaticComplexity="1" minCyclomaticComplexity="1" visitedClasses="0" numClasses="0" visitedMethods="0" numMethods="0" minCrapScore="1" maxCrapScore="1" />
              <MetadataToken>100663360</MetadataToken>
              <Name>Microsoft.FSharp.Core.FSharpFunc`2&lt;ImageProcessing.MyImage/MyImage,ImageProcessing.MyImage/MyImage&gt; ImageProcessing.Arguments/modificationGpuParser@43-6::Invoke(Brahma.FSharp.ClContext,System.Int32,Microsoft.FSharp.Control.FSharpMailboxProcessor`1&lt;Brahma.FSharp.Msg&gt;)</Name>
              <SequencePoints />
              <BranchPoints />
              <MethodPoint vc="11" uspid="100663360" ordinal="0" offset="0" />
            </Method>
          </Methods>
        </Class>
        <Class>
          <Summary numSequencePoints="0" visitedSequencePoints="0" numBranchPoints="0" visitedBranchPoints="0" sequenceCoverage="0" branchCoverage="0" maxCyclomaticComplexity="0" minCyclomaticComplexity="0" visitedClasses="0" numClasses="0" visitedMethods="0" numMethods="0" minCrapScore="0" maxCrapScore="0" />
          <FullName>ImageProcessing.Arguments/modificationGpuParser@44-7</FullName>
          <Methods>
            <Method visited="true" cyclomaticComplexity="1" nPathComplexity="0" sequenceCoverage="0" branchCoverage="0" isConstructor="false" isStatic="false" isGetter="false" isSetter="false" crapScore="1">
              <Summary numSequencePoints="0" visitedSequencePoints="0" numBranchPoints="0" visitedBranchPoints="0" sequenceCoverage="0" branchCoverage="0" maxCyclomaticComplexity="1" minCyclomaticComplexity="1" visitedClasses="0" numClasses="0" visitedMethods="0" numMethods="0" minCrapScore="1" maxCrapScore="1" />
              <MetadataToken>100663362</MetadataToken>
              <Name>Microsoft.FSharp.Core.FSharpFunc`2&lt;ImageProcessing.MyImage/MyImage,ImageProcessing.MyImage/MyImage&gt; ImageProcessing.Arguments/modificationGpuParser@44-7::Invoke(Brahma.FSharp.ClContext,System.Int32,Microsoft.FSharp.Control.FSharpMailboxProcessor`1&lt;Brahma.FSharp.Msg&gt;)</Name>
              <SequencePoints />
              <BranchPoints />
              <MethodPoint vc="9" uspid="100663362" ordinal="0" offset="0" />
            </Method>
          </Methods>
        </Class>
        <Class>
          <Summary numSequencePoints="0" visitedSequencePoints="0" numBranchPoints="0" visitedBranchPoints="0" sequenceCoverage="0" branchCoverage="0" maxCyclomaticComplexity="0" minCyclomaticComplexity="0" visitedClasses="0" numClasses="0" visitedMethods="0" numMethods="0" minCrapScore="0" maxCrapScore="0" />
          <FullName>ImageProcessing.Arguments/modificationGpuParser@45-8</FullName>
          <Methods>
            <Method visited="true" cyclomaticComplexity="1" nPathComplexity="0" sequenceCoverage="0" branchCoverage="0" isConstructor="false" isStatic="false" isGetter="false" isSetter="false" crapScore="1">
              <Summary numSequencePoints="0" visitedSequencePoints="0" numBranchPoints="0" visitedBranchPoints="0" sequenceCoverage="0" branchCoverage="0" maxCyclomaticComplexity="1" minCyclomaticComplexity="1" visitedClasses="0" numClasses="0" visitedMethods="0" numMethods="0" minCrapScore="1" maxCrapScore="1" />
              <MetadataToken>100663364</MetadataToken>
              <Name>Microsoft.FSharp.Core.FSharpFunc`2&lt;ImageProcessing.MyImage/MyImage,ImageProcessing.MyImage/MyImage&gt; ImageProcessing.Arguments/modificationGpuParser@45-8::Invoke(Brahma.FSharp.ClContext,System.Int32,Microsoft.FSharp.Control.FSharpMailboxProcessor`1&lt;Brahma.FSharp.Msg&gt;)</Name>
              <SequencePoints />
              <BranchPoints />
              <MethodPoint vc="10" uspid="100663364" ordinal="0" offset="0" />
            </Method>
          </Methods>
        </Class>
        <Class>
          <Summary numSequencePoints="0" visitedSequencePoints="0" numBranchPoints="0" visitedBranchPoints="0" sequenceCoverage="0" branchCoverage="0" maxCyclomaticComplexity="0" minCyclomaticComplexity="0" visitedClasses="0" numClasses="0" visitedMethods="0" numMethods="0" minCrapScore="0" maxCrapScore="0" />
          <FullName>ImageProcessing.Arguments/modificationGpuParser@46-9</FullName>
          <Methods>
            <Method visited="true" cyclomaticComplexity="1" nPathComplexity="0" sequenceCoverage="0" branchCoverage="0" isConstructor="false" isStatic="false" isGetter="false" isSetter="false" crapScore="1">
              <Summary numSequencePoints="0" visitedSequencePoints="0" numBranchPoints="0" visitedBranchPoints="0" sequenceCoverage="0" branchCoverage="0" maxCyclomaticComplexity="1" minCyclomaticComplexity="1" visitedClasses="0" numClasses="0" visitedMethods="0" numMethods="0" minCrapScore="1" maxCrapScore="1" />
              <MetadataToken>100663366</MetadataToken>
              <Name>Microsoft.FSharp.Core.FSharpFunc`2&lt;ImageProcessing.MyImage/MyImage,ImageProcessing.MyImage/MyImage&gt; ImageProcessing.Arguments/modificationGpuParser@46-9::Invoke(Brahma.FSharp.ClContext,System.Int32,Microsoft.FSharp.Control.FSharpMailboxProcessor`1&lt;Brahma.FSharp.Msg&gt;)</Name>
              <SequencePoints />
              <BranchPoints />
              <MethodPoint vc="14" uspid="100663366" ordinal="0" offset="0" />
            </Method>
          </Methods>
        </Class>
        <Class>
          <Summary numSequencePoints="7" visitedSequencePoints="0" numBranchPoints="7" visitedBranchPoints="0" sequenceCoverage="0" branchCoverage="0" maxCyclomaticComplexity="6" minCyclomaticComplexity="1" visitedClasses="0" numClasses="1" visitedMethods="0" numMethods="1" minCrapScore="42" maxCrapScore="42" />
          <FullName>ImageProcessing.Arguments/CliArguments</FullName>
          <Methods>
            <Method visited="false" cyclomaticComplexity="6" nPathComplexity="6" sequenceCoverage="0" branchCoverage="0" isConstructor="false" isStatic="false" isGetter="false" isSetter="false" crapScore="42">
              <Summary numSequencePoints="7" visitedSequencePoints="0" numBranchPoints="7" visitedBranchPoints="0" sequenceCoverage="0" branchCoverage="0" maxCyclomaticComplexity="6" minCyclomaticComplexity="6" visitedClasses="0" numClasses="0" visitedMethods="0" numMethods="1" minCrapScore="42" maxCrapScore="42" />
              <MetadataToken>100663390</MetadataToken>
              <Name>System.String ImageProcessing.Arguments/CliArguments::Argu.IArgParserTemplate.get_Usage()</Name>
              <FileRef uid="2" />
              <SequencePoints>
                <SequencePoint vc="0" uspid="68" ordinal="0" offset="0" sl="68" sc="13" el="68" ec="25" bec="6" bev="0" fileid="2" />
                <SequencePoint vc="0" uspid="67" ordinal="1" offset="36" sl="69" sc="25" el="69" ec="71" bec="0" bev="0" fileid="2" />
                <SequencePoint vc="0" uspid="66" ordinal="2" offset="42" sl="70" sc="32" el="70" ec="84" bec="0" bev="0" fileid="2" />
                <SequencePoint vc="0" uspid="65" ordinal="3" offset="48" sl="71" sc="34" el="71" ec="80" bec="0" bev="0" fileid="2" />
                <SequencePoint vc="0" uspid="64" ordinal="4" offset="54" sl="72" sc="30" el="72" ec="68" bec="0" bev="0" fileid="2" />
                <SequencePoint vc="0" uspid="63" ordinal="5" offset="60" sl="73" sc="31" el="73" ec="72" bec="0" bev="0" fileid="2" />
                <SequencePoint vc="0" uspid="62" ordinal="6" offset="66" sl="74" sc="26" el="74" ec="45" bec="0" bev="0" fileid="2" />
              </SequencePoints>
              <BranchPoints>
                <BranchPoint vc="0" uspid="36" ordinal="0" offset="7" sl="68" path="0" offsetend="36" fileid="2" />
                <BranchPoint vc="0" uspid="37" ordinal="1" offset="7" sl="68" path="1" offsetend="54" fileid="2" />
                <BranchPoint vc="0" uspid="38" ordinal="2" offset="7" sl="68" path="2" offsetend="60" fileid="2" />
                <BranchPoint vc="0" uspid="39" ordinal="3" offset="7" sl="68" path="3" offsetend="42" fileid="2" />
                <BranchPoint vc="0" uspid="40" ordinal="4" offset="7" sl="68" path="4" offsetend="48" fileid="2" />
                <BranchPoint vc="0" uspid="41" ordinal="5" offset="7" sl="68" path="5" offsetend="66" fileid="2" />
              </BranchPoints>
              <MethodPoint xsi:type="SequencePoint" vc="0" uspid="68" ordinal="0" offset="0" sl="68" sc="13" el="68" ec="25" bec="6" bev="0" fileid="2" />
            </Method>
          </Methods>
        </Class>
        <Class>
          <Summary numSequencePoints="13" visitedSequencePoints="0" numBranchPoints="9" visitedBranchPoints="0" sequenceCoverage="0" branchCoverage="0" maxCyclomaticComplexity="4" minCyclomaticComplexity="1" visitedClasses="0" numClasses="1" visitedMethods="0" numMethods="3" minCrapScore="2" maxCrapScore="20" />
          <FullName>ImageProcessing.ImageArrayProcessing</FullName>
          <Methods>
            <Method visited="false" cyclomaticComplexity="1" nPathComplexity="0" sequenceCoverage="0" branchCoverage="0" isConstructor="false" isStatic="true" isGetter="true" isSetter="false" crapScore="2">
              <Summary numSequencePoints="0" visitedSequencePoints="0" numBranchPoints="0" visitedBranchPoints="0" sequenceCoverage="0" branchCoverage="0" maxCyclomaticComplexity="1" minCyclomaticComplexity="1" visitedClasses="0" numClasses="0" visitedMethods="0" numMethods="0" minCrapScore="2" maxCrapScore="2" />
              <MetadataToken>100663413</MetadataToken>
              <Name>System.String[] ImageProcessing.ImageArrayProcessing::get_extensions()</Name>
              <SequencePoints />
              <BranchPoints />
              <MethodPoint vc="0" uspid="100663413" ordinal="0" offset="0" />
            </Method>
            <Method visited="false" cyclomaticComplexity="1" nPathComplexity="0" sequenceCoverage="0" branchCoverage="0" isConstructor="false" isStatic="true" isGetter="false" isSetter="false" crapScore="2">
              <Summary numSequencePoints="2" visitedSequencePoints="0" numBranchPoints="1" visitedBranchPoints="0" sequenceCoverage="0" branchCoverage="0" maxCyclomaticComplexity="1" minCyclomaticComplexity="1" visitedClasses="0" numClasses="0" visitedMethods="0" numMethods="1" minCrapScore="2" maxCrapScore="2" />
              <MetadataToken>100663414</MetadataToken>
              <Name>Microsoft.FSharp.Collections.FSharpList`1&lt;System.String&gt; ImageProcessing.ImageArrayProcessing::listAllFiles(System.String)</Name>
              <FileRef uid="3" />
              <SequencePoints>
                <SequencePoint vc="0" uspid="70" ordinal="0" offset="0" sl="26" sc="5" el="26" ec="49" bec="0" bev="0" fileid="3" />
                <SequencePoint vc="0" uspid="69" ordinal="1" offset="7" sl="31" sc="5" el="31" ec="26" bec="0" bev="0" fileid="3" />
              </SequencePoints>
              <BranchPoints />
              <MethodPoint xsi:type="SequencePoint" vc="0" uspid="70" ordinal="0" offset="0" sl="26" sc="5" el="26" ec="49" bec="0" bev="0" fileid="3" />
            </Method>
            <Method visited="false" cyclomaticComplexity="1" nPathComplexity="0" sequenceCoverage="0" branchCoverage="0" isConstructor="false" isStatic="true" isGetter="false" isSetter="false" crapScore="2">
              <Summary numSequencePoints="1" visitedSequencePoints="0" numBranchPoints="1" visitedBranchPoints="0" sequenceCoverage="0" branchCoverage="0" maxCyclomaticComplexity="1" minCyclomaticComplexity="1" visitedClasses="0" numClasses="0" visitedMethods="0" numMethods="1" minCrapScore="2" maxCrapScore="2" />
              <MetadataToken>100663415</MetadataToken>
              <Name>System.Void ImageProcessing.ImageArrayProcessing::helper@53(System.String,Microsoft.FSharp.Core.FSharpFunc`2&lt;ImageProcessing.MyImage/MyImage,ImageProcessing.MyImage/MyImage&gt;,System.String)</Name>
              <FileRef uid="3" />
              <SequencePoints>
                <SequencePoint vc="0" uspid="71" ordinal="0" offset="0" sl="55" sc="13" el="55" ec="104" bec="0" bev="0" fileid="3" />
              </SequencePoints>
              <BranchPoints />
              <MethodPoint xsi:type="SequencePoint" vc="0" uspid="71" ordinal="0" offset="0" sl="55" sc="13" el="55" ec="104" bec="0" bev="0" fileid="3" />
            </Method>
            <Method visited="false" cyclomaticComplexity="4" nPathComplexity="8" sequenceCoverage="0" branchCoverage="0" isConstructor="false" isStatic="true" isGetter="false" isSetter="false" crapScore="20">
              <Summary numSequencePoints="10" visitedSequencePoints="0" numBranchPoints="7" visitedBranchPoints="0" sequenceCoverage="0" branchCoverage="0" maxCyclomaticComplexity="4" minCyclomaticComplexity="4" visitedClasses="0" numClasses="0" visitedMethods="0" numMethods="1" minCrapScore="20" maxCrapScore="20" />
              <MetadataToken>100663416</MetadataToken>
              <Name>System.Void ImageProcessing.ImageArrayProcessing::arrayOfImagesProcessing(System.String,System.String,Microsoft.FSharp.Core.FSharpFunc`2&lt;ImageProcessing.MyImage/MyImage,ImageProcessing.MyImage/MyImage&gt;,ImageProcessing.Types/AgentStatus)</Name>
              <FileRef uid="3" />
              <SequencePoints>
                <SequencePoint vc="0" uspid="81" ordinal="0" offset="0" sl="41" sc="5" el="41" ec="37" bec="0" bev="0" fileid="3" />
                <SequencePoint vc="0" uspid="80" ordinal="1" offset="7" sl="43" sc="5" el="43" ec="26" bec="2" bev="0" fileid="3" />
                <SequencePoint vc="0" uspid="79" ordinal="2" offset="28" sl="44" sc="9" el="44" ec="34" bec="0" bev="0" fileid="3" />
                <SequencePoint vc="0" uspid="78" ordinal="3" offset="34" sl="45" sc="9" el="45" ec="51" bec="0" bev="0" fileid="3" />
                <SequencePoint vc="0" uspid="77" ordinal="4" offset="42" sl="46" sc="9" el="46" ec="66" bec="0" bev="0" fileid="3" />
                <SequencePoint vc="0" uspid="76" ordinal="5" offset="52" sl="48" sc="9" el="48" ec="12" bec="0" bev="0" fileid="3" />
                <SequencePoint vc="0" uspid="75" ordinal="6" offset="75" sl="49" sc="13" el="49" ec="50" bec="0" bev="0" fileid="3" />
                <SequencePoint vc="0" uspid="74" ordinal="7" offset="108" sl="48" sc="18" el="48" ec="20" bec="2" bev="0" fileid="3" />
[...]
              </SequencePoints>
              <BranchPoints />
              <MethodPoint xsi:type="SequencePoint" vc="1488" uspid="276" ordinal="0" offset="0" sl="18" sc="9" el="21" ec="24" bec="0" bev="0" fileid="8" />
            </Method>
            <Method visited="false" cyclomaticComplexity="4" nPathComplexity="0" sequenceCoverage="0" branchCoverage="0" isConstructor="false" isStatic="false" isGetter="false" isSetter="false" crapScore="20">
              <Summary numSequencePoints="0" visitedSequencePoints="0" numBranchPoints="0" visitedBranchPoints="0" sequenceCoverage="0" branchCoverage="0" maxCyclomaticComplexity="4" minCyclomaticComplexity="4" visitedClasses="0" numClasses="0" visitedMethods="0" numMethods="0" minCrapScore="20" maxCrapScore="20" />
              <MetadataToken>100663706</MetadataToken>
              <Name>System.Boolean ImageProcessing.MyImage/MyImage::Equals(ImageProcessing.MyImage/MyImage)</Name>
              <SequencePoints />
              <BranchPoints />
              <MethodPoint vc="0" uspid="100663706" ordinal="0" offset="0" />
            </Method>
            <Method visited="false" cyclomaticComplexity="2" nPathComplexity="0" sequenceCoverage="0" branchCoverage="0" isConstructor="false" isStatic="false" isGetter="false" isSetter="false" crapScore="6">
              <Summary numSequencePoints="0" visitedSequencePoints="0" numBranchPoints="0" visitedBranchPoints="0" sequenceCoverage="0" branchCoverage="0" maxCyclomaticComplexity="2" minCyclomaticComplexity="2" visitedClasses="0" numClasses="0" visitedMethods="0" numMethods="0" minCrapScore="6" maxCrapScore="6" />
              <MetadataToken>100663707</MetadataToken>
              <Name>System.Boolean ImageProcessing.MyImage/MyImage::Equals(System.Object)</Name>
              <SequencePoints />
              <BranchPoints />
              <MethodPoint vc="0" uspid="100663707" ordinal="0" offset="0" />
            </Method>
          </Methods>
        </Class>
        <Class>
          <Summary numSequencePoints="0" visitedSequencePoints="0" numBranchPoints="0" visitedBranchPoints="0" sequenceCoverage="0" branchCoverage="0" maxCyclomaticComplexity="0" minCyclomaticComplexity="0" visitedClasses="0" numClasses="0" visitedMethods="0" numMethods="0" minCrapScore="0" maxCrapScore="0" />
          <FullName>ImageProcessing.Kernels</FullName>
          <Methods>
            <Method visited="true" cyclomaticComplexity="1" nPathComplexity="0" sequenceCoverage="0" branchCoverage="0" isConstructor="false" isStatic="true" isGetter="true" isSetter="false" crapScore="1">
              <Summary numSequencePoints="0" visitedSequencePoints="0" numBranchPoints="0" visitedBranchPoints="0" sequenceCoverage="0" branchCoverage="0" maxCyclomaticComplexity="1" minCyclomaticComplexity="1" visitedClasses="0" numClasses="0" visitedMethods="0" numMethods="0" minCrapScore="1" maxCrapScore="1" />
              <MetadataToken>100663708</MetadataToken>
              <Name>System.Single[][] ImageProcessing.Kernels::get_gaussianBlurKernel()</Name>
              <SequencePoints />
              <BranchPoints />
              <MethodPoint vc="19" uspid="100663708" ordinal="0" offset="0" />
            </Method>
            <Method visited="true" cyclomaticComplexity="1" nPathComplexity="0" sequenceCoverage="0" branchCoverage="0" isConstructor="false" isStatic="true" isGetter="true" isSetter="false" crapScore="1">
              <Summary numSequencePoints="0" visitedSequencePoints="0" numBranchPoints="0" visitedBranchPoints="0" sequenceCoverage="0" branchCoverage="0" maxCyclomaticComplexity="1" minCyclomaticComplexity="1" visitedClasses="0" numClasses="0" visitedMethods="0" numMethods="0" minCrapScore="1" maxCrapScore="1" />
              <MetadataToken>100663709</MetadataToken>
              <Name>System.Int32[][] ImageProcessing.Kernels::get_arg@1()</Name>
              <SequencePoints />
              <BranchPoints />
              <MethodPoint vc="1" uspid="100663709" ordinal="0" offset="0" />
            </Method>
            <Method visited="true" cyclomaticComplexity="1" nPathComplexity="0" sequenceCoverage="0" branchCoverage="0" isConstructor="false" isStatic="true" isGetter="true" isSetter="false" crapScore="1">
              <Summary numSequencePoints="0" visitedSequencePoints="0" numBranchPoints="0" visitedBranchPoints="0" sequenceCoverage="0" branchCoverage="0" maxCyclomaticComplexity="1" minCyclomaticComplexity="1" visitedClasses="0" numClasses="0" visitedMethods="0" numMethods="0" minCrapScore="1" maxCrapScore="1" />
              <MetadataToken>100663710</MetadataToken>
              <Name>System.Int32[][] ImageProcessing.Kernels::get_array@1()</Name>
              <SequencePoints />
              <BranchPoints />
              <MethodPoint vc="7" uspid="100663710" ordinal="0" offset="0" />
            </Method>
            <Method visited="true" cyclomaticComplexity="1" nPathComplexity="0" sequenceCoverage="0" branchCoverage="0" isConstructor="false" isStatic="true" isGetter="true" isSetter="false" crapScore="1">
              <Summary numSequencePoints="0" visitedSequencePoints="0" numBranchPoints="0" visitedBranchPoints="0" sequenceCoverage="0" branchCoverage="0" maxCyclomaticComplexity="1" minCyclomaticComplexity="1" visitedClasses="0" numClasses="0" visitedMethods="0" numMethods="0" minCrapScore="1" maxCrapScore="1" />
              <MetadataToken>100663711</MetadataToken>
              <Name>System.Single[][] ImageProcessing.Kernels::get_res@1()</Name>
              <SequencePoints />
              <BranchPoints />
              <MethodPoint vc="12" uspid="100663711" ordinal="0" offset="0" />
            </Method>
            <Method visited="true" cyclomaticComplexity="1" nPathComplexity="0" sequenceCoverage="0" branchCoverage="0" isConstructor="false" isStatic="true" isGetter="true" isSetter="false" crapScore="1">
              <Summary numSequencePoints="0" visitedSequencePoints="0" numBranchPoints="0" visitedBranchPoints="0" sequenceCoverage="0" branchCoverage="0" maxCyclomaticComplexity="1" minCyclomaticComplexity="1" visitedClasses="0" numClasses="0" visitedMethods="0" numMethods="0" minCrapScore="1" maxCrapScore="1" />
              <MetadataToken>100663712</MetadataToken>
              <Name>System.Single[][] ImageProcessing.Kernels::get_edgesKernel()</Name>
              <SequencePoints />
              <BranchPoints />
              <MethodPoint vc="21" uspid="100663712" ordinal="0" offset="0" />
            </Method>
            <Method visited="true" cyclomaticComplexity="1" nPathComplexity="0" sequenceCoverage="0" branchCoverage="0" isConstructor="false" isStatic="true" isGetter="true" isSetter="false" crapScore="1">
              <Summary numSequencePoints="0" visitedSequencePoints="0" numBranchPoints="0" visitedBranchPoints="0" sequenceCoverage="0" branchCoverage="0" maxCyclomaticComplexity="1" minCyclomaticComplexity="1" visitedClasses="0" numClasses="0" visitedMethods="0" numMethods="0" minCrapScore="1" maxCrapScore="1" />
              <MetadataToken>100663713</MetadataToken>
              <Name>System.Int32[][] ImageProcessing.Kernels::get_arg@1-1()</Name>
              <SequencePoints />
              <BranchPoints />
              <MethodPoint vc="1" uspid="100663713" ordinal="0" offset="0" />
            </Method>
            <Method visited="true" cyclomaticComplexity="1" nPathComplexity="0" sequenceCoverage="0" branchCoverage="0" isConstructor="false" isStatic="true" isGetter="true" isSetter="false" crapScore="1">
              <Summary numSequencePoints="0" visitedSequencePoints="0" numBranchPoints="0" visitedBranchPoints="0" sequenceCoverage="0" branchCoverage="0" maxCyclomaticComplexity="1" minCyclomaticComplexity="1" visitedClasses="0" numClasses="0" visitedMethods="0" numMethods="0" minCrapScore="1" maxCrapScore="1" />
              <MetadataToken>100663714</MetadataToken>
              <Name>System.Int32[][] ImageProcessing.Kernels::get_array@1-1()</Name>
              <SequencePoints />
              <BranchPoints />
              <MethodPoint vc="7" uspid="100663714" ordinal="0" offset="0" />
            </Method>
            <Method visited="true" cyclomaticComplexity="1" nPathComplexity="0" sequenceCoverage="0" branchCoverage="0" isConstructor="false" isStatic="true" isGetter="true" isSetter="false" crapScore="1">
              <Summary numSequencePoints="0" visitedSequencePoints="0" numBranchPoints="0" visitedBranchPoints="0" sequenceCoverage="0" branchCoverage="0" maxCyclomaticComplexity="1" minCyclomaticComplexity="1" visitedClasses="0" numClasses="0" visitedMethods="0" numMethods="0" minCrapScore="1" maxCrapScore="1" />
              <MetadataToken>100663715</MetadataToken>
              <Name>System.Single[][] ImageProcessing.Kernels::get_res@1-1()</Name>
              <SequencePoints />
              <BranchPoints />
              <MethodPoint vc="12" uspid="100663715" ordinal="0" offset="0" />
            </Method>
            <Method visited="true" cyclomaticComplexity="1" nPathComplexity="0" sequenceCoverage="0" branchCoverage="0" isConstructor="false" isStatic="true" isGetter="true" isSetter="false" crapScore="1">
              <Summary numSequencePoints="0" visitedSequencePoints="0" numBranchPoints="0" visitedBranchPoints="0" sequenceCoverage="0" branchCoverage="0" maxCyclomaticComplexity="1" minCyclomaticComplexity="1" visitedClasses="0" numClasses="0" visitedMethods="0" numMethods="0" minCrapScore="1" maxCrapScore="1" />
              <MetadataToken>100663716</MetadataToken>
              <Name>System.Single[][] ImageProcessing.Kernels::get_gaussianBlur7x7Kernel()</Name>
              <SequencePoints />
              <BranchPoints />
              <MethodPoint vc="22" uspid="100663716" ordinal="0" offset="0" />
            </Method>
            <Method visited="true" cyclomaticComplexity="1" nPathComplexity="0" sequenceCoverage="0" branchCoverage="0" isConstructor="false" isStatic="true" isGetter="true" isSetter="false" crapScore="1">
              <Summary numSequencePoints="0" visitedSequencePoints="0" numBranchPoints="0" visitedBranchPoints="0" sequenceCoverage="0" branchCoverage="0" maxCyclomaticComplexity="1" minCyclomaticComplexity="1" visitedClasses="0" numClasses="0" visitedMethods="0" numMethods="0" minCrapScore="1" maxCrapScore="1" />
              <MetadataToken>100663717</MetadataToken>
              <Name>System.Int32[][] ImageProcessing.Kernels::get_arg@1-2()</Name>
              <SequencePoints />
              <BranchPoints />
              <MethodPoint vc="1" uspid="100663717" ordinal="0" offset="0" />
            </Method>
            <Method visited="true" cyclomaticComplexity="1" nPathComplexity="0" sequenceCoverage="0" branchCoverage="0" isConstructor="false" isStatic="true" isGetter="true" isSetter="false" crapScore="1">
              <Summary numSequencePoints="0" visitedSequencePoints="0" numBranchPoints="0" visitedBranchPoints="0" sequenceCoverage="0" branchCoverage="0" maxCyclomaticComplexity="1" minCyclomaticComplexity="1" visitedClasses="0" numClasses="0" visitedMethods="0" numMethods="0" minCrapScore="1" maxCrapScore="1" />
              <MetadataToken>100663718</MetadataToken>
              <Name>System.Int32[][] ImageProcessing.Kernels::get_array@1-2()</Name>
              <SequencePoints />
              <BranchPoints />
              <MethodPoint vc="9" uspid="100663718" ordinal="0" offset="0" />
            </Method>
            <Method visited="true" cyclomaticComplexity="1" nPathComplexity="0" sequenceCoverage="0" branchCoverage="0" isConstructor="false" isStatic="true" isGetter="true" isSetter="false" crapScore="1">
              <Summary numSequencePoints="0" visitedSequencePoints="0" numBranchPoints="0" visitedBranchPoints="0" sequenceCoverage="0" branchCoverage="0" maxCyclomaticComplexity="1" minCyclomaticComplexity="1" visitedClasses="0" numClasses="0" visitedMethods="0" numMethods="0" minCrapScore="1" maxCrapScore="1" />
              <MetadataToken>100663719</MetadataToken>
              <Name>System.Single[][] ImageProcessing.Kernels::get_res@1-2()</Name>
              <SequencePoints />
              <BranchPoints />
              <MethodPoint vc="16" uspid="100663719" ordinal="0" offset="0" />
            </Method>
            <Method visited="true" cyclomaticComplexity="1" nPathComplexity="0" sequenceCoverage="0" branchCoverage="0" isConstructor="false" isStatic="true" isGetter="true" isSetter="false" crapScore="1">
              <Summary numSequencePoints="0" visitedSequencePoints="0" numBranchPoints="0" visitedBranchPoints="0" sequenceCoverage="0" branchCoverage="0" maxCyclomaticComplexity="1" minCyclomaticComplexity="1" visitedClasses="0" numClasses="0" visitedMethods="0" numMethods="0" minCrapScore="1" maxCrapScore="1" />
              <MetadataToken>100663720</MetadataToken>
              <Name>System.Single[][] ImageProcessing.Kernels::get_sharpenKernel()</Name>
              <SequencePoints />
              <BranchPoints />
              <MethodPoint vc="15" uspid="100663720" ordinal="0" offset="0" />
            </Method>
            <Method visited="true" cyclomaticComplexity="1" nPathComplexity="0" sequenceCoverage="0" branchCoverage="0" isConstructor="false" isStatic="true" isGetter="true" isSetter="false" crapScore="1">
              <Summary numSequencePoints="0" visitedSequencePoints="0" numBranchPoints="0" visitedBranchPoints="0" sequenceCoverage="0" branchCoverage="0" maxCyclomaticComplexity="1" minCyclomaticComplexity="1" visitedClasses="0" numClasses="0" visitedMethods="0" numMethods="0" minCrapScore="1" maxCrapScore="1" />
              <MetadataToken>100663721</MetadataToken>
              <Name>System.Int32[][] ImageProcessing.Kernels::get_arg@1-3()</Name>
              <SequencePoints />
              <BranchPoints />
              <MethodPoint vc="1" uspid="100663721" ordinal="0" offset="0" />
            </Method>
            <Method visited="true" cyclomaticComplexity="1" nPathComplexity="0" sequenceCoverage="0" branchCoverage="0" isConstructor="false" isStatic="true" isGetter="true" isSetter="false" crapScore="1">
              <Summary numSequencePoints="0" visitedSequencePoints="0" numBranchPoints="0" visitedBranchPoints="0" sequenceCoverage="0" branchCoverage="0" maxCyclomaticComplexity="1" minCyclomaticComplexity="1" visitedClasses="0" numClasses="0" visitedMethods="0" numMethods="0" minCrapScore="1" maxCrapScore="1" />
              <MetadataToken>100663722</MetadataToken>
              <Name>System.Int32[][] ImageProcessing.Kernels::get_array@1-3()</Name>
              <SequencePoints />
              <BranchPoints />
              <MethodPoint vc="7" uspid="100663722" ordinal="0" offset="0" />
            </Method>
            <Method visited="true" cyclomaticComplexity="1" nPathComplexity="0" sequenceCoverage="0" branchCoverage="0" isConstructor="false" isStatic="true" isGetter="true" isSetter="false" crapScore="1">
              <Summary numSequencePoints="0" visitedSequencePoints="0" numBranchPoints="0" visitedBranchPoints="0" sequenceCoverage="0" branchCoverage="0" maxCyclomaticComplexity="1" minCyclomaticComplexity="1" visitedClasses="0" numClasses="0" visitedMethods="0" numMethods="0" minCrapScore="1" maxCrapScore="1" />
              <MetadataToken>100663723</MetadataToken>
              <Name>System.Single[][] ImageProcessing.Kernels::get_res@1-3()</Name>
              <SequencePoints />
              <BranchPoints />
              <MethodPoint vc="12" uspid="100663723" ordinal="0" offset="0" />
            </Method>
            <Method visited="true" cyclomaticComplexity="1" nPathComplexity="0" sequenceCoverage="0" branchCoverage="0" isConstructor="false" isStatic="true" isGetter="true" isSetter="false" crapScore="1">
              <Summary numSequencePoints="0" visitedSequencePoints="0" numBranchPoints="0" visitedBranchPoints="0" sequenceCoverage="0" branchCoverage="0" maxCyclomaticComplexity="1" minCyclomaticComplexity="1" visitedClasses="0" numClasses="0" visitedMethods="0" numMethods="0" minCrapScore="1" maxCrapScore="1" />
              <MetadataToken>100663724</MetadataToken>
              <Name>System.Single[][] ImageProcessing.Kernels::get_embossKernel()</Name>
              <SequencePoints />
              <BranchPoints />
              <MethodPoint vc="17" uspid="100663724" ordinal="0" offset="0" />
            </Method>
            <Method visited="true" cyclomaticComplexity="1" nPathComplexity="0" sequenceCoverage="0" branchCoverage="0" isConstructor="true" isStatic="true" isGetter="false" isSetter="false" crapScore="1">
              <Summary numSequencePoints="0" visitedSequencePoints="0" numBranchPoints="0" visitedBranchPoints="0" sequenceCoverage="0" branchCoverage="0" maxCyclomaticComplexity="1" minCyclomaticComplexity="1" visitedClasses="0" numClasses="0" visitedMethods="0" numMethods="0" minCrapScore="1" maxCrapScore="1" />
              <MetadataToken>100663725</MetadataToken>
              <Name>System.Void ImageProcessing.Kernels::.cctor()</Name>
              <SequencePoints />
              <BranchPoints />
              <MethodPoint vc="1" uspid="100663725" ordinal="0" offset="0" />
            </Method>
          </Methods>
        </Class>
        <Class>
          <Summary numSequencePoints="5" visitedSequencePoints="5" numBranchPoints="1" visitedBranchPoints="0" sequenceCoverage="100" branchCoverage="0" maxCyclomaticComplexity="17" minCyclomaticComplexity="1" visitedClasses="1" numClasses="1" visitedMethods="1" numMethods="1" minCrapScore="17" maxCrapScore="17" />
          <FullName>&lt;StartupCode$ImageProcessing&gt;.$ImageProcessing.Kernels</FullName>
          <Methods>
            <Method visited="true" cyclomaticComplexity="17" nPathComplexity="0" sequenceCoverage="100" branchCoverage="0" isConstructor="true" isStatic="true" isGetter="false" isSetter="false" crapScore="17">
              <Summary numSequencePoints="5" visitedSequencePoints="5" numBranchPoints="1" visitedBranchPoints="0" sequenceCoverage="100" branchCoverage="0" maxCyclomaticComplexity="17" minCyclomaticComplexity="17" visitedClasses="0" numClasses="0" visitedMethods="1" numMethods="1" minCrapScore="17" maxCrapScore="17" />
              <MetadataToken>100663726</MetadataToken>
              <Name>System.Void &lt;StartupCode$ImageProcessing&gt;.$ImageProcessing.Kernels::.cctor()</Name>
              <FileRef uid="9" />
              <SequencePoints>
                <SequencePoint vc="1" uspid="281" ordinal="0" offset="0" sl="7" sc="5" el="12" ec="61" bec="0" bev="0" fileid="9" />
                <SequencePoint vc="1" uspid="280" ordinal="1" offset="458" sl="15" sc="5" el="20" ec="37" bec="0" bev="0" fileid="9" />
                <SequencePoint vc="1" uspid="279" ordinal="2" offset="897" sl="23" sc="5" el="30" ec="62" bec="0" bev="0" fileid="9" />
                <SequencePoint vc="1" uspid="278" ordinal="3" offset="1249" sl="33" sc="5" el="38" ec="59" bec="0" bev="0" fileid="9" />
                <SequencePoint vc="1" uspid="277" ordinal="4" offset="1698" sl="40" sc="1" el="45" ec="35" bec="0" bev="0" fileid="9" />
              </SequencePoints>
              <BranchPoints />
              <MethodPoint xsi:type="SequencePoint" vc="1" uspid="281" ordinal="0" offset="0" sl="7" sc="5" el="12" ec="61" bec="0" bev="0" fileid="9" />
            </Method>
          </Methods>
        </Class>
      </Classes>
    </Module>
    <Module skippedDueTo="Filter" hash="F4-6C-54-D9-A4-B7-AE-C0-7B-62-E6-8C-19-54-95-4E-D1-30-C9-E1">
      <ModulePath>C:\Users\Леонид\ImageProcessing\tests\ImageProcessing.Tests\bin\Release\net7.0\ImageProcessing.Tests.dll</ModulePath>
      <ModuleTime>2023-12-16T20:04:10.5468079Z</ModuleTime>
      <ModuleName>ImageProcessing.Tests</ModuleName>
      <Classes />
    </Module>
  </Modules>
</CoverageSession>