<?xml version="1.0" encoding="utf-8" standalone="yes"?>
<CoverageSession xmlns:xsd="http://www.w3.org/2001/XMLSchema" xmlns:xsi="http://www.w3.org/2001/XMLSchema-instance">
  <Summary numSequencePoints="175" visitedSequencePoints="102" numBranchPoints="141" visitedBranchPoints="81" sequenceCoverage="58.29" branchCoverage="57.45" maxCyclomaticComplexity="17" minCyclomaticComplexity="1" visitedClasses="11" numClasses="27" visitedMethods="17" numMethods="38" minCrapScore="1" maxCrapScore="30" />
  <Modules>
    <Module hash="28-FA-AB-A5-88-0B-D5-88-D3-C5-48-DE-2B-1D-49-D3-AE-24-21-7A">
      <Summary numSequencePoints="175" visitedSequencePoints="102" numBranchPoints="141" visitedBranchPoints="81" sequenceCoverage="58.29" branchCoverage="57.45" maxCyclomaticComplexity="17" minCyclomaticComplexity="1" visitedClasses="11" numClasses="27" visitedMethods="17" numMethods="38" minCrapScore="1" maxCrapScore="30" />
      <ModulePath>C:\Users\Леонид\ImageProcessing\tests\ImageProcessing.Tests\bin\Debug\net7.0\ImageProcessing.dll</ModulePath>
      <ModuleTime>2023-03-16T17:32:44.6323838Z</ModuleTime>
      <ModuleName>ImageProcessing</ModuleName>
      <Files>
        <File uid="1" fullPath="C:\Users\Леонид\ImageProcessing\src\ImageProcessing\Main.fs" />
        <File uid="2" fullPath="C:\Users\Леонид\ImageProcessing\src\ImageProcessing\Arguments.fs" />
        <File uid="3" fullPath="C:\Users\Леонид\ImageProcessing\src\ImageProcessing\ImageArrayProcessing.fs" />
        <File uid="4" fullPath="C:\Users\Леонид\ImageProcessing\src\ImageProcessing\Agents.fs" />
        <File uid="5" fullPath="C:\Users\Леонид\ImageProcessing\src\ImageProcessing\CpuImageProcessing.fs" />
      </Files>
      <Classes>
        <Class>
          <Summary numSequencePoints="18" visitedSequencePoints="0" numBranchPoints="9" visitedBranchPoints="0" sequenceCoverage="0" branchCoverage="0" maxCyclomaticComplexity="5" minCyclomaticComplexity="1" visitedClasses="0" numClasses="1" visitedMethods="0" numMethods="1" minCrapScore="30" maxCrapScore="30" />
          <FullName>ImageProcessing.Main</FullName>
          <Methods>
            <Method visited="false" cyclomaticComplexity="5" nPathComplexity="16" sequenceCoverage="0" branchCoverage="0" isConstructor="false" isStatic="true" isGetter="false" isSetter="false" crapScore="30">
              <Summary numSequencePoints="18" visitedSequencePoints="0" numBranchPoints="9" visitedBranchPoints="0" sequenceCoverage="0" branchCoverage="0" maxCyclomaticComplexity="5" minCyclomaticComplexity="5" visitedClasses="0" numClasses="0" visitedMethods="0" numMethods="1" minCrapScore="30" maxCrapScore="30" />
              <MetadataToken>100663297</MetadataToken>
              <Name>System.Int32 ImageProcessing.Main::main(System.String[])</Name>
              <FileRef uid="1" />
              <SequencePoints>
                <SequencePoint vc="0" uspid="17" ordinal="0" offset="0" sl="12" sc="9" el="12" ec="81" bec="0" bev="0" fileid="1" />
                <SequencePoint vc="0" uspid="16" ordinal="1" offset="25" sl="13" sc="9" el="13" ec="52" bec="0" bev="0" fileid="1" />
                <SequencePoint vc="0" uspid="15" ordinal="2" offset="176" sl="14" sc="9" el="14" ec="54" bec="0" bev="0" fileid="1" />
                <SequencePoint vc="0" uspid="14" ordinal="3" offset="327" sl="16" sc="9" el="16" ec="47" bec="2" bev="0" fileid="1" />
                <SequencePoint vc="0" uspid="13" ordinal="4" offset="516" sl="17" sc="30" el="17" ec="61" bec="0" bev="0" fileid="1" />
                <SequencePoint vc="0" uspid="12" ordinal="5" offset="702" sl="17" sc="65" el="17" ec="92" bec="0" bev="0" fileid="1" />
                <SequencePoint vc="0" uspid="11" ordinal="6" offset="715" sl="19" sc="13" el="19" ec="34" bec="2" bev="0" fileid="1" />
                <SequencePoint vc="0" uspid="10" ordinal="7" offset="724" sl="20" sc="21" el="20" ec="62" bec="0" bev="0" fileid="1" />
                <SequencePoint vc="0" uspid="9" ordinal="8" offset="746" sl="22" sc="17" el="22" ec="62" bec="0" bev="0" fileid="1" />
                <SequencePoint vc="0" uspid="8" ordinal="9" offset="759" sl="24" sc="17" el="24" ec="65" bec="2" bev="0" fileid="1" />
                <SequencePoint vc="0" uspid="7" ordinal="10" offset="784" sl="26" sc="21" el="26" ec="52" bec="2" bev="0" fileid="1" />
                <SequencePoint vc="0" uspid="6" ordinal="11" offset="936" sl="27" sc="25" el="27" ec="91" bec="0" bev="0" fileid="1" />
                <SequencePoint vc="0" uspid="5" ordinal="12" offset="954" sl="29" sc="25" el="29" ec="92" bec="0" bev="0" fileid="1" />
                <SequencePoint vc="0" uspid="4" ordinal="13" offset="972" sl="31" sc="21" el="31" ec="54" bec="0" bev="0" fileid="1" />
                <SequencePoint vc="0" uspid="3" ordinal="14" offset="980" sl="32" sc="21" el="32" ec="53" bec="0" bev="0" fileid="1" />
                <SequencePoint vc="0" uspid="2" ordinal="15" offset="991" sl="33" sc="21" el="33" ec="50" bec="0" bev="0" fileid="1" />
                <SequencePoint vc="0" uspid="1" ordinal="16" offset="1003" sl="35" sc="13" el="35" ec="61" bec="0" bev="0" fileid="1" />
                <SequencePoint vc="0" uspid="0" ordinal="17" offset="1020" sl="37" sc="9" el="37" ec="10" bec="0" bev="0" fileid="1" />
              </SequencePoints>
              <BranchPoints>
                <BranchPoint vc="0" uspid="0" ordinal="0" offset="511" sl="16" path="0" offsetend="516" fileid="1" />
                <BranchPoint vc="0" uspid="1" ordinal="1" offset="511" sl="16" path="1" offsetend="1003" fileid="1" />
                <BranchPoint vc="0" uspid="2" ordinal="2" offset="722" sl="19" path="0" offsetend="724" fileid="1" />
                <BranchPoint vc="0" uspid="3" ordinal="3" offset="722" sl="19" path="1" offsetend="746" fileid="1" />
                <BranchPoint vc="0" uspid="4" ordinal="4" offset="779" sl="24" path="0" offsetend="784" fileid="1" />
                <BranchPoint vc="0" uspid="5" ordinal="5" offset="779" sl="24" path="1" offsetend="972" fileid="1" />
                <BranchPoint vc="0" uspid="6" ordinal="6" offset="934" sl="26" path="0" offsetend="936" fileid="1" />
                <BranchPoint vc="0" uspid="7" ordinal="7" offset="934" sl="26" path="1" offsetend="954" fileid="1" />
              </BranchPoints>
              <MethodPoint xsi:type="SequencePoint" vc="0" uspid="17" ordinal="0" offset="0" sl="12" sc="9" el="12" ec="81" bec="0" bev="0" fileid="1" />
            </Method>
          </Methods>
        </Class>
        <Class>
          <Summary numSequencePoints="0" visitedSequencePoints="0" numBranchPoints="0" visitedBranchPoints="0" sequenceCoverage="0" branchCoverage="0" maxCyclomaticComplexity="0" minCyclomaticComplexity="0" visitedClasses="0" numClasses="0" visitedMethods="0" numMethods="0" minCrapScore="0" maxCrapScore="0" />
          <FullName>ImageProcessing.Main/listOfFunc@17</FullName>
          <Methods>
            <Method visited="false" cyclomaticComplexity="1" nPathComplexity="0" sequenceCoverage="0" branchCoverage="0" isConstructor="false" isStatic="false" isGetter="false" isSetter="false" crapScore="2">
              <Summary numSequencePoints="0" visitedSequencePoints="0" numBranchPoints="0" visitedBranchPoints="0" sequenceCoverage="0" branchCoverage="0" maxCyclomaticComplexity="1" minCyclomaticComplexity="1" visitedClasses="0" numClasses="0" visitedMethods="0" numMethods="0" minCrapScore="2" maxCrapScore="2" />
              <MetadataToken>100663299</MetadataToken>
              <Name>Microsoft.FSharp.Core.FSharpFunc`2&lt;CpuImageProcessing/MyImage,CpuImageProcessing/MyImage&gt; ImageProcessing.Main/listOfFunc@17::Invoke(Arguments/Modifications)</Name>
              <SequencePoints />
              <BranchPoints />
              <MethodPoint vc="0" uspid="100663299" ordinal="0" offset="0" />
            </Method>
            <Method visited="false" cyclomaticComplexity="1" nPathComplexity="0" sequenceCoverage="0" branchCoverage="0" isConstructor="true" isStatic="true" isGetter="false" isSetter="false" crapScore="2">
              <Summary numSequencePoints="0" visitedSequencePoints="0" numBranchPoints="0" visitedBranchPoints="0" sequenceCoverage="0" branchCoverage="0" maxCyclomaticComplexity="1" minCyclomaticComplexity="1" visitedClasses="0" numClasses="0" visitedMethods="0" numMethods="0" minCrapScore="2" maxCrapScore="2" />
              <MetadataToken>100663300</MetadataToken>
              <Name>System.Void ImageProcessing.Main/listOfFunc@17::.cctor()</Name>
              <SequencePoints />
              <BranchPoints />
              <MethodPoint vc="0" uspid="100663300" ordinal="0" offset="0" />
            </Method>
          </Methods>
        </Class>
        <Class>
          <Summary numSequencePoints="0" visitedSequencePoints="0" numBranchPoints="0" visitedBranchPoints="0" sequenceCoverage="0" branchCoverage="0" maxCyclomaticComplexity="0" minCyclomaticComplexity="0" visitedClasses="0" numClasses="0" visitedMethods="0" numMethods="0" minCrapScore="0" maxCrapScore="0" />
          <FullName>ImageProcessing.Main/composition@22</FullName>
          <Methods>
            <Method visited="false" cyclomaticComplexity="1" nPathComplexity="0" sequenceCoverage="0" branchCoverage="0" isConstructor="false" isStatic="false" isGetter="false" isSetter="false" crapScore="2">
              <Summary numSequencePoints="0" visitedSequencePoints="0" numBranchPoints="0" visitedBranchPoints="0" sequenceCoverage="0" branchCoverage="0" maxCyclomaticComplexity="1" minCyclomaticComplexity="1" visitedClasses="0" numClasses="0" visitedMethods="0" numMethods="0" minCrapScore="2" maxCrapScore="2" />
              <MetadataToken>100663302</MetadataToken>
              <Name>CpuImageProcessing/MyImage ImageProcessing.Main/composition@22::Invoke(Microsoft.FSharp.Core.FSharpFunc`2&lt;CpuImageProcessing/MyImage,CpuImageProcessing/MyImage&gt;,Microsoft.FSharp.Core.FSharpFunc`2&lt;CpuImageProcessing/MyImage,CpuImageProcessing/MyImage&gt;,CpuImageProcessing/MyImage)</Name>
              <SequencePoints />
              <BranchPoints />
              <MethodPoint vc="0" uspid="100663302" ordinal="0" offset="0" />
            </Method>
            <Method visited="false" cyclomaticComplexity="1" nPathComplexity="0" sequenceCoverage="0" branchCoverage="0" isConstructor="true" isStatic="true" isGetter="false" isSetter="false" crapScore="2">
              <Summary numSequencePoints="0" visitedSequencePoints="0" numBranchPoints="0" visitedBranchPoints="0" sequenceCoverage="0" branchCoverage="0" maxCyclomaticComplexity="1" minCyclomaticComplexity="1" visitedClasses="0" numClasses="0" visitedMethods="0" numMethods="0" minCrapScore="2" maxCrapScore="2" />
              <MetadataToken>100663303</MetadataToken>
              <Name>System.Void ImageProcessing.Main/composition@22::.cctor()</Name>
              <SequencePoints />
              <BranchPoints />
              <MethodPoint vc="0" uspid="100663303" ordinal="0" offset="0" />
            </Method>
          </Methods>
        </Class>
        <Class>
          <Summary numSequencePoints="8" visitedSequencePoints="8" numBranchPoints="8" visitedBranchPoints="8" sequenceCoverage="100" branchCoverage="100" maxCyclomaticComplexity="7" minCyclomaticComplexity="1" visitedClasses="1" numClasses="1" visitedMethods="1" numMethods="1" minCrapScore="7" maxCrapScore="7" />
          <FullName>Arguments</FullName>
          <Methods>
            <Method visited="true" cyclomaticComplexity="7" nPathComplexity="7" sequenceCoverage="100" branchCoverage="100" isConstructor="false" isStatic="true" isGetter="false" isSetter="false" crapScore="7">
              <Summary numSequencePoints="8" visitedSequencePoints="8" numBranchPoints="8" visitedBranchPoints="8" sequenceCoverage="100" branchCoverage="100" maxCyclomaticComplexity="7" minCyclomaticComplexity="7" visitedClasses="0" numClasses="0" visitedMethods="1" numMethods="1" minCrapScore="7" maxCrapScore="7" />
              <MetadataToken>100663304</MetadataToken>
              <Name>Microsoft.FSharp.Core.FSharpFunc`2&lt;CpuImageProcessing/MyImage,CpuImageProcessing/MyImage&gt; Arguments::modificationParser(Arguments/Modifications)</Name>
              <FileRef uid="2" />
              <SequencePoints>
                <SequencePoint vc="100" uspid="25" ordinal="0" offset="0" sl="16" sc="5" el="16" ec="28" bec="7" bev="7" fileid="2" />
                <SequencePoint vc="15" uspid="24" ordinal="1" offset="40" sl="17" sc="19" el="17" ec="56" bec="0" bev="0" fileid="2" />
                <SequencePoint vc="11" uspid="23" ordinal="2" offset="53" sl="18" sc="19" el="18" ec="59" bec="0" bev="0" fileid="2" />
                <SequencePoint vc="10" uspid="22" ordinal="3" offset="66" sl="19" sc="16" el="19" ec="46" bec="0" bev="0" fileid="2" />
                <SequencePoint vc="15" uspid="21" ordinal="4" offset="79" sl="20" sc="18" el="20" ec="50" bec="0" bev="0" fileid="2" />
                <SequencePoint vc="14" uspid="20" ordinal="5" offset="92" sl="21" sc="17" el="21" ec="48" bec="0" bev="0" fileid="2" />
                <SequencePoint vc="15" uspid="19" ordinal="6" offset="107" sl="22" sc="28" el="22" ec="54" bec="0" bev="0" fileid="2" />
                <SequencePoint vc="20" uspid="18" ordinal="7" offset="122" sl="23" sc="35" el="23" ec="60" bec="0" bev="0" fileid="2" />
              </SequencePoints>
              <BranchPoints>
                <BranchPoint vc="15" uspid="8" ordinal="0" offset="7" sl="16" path="0" offsetend="40" fileid="2" />
                <BranchPoint vc="11" uspid="9" ordinal="1" offset="7" sl="16" path="1" offsetend="53" fileid="2" />
                <BranchPoint vc="10" uspid="10" ordinal="2" offset="7" sl="16" path="2" offsetend="66" fileid="2" />
                <BranchPoint vc="15" uspid="11" ordinal="3" offset="7" sl="16" path="3" offsetend="79" fileid="2" />
                <BranchPoint vc="14" uspid="12" ordinal="4" offset="7" sl="16" path="4" offsetend="92" fileid="2" />
                <BranchPoint vc="15" uspid="13" ordinal="5" offset="7" sl="16" path="5" offsetend="107" fileid="2" />
                <BranchPoint vc="20" uspid="14" ordinal="6" offset="7" sl="16" path="6" offsetend="122" fileid="2" />
              </BranchPoints>
              <MethodPoint xsi:type="SequencePoint" vc="100" uspid="25" ordinal="0" offset="0" sl="16" sc="5" el="16" ec="28" bec="7" bev="0" fileid="2" />
            </Method>
          </Methods>
        </Class>
        <Class>
          <Summary numSequencePoints="0" visitedSequencePoints="0" numBranchPoints="0" visitedBranchPoints="0" sequenceCoverage="0" branchCoverage="0" maxCyclomaticComplexity="0" minCyclomaticComplexity="0" visitedClasses="0" numClasses="0" visitedMethods="0" numMethods="0" minCrapScore="0" maxCrapScore="0" />
          <FullName>Arguments/modificationParser@17</FullName>
          <Methods>
            <Method visited="true" cyclomaticComplexity="1" nPathComplexity="0" sequenceCoverage="0" branchCoverage="0" isConstructor="false" isStatic="false" isGetter="false" isSetter="false" crapScore="1">
              <Summary numSequencePoints="0" visitedSequencePoints="0" numBranchPoints="0" visitedBranchPoints="0" sequenceCoverage="0" branchCoverage="0" maxCyclomaticComplexity="1" minCyclomaticComplexity="1" visitedClasses="0" numClasses="0" visitedMethods="0" numMethods="0" minCrapScore="1" maxCrapScore="1" />
              <MetadataToken>100663333</MetadataToken>
              <Name>CpuImageProcessing/MyImage Arguments/modificationParser@17::Invoke(CpuImageProcessing/MyImage)</Name>
              <SequencePoints />
              <BranchPoints />
              <MethodPoint vc="15" uspid="100663333" ordinal="0" offset="0" />
            </Method>
          </Methods>
        </Class>
        <Class>
          <Summary numSequencePoints="0" visitedSequencePoints="0" numBranchPoints="0" visitedBranchPoints="0" sequenceCoverage="0" branchCoverage="0" maxCyclomaticComplexity="0" minCyclomaticComplexity="0" visitedClasses="0" numClasses="0" visitedMethods="0" numMethods="0" minCrapScore="0" maxCrapScore="0" />
          <FullName>Arguments/modificationParser@18-1</FullName>
          <Methods>
            <Method visited="true" cyclomaticComplexity="1" nPathComplexity="0" sequenceCoverage="0" branchCoverage="0" isConstructor="false" isStatic="false" isGetter="false" isSetter="false" crapScore="1">
              <Summary numSequencePoints="0" visitedSequencePoints="0" numBranchPoints="0" visitedBranchPoints="0" sequenceCoverage="0" branchCoverage="0" maxCyclomaticComplexity="1" minCyclomaticComplexity="1" visitedClasses="0" numClasses="0" visitedMethods="0" numMethods="0" minCrapScore="1" maxCrapScore="1" />
              <MetadataToken>100663335</MetadataToken>
              <Name>CpuImageProcessing/MyImage Arguments/modificationParser@18-1::Invoke(CpuImageProcessing/MyImage)</Name>
              <SequencePoints />
              <BranchPoints />
              <MethodPoint vc="11" uspid="100663335" ordinal="0" offset="0" />
            </Method>
          </Methods>
        </Class>
        <Class>
          <Summary numSequencePoints="0" visitedSequencePoints="0" numBranchPoints="0" visitedBranchPoints="0" sequenceCoverage="0" branchCoverage="0" maxCyclomaticComplexity="0" minCyclomaticComplexity="0" visitedClasses="0" numClasses="0" visitedMethods="0" numMethods="0" minCrapScore="0" maxCrapScore="0" />
          <FullName>Arguments/modificationParser@19-2</FullName>
          <Methods>
            <Method visited="true" cyclomaticComplexity="1" nPathComplexity="0" sequenceCoverage="0" branchCoverage="0" isConstructor="false" isStatic="false" isGetter="false" isSetter="false" crapScore="1">
              <Summary numSequencePoints="0" visitedSequencePoints="0" numBranchPoints="0" visitedBranchPoints="0" sequenceCoverage="0" branchCoverage="0" maxCyclomaticComplexity="1" minCyclomaticComplexity="1" visitedClasses="0" numClasses="0" visitedMethods="0" numMethods="0" minCrapScore="1" maxCrapScore="1" />
              <MetadataToken>100663337</MetadataToken>
              <Name>CpuImageProcessing/MyImage Arguments/modificationParser@19-2::Invoke(CpuImageProcessing/MyImage)</Name>
              <SequencePoints />
              <BranchPoints />
              <MethodPoint vc="10" uspid="100663337" ordinal="0" offset="0" />
            </Method>
          </Methods>
        </Class>
        <Class>
          <Summary numSequencePoints="0" visitedSequencePoints="0" numBranchPoints="0" visitedBranchPoints="0" sequenceCoverage="0" branchCoverage="0" maxCyclomaticComplexity="0" minCyclomaticComplexity="0" visitedClasses="0" numClasses="0" visitedMethods="0" numMethods="0" minCrapScore="0" maxCrapScore="0" />
          <FullName>Arguments/modificationParser@20-3</FullName>
          <Methods>
            <Method visited="true" cyclomaticComplexity="1" nPathComplexity="0" sequenceCoverage="0" branchCoverage="0" isConstructor="false" isStatic="false" isGetter="false" isSetter="false" crapScore="1">
              <Summary numSequencePoints="0" visitedSequencePoints="0" numBranchPoints="0" visitedBranchPoints="0" sequenceCoverage="0" branchCoverage="0" maxCyclomaticComplexity="1" minCyclomaticComplexity="1" visitedClasses="0" numClasses="0" visitedMethods="0" numMethods="0" minCrapScore="1" maxCrapScore="1" />
              <MetadataToken>100663339</MetadataToken>
              <Name>CpuImageProcessing/MyImage Arguments/modificationParser@20-3::Invoke(CpuImageProcessing/MyImage)</Name>
              <SequencePoints />
              <BranchPoints />
              <MethodPoint vc="15" uspid="100663339" ordinal="0" offset="0" />
            </Method>
          </Methods>
        </Class>
        <Class>
          <Summary numSequencePoints="0" visitedSequencePoints="0" numBranchPoints="0" visitedBranchPoints="0" sequenceCoverage="0" branchCoverage="0" maxCyclomaticComplexity="0" minCyclomaticComplexity="0" visitedClasses="0" numClasses="0" visitedMethods="0" numMethods="0" minCrapScore="0" maxCrapScore="0" />
          <FullName>Arguments/modificationParser@21-4</FullName>
          <Methods>
            <Method visited="true" cyclomaticComplexity="1" nPathComplexity="0" sequenceCoverage="0" branchCoverage="0" isConstructor="false" isStatic="false" isGetter="false" isSetter="false" crapScore="1">
              <Summary numSequencePoints="0" visitedSequencePoints="0" numBranchPoints="0" visitedBranchPoints="0" sequenceCoverage="0" branchCoverage="0" maxCyclomaticComplexity="1" minCyclomaticComplexity="1" visitedClasses="0" numClasses="0" visitedMethods="0" numMethods="0" minCrapScore="1" maxCrapScore="1" />
              <MetadataToken>100663341</MetadataToken>
              <Name>CpuImageProcessing/MyImage Arguments/modificationParser@21-4::Invoke(CpuImageProcessing/MyImage)</Name>
              <SequencePoints />
              <BranchPoints />
              <MethodPoint vc="14" uspid="100663341" ordinal="0" offset="0" />
            </Method>
          </Methods>
        </Class>
        <Class>
          <Summary numSequencePoints="0" visitedSequencePoints="0" numBranchPoints="0" visitedBranchPoints="0" sequenceCoverage="0" branchCoverage="0" maxCyclomaticComplexity="0" minCyclomaticComplexity="0" visitedClasses="0" numClasses="0" visitedMethods="0" numMethods="0" minCrapScore="0" maxCrapScore="0" />
          <FullName>Arguments/modificationParser@22-5</FullName>
          <Methods>
            <Method visited="true" cyclomaticComplexity="1" nPathComplexity="0" sequenceCoverage="0" branchCoverage="0" isConstructor="false" isStatic="false" isGetter="false" isSetter="false" crapScore="1">
              <Summary numSequencePoints="0" visitedSequencePoints="0" numBranchPoints="0" visitedBranchPoints="0" sequenceCoverage="0" branchCoverage="0" maxCyclomaticComplexity="1" minCyclomaticComplexity="1" visitedClasses="0" numClasses="0" visitedMethods="0" numMethods="0" minCrapScore="1" maxCrapScore="1" />
              <MetadataToken>100663343</MetadataToken>
              <Name>CpuImageProcessing/MyImage Arguments/modificationParser@22-5::Invoke(CpuImageProcessing/MyImage)</Name>
              <SequencePoints />
              <BranchPoints />
              <MethodPoint vc="15" uspid="100663343" ordinal="0" offset="0" />
            </Method>
          </Methods>
        </Class>
        <Class>
          <Summary numSequencePoints="0" visitedSequencePoints="0" numBranchPoints="0" visitedBranchPoints="0" sequenceCoverage="0" branchCoverage="0" maxCyclomaticComplexity="0" minCyclomaticComplexity="0" visitedClasses="0" numClasses="0" visitedMethods="0" numMethods="0" minCrapScore="0" maxCrapScore="0" />
          <FullName>Arguments/modificationParser@23-6</FullName>
          <Methods>
            <Method visited="true" cyclomaticComplexity="1" nPathComplexity="0" sequenceCoverage="0" branchCoverage="0" isConstructor="false" isStatic="false" isGetter="false" isSetter="false" crapScore="1">
              <Summary numSequencePoints="0" visitedSequencePoints="0" numBranchPoints="0" visitedBranchPoints="0" sequenceCoverage="0" branchCoverage="0" maxCyclomaticComplexity="1" minCyclomaticComplexity="1" visitedClasses="0" numClasses="0" visitedMethods="0" numMethods="0" minCrapScore="1" maxCrapScore="1" />
              <MetadataToken>100663345</MetadataToken>
              <Name>CpuImageProcessing/MyImage Arguments/modificationParser@23-6::Invoke(CpuImageProcessing/MyImage)</Name>
              <SequencePoints />
              <BranchPoints />
              <MethodPoint vc="20" uspid="100663345" ordinal="0" offset="0" />
            </Method>
          </Methods>
        </Class>
        <Class>
          <Summary numSequencePoints="5" visitedSequencePoints="0" numBranchPoints="5" visitedBranchPoints="0" sequenceCoverage="0" branchCoverage="0" maxCyclomaticComplexity="4" minCyclomaticComplexity="1" visitedClasses="0" numClasses="1" visitedMethods="0" numMethods="1" minCrapScore="20" maxCrapScore="20" />
          <FullName>Arguments/CliArguments</FullName>
          <Methods>
            <Method visited="false" cyclomaticComplexity="4" nPathComplexity="4" sequenceCoverage="0" branchCoverage="0" isConstructor="false" isStatic="false" isGetter="false" isSetter="false" crapScore="20">
              <Summary numSequencePoints="5" visitedSequencePoints="0" numBranchPoints="5" visitedBranchPoints="0" sequenceCoverage="0" branchCoverage="0" maxCyclomaticComplexity="4" minCyclomaticComplexity="4" visitedClasses="0" numClasses="0" visitedMethods="0" numMethods="1" minCrapScore="20" maxCrapScore="20" />
              <MetadataToken>100663365</MetadataToken>
              <Name>System.String Arguments/CliArguments::Argu.IArgParserTemplate.get_Usage()</Name>
              <FileRef uid="2" />
              <SequencePoints>
                <SequencePoint vc="0" uspid="30" ordinal="0" offset="2" sl="33" sc="13" el="33" ec="25" bec="4" bev="0" fileid="2" />
                <SequencePoint vc="0" uspid="29" ordinal="1" offset="31" sl="34" sc="25" el="34" ec="71" bec="0" bev="0" fileid="2" />
                <SequencePoint vc="0" uspid="28" ordinal="2" offset="44" sl="35" sc="34" el="35" ec="80" bec="0" bev="0" fileid="2" />
                <SequencePoint vc="0" uspid="27" ordinal="3" offset="57" sl="36" sc="30" el="36" ec="68" bec="0" bev="0" fileid="2" />
                <SequencePoint vc="0" uspid="26" ordinal="4" offset="71" sl="37" sc="31" el="37" ec="72" bec="0" bev="0" fileid="2" />
              </SequencePoints>
              <BranchPoints>
                <BranchPoint vc="0" uspid="15" ordinal="0" offset="10" sl="33" path="0" offsetend="31" fileid="2" />
                <BranchPoint vc="0" uspid="16" ordinal="1" offset="10" sl="33" path="1" offsetend="50" fileid="2" />
                <BranchPoint vc="0" uspid="17" ordinal="2" offset="10" sl="33" path="2" offsetend="63" fileid="2" />
                <BranchPoint vc="0" uspid="18" ordinal="3" offset="10" sl="33" path="3" offsetend="37" fileid="2" />
              </BranchPoints>
              <MethodPoint xsi:type="SequencePoint" vc="0" uspid="30" ordinal="0" offset="2" sl="33" sc="13" el="33" ec="25" bec="4" bev="0" fileid="2" />
            </Method>
          </Methods>
        </Class>
        <Class>
          <Summary numSequencePoints="12" visitedSequencePoints="0" numBranchPoints="8" visitedBranchPoints="0" sequenceCoverage="0" branchCoverage="0" maxCyclomaticComplexity="4" minCyclomaticComplexity="1" visitedClasses="0" numClasses="1" visitedMethods="0" numMethods="2" minCrapScore="2" maxCrapScore="20" />
          <FullName>ImageArrayProcessing</FullName>
          <Methods>
            <Method visited="false" cyclomaticComplexity="1" nPathComplexity="0" sequenceCoverage="0" branchCoverage="0" isConstructor="false" isStatic="true" isGetter="true" isSetter="false" crapScore="2">
              <Summary numSequencePoints="0" visitedSequencePoints="0" numBranchPoints="0" visitedBranchPoints="0" sequenceCoverage="0" branchCoverage="0" maxCyclomaticComplexity="1" minCyclomaticComplexity="1" visitedClasses="0" numClasses="0" visitedMethods="0" numMethods="0" minCrapScore="2" maxCrapScore="2" />
              <MetadataToken>100663380</MetadataToken>
              <Name>System.String[] ImageArrayProcessing::get_extensions()</Name>
              <SequencePoints />
              <BranchPoints />
              <MethodPoint vc="0" uspid="100663380" ordinal="0" offset="0" />
            </Method>
            <Method visited="false" cyclomaticComplexity="1" nPathComplexity="0" sequenceCoverage="0" branchCoverage="0" isConstructor="false" isStatic="true" isGetter="false" isSetter="false" crapScore="2">
              <Summary numSequencePoints="3" visitedSequencePoints="0" numBranchPoints="1" visitedBranchPoints="0" sequenceCoverage="0" branchCoverage="0" maxCyclomaticComplexity="1" minCyclomaticComplexity="1" visitedClasses="0" numClasses="0" visitedMethods="0" numMethods="1" minCrapScore="2" maxCrapScore="2" />
              <MetadataToken>100663381</MetadataToken>
              <Name>Microsoft.FSharp.Collections.FSharpList`1&lt;System.String&gt; ImageArrayProcessing::listAllFiles(System.String)</Name>
              <FileRef uid="3" />
              <SequencePoints>
                <SequencePoint vc="0" uspid="33" ordinal="0" offset="0" sl="19" sc="5" el="19" ec="49" bec="0" bev="0" fileid="3" />
                <SequencePoint vc="0" uspid="32" ordinal="1" offset="7" sl="21" sc="5" el="22" ec="106" bec="0" bev="0" fileid="3" />
                <SequencePoint vc="0" uspid="31" ordinal="2" offset="19" sl="24" sc="5" el="24" ec="26" bec="0" bev="0" fileid="3" />
              </SequencePoints>
              <BranchPoints />
              <MethodPoint xsi:type="SequencePoint" vc="0" uspid="33" ordinal="0" offset="0" sl="19" sc="5" el="19" ec="49" bec="0" bev="0" fileid="3" />
            </Method>
            <Method visited="false" cyclomaticComplexity="4" nPathComplexity="8" sequenceCoverage="0" branchCoverage="0" isConstructor="false" isStatic="true" isGetter="false" isSetter="false" crapScore="20">
              <Summary numSequencePoints="9" visitedSequencePoints="0" numBranchPoints="7" visitedBranchPoints="0" sequenceCoverage="0" branchCoverage="0" maxCyclomaticComplexity="4" minCyclomaticComplexity="4" visitedClasses="0" numClasses="0" visitedMethods="0" numMethods="1" minCrapScore="20" maxCrapScore="20" />
              <MetadataToken>100663382</MetadataToken>
              <Name>System.Void ImageArrayProcessing::arrayOfImagesProcessing(System.String,System.String,Microsoft.FSharp.Core.FSharpFunc`2&lt;CpuImageProcessing/MyImage,CpuImageProcessing/MyImage&gt;,Agents/AgentStatus)</Name>
              <FileRef uid="3" />
              <SequencePoints>
                <SequencePoint vc="0" uspid="42" ordinal="0" offset="0" sl="27" sc="5" el="27" ec="37" bec="0" bev="0" fileid="3" />
                <SequencePoint vc="0" uspid="41" ordinal="1" offset="7" sl="29" sc="5" el="29" ec="26" bec="2" bev="0" fileid="3" />
                <SequencePoint vc="0" uspid="40" ordinal="2" offset="30" sl="30" sc="9" el="30" ec="44" bec="0" bev="0" fileid="3" />
                <SequencePoint vc="0" uspid="39" ordinal="3" offset="37" sl="31" sc="9" el="31" ec="59" bec="0" bev="0" fileid="3" />
                <SequencePoint vc="0" uspid="38" ordinal="4" offset="46" sl="33" sc="9" el="33" ec="12" bec="0" bev="0" fileid="3" />
                <SequencePoint vc="0" uspid="37" ordinal="5" offset="69" sl="34" sc="13" el="34" ec="50" bec="0" bev="0" fileid="3" />
                <SequencePoint vc="0" uspid="36" ordinal="6" offset="102" sl="33" sc="18" el="33" ec="20" bec="2" bev="0" fileid="3" />
                <SequencePoint vc="0" uspid="35" ordinal="7" offset="106" sl="36" sc="9" el="36" ec="35" bec="0" bev="0" fileid="3" />
                <SequencePoint vc="0" uspid="34" ordinal="8" offset="130" sl="42" sc="9" el="42" ec="30" bec="2" bev="0" fileid="3" />
              </SequencePoints>
              <BranchPoints>
                <BranchPoint vc="0" uspid="19" ordinal="0" offset="28" sl="29" path="0" offsetend="30" fileid="3" />
                <BranchPoint vc="0" uspid="20" ordinal="1" offset="28" sl="29" path="1" offsetend="121" fileid="3" />
                <BranchPoint vc="0" uspid="21" ordinal="2" offset="104" sl="33" path="0" offsetend="106" fileid="3" />
                <BranchPoint vc="0" uspid="22" ordinal="3" offset="104" sl="33" path="1" offsetend="60" fileid="3" />
                <BranchPoint vc="0" uspid="23" ordinal="4" offset="186" sl="42" path="0" offsetend="188" fileid="3" />
                <BranchPoint vc="0" uspid="24" ordinal="5" offset="186" sl="42" path="1" offsetend="152" fileid="3" />
              </BranchPoints>
              <MethodPoint xsi:type="SequencePoint" vc="0" uspid="42" ordinal="0" offset="0" sl="27" sc="5" el="27" ec="37" bec="0" bev="0" fileid="3" />
            </Method>
          </Methods>
        </Class>
        <Class>
          <Summary numSequencePoints="1" visitedSequencePoints="0" numBranchPoints="1" visitedBranchPoints="0" sequenceCoverage="0" branchCoverage="0" maxCyclomaticComplexity="4" minCyclomaticComplexity="1" visitedClasses="0" numClasses="1" visitedMethods="0" numMethods="1" minCrapScore="20" maxCrapScore="20" />
          <FullName>ImageArrayProcessing/filtered@22</FullName>
          <Methods>
            <Method visited="false" cyclomaticComplexity="4" nPathComplexity="0" sequenceCoverage="0" branchCoverage="0" isConstructor="false" isStatic="false" isGetter="false" isSetter="false" crapScore="20">
              <Summary numSequencePoints="1" visitedSequencePoints="0" numBranchPoints="1" visitedBranchPoints="0" sequenceCoverage="0" branchCoverage="0" maxCyclomaticComplexity="4" minCyclomaticComplexity="4" visitedClasses="0" numClasses="0" visitedMethods="0" numMethods="1" minCrapScore="20" maxCrapScore="20" />
              <MetadataToken>100663384</MetadataToken>
              <Name>System.Boolean ImageArrayProcessing/filtered@22::Invoke(System.String)</Name>
              <FileRef uid="3" />
              <SequencePoints>
                <SequencePoint vc="0" uspid="43" ordinal="0" offset="0" sl="22" sc="42" el="22" ec="99" bec="0" bev="0" fileid="3" />
              </SequencePoints>
              <BranchPoints />
              <MethodPoint xsi:type="SequencePoint" vc="0" uspid="43" ordinal="0" offset="0" sl="22" sc="42" el="22" ec="99" bec="0" bev="0" fileid="3" />
            </Method>
            <Method visited="false" cyclomaticComplexity="1" nPathComplexity="0" sequenceCoverage="0" branchCoverage="0" isConstructor="true" isStatic="true" isGetter="false" isSetter="false" crapScore="2">
              <Summary numSequencePoints="0" visitedSequencePoints="0" numBranchPoints="0" visitedBranchPoints="0" sequenceCoverage="0" branchCoverage="0" maxCyclomaticComplexity="1" minCyclomaticComplexity="1" visitedClasses="0" numClasses="0" visitedMethods="0" numMethods="0" minCrapScore="2" maxCrapScore="2" />
              <MetadataToken>100663385</MetadataToken>
              <Name>System.Void ImageArrayProcessing/filtered@22::.cctor()</Name>
              <SequencePoints />
              <BranchPoints />
              <MethodPoint vc="0" uspid="100663385" ordinal="0" offset="0" />
            </Method>
          </Methods>
        </Class>
        <Class>
          <Summary numSequencePoints="0" visitedSequencePoints="0" numBranchPoints="0" visitedBranchPoints="0" sequenceCoverage="0" branchCoverage="0" maxCyclomaticComplexity="0" minCyclomaticComplexity="0" visitedClasses="0" numClasses="0" visitedMethods="0" numMethods="0" minCrapScore="0" maxCrapScore="0" />
          <FullName>ImageArrayProcessing/arrayOfImagesProcessing@36</FullName>
          <Methods>
            <Method visited="false" cyclomaticComplexity="1" nPathComplexity="0" sequenceCoverage="0" branchCoverage="0" isConstructor="false" isStatic="false" isGetter="false" isSetter="false" crapScore="2">
              <Summary numSequencePoints="0" visitedSequencePoints="0" numBranchPoints="0" visitedBranchPoints="0" sequenceCoverage="0" branchCoverage="0" maxCyclomaticComplexity="1" minCyclomaticComplexity="1" visitedClasses="0" numClasses="0" visitedMethods="0" numMethods="0" minCrapScore="2" maxCrapScore="2" />
              <MetadataToken>100663387</MetadataToken>
              <Name>Agents/Msg ImageArrayProcessing/arrayOfImagesProcessing@36::Invoke(Microsoft.FSharp.Control.FSharpAsyncReplyChannel`1&lt;Microsoft.FSharp.Core.Unit&gt;)</Name>
              <SequencePoints />
              <BranchPoints />
              <MethodPoint vc="0" uspid="100663387" ordinal="0" offset="0" />
            </Method>
            <Method visited="false" cyclomaticComplexity="1" nPathComplexity="0" sequenceCoverage="0" branchCoverage="0" isConstructor="true" isStatic="true" isGetter="false" isSetter="false" crapScore="2">
              <Summary numSequencePoints="0" visitedSequencePoints="0" numBranchPoints="0" visitedBranchPoints="0" sequenceCoverage="0" branchCoverage="0" maxCyclomaticComplexity="1" minCyclomaticComplexity="1" visitedClasses="0" numClasses="0" visitedMethods="0" numMethods="0" minCrapScore="2" maxCrapScore="2" />
              <MetadataToken>100663388</MetadataToken>
              <Name>System.Void ImageArrayProcessing/arrayOfImagesProcessing@36::.cctor()</Name>
              <SequencePoints />
              <BranchPoints />
              <MethodPoint vc="0" uspid="100663388" ordinal="0" offset="0" />
            </Method>
          </Methods>
        </Class>
        <Class>
          <Summary numSequencePoints="2" visitedSequencePoints="0" numBranchPoints="1" visitedBranchPoints="0" sequenceCoverage="0" branchCoverage="0" maxCyclomaticComplexity="1" minCyclomaticComplexity="1" visitedClasses="0" numClasses="1" visitedMethods="0" numMethods="1" minCrapScore="2" maxCrapScore="2" />
          <FullName>ImageArrayProcessing/helper@39</FullName>
          <Methods>
            <Method visited="false" cyclomaticComplexity="1" nPathComplexity="0" sequenceCoverage="0" branchCoverage="0" isConstructor="false" isStatic="false" isGetter="false" isSetter="false" crapScore="2">
              <Summary numSequencePoints="2" visitedSequencePoints="0" numBranchPoints="1" visitedBranchPoints="0" sequenceCoverage="0" branchCoverage="0" maxCyclomaticComplexity="1" minCyclomaticComplexity="1" visitedClasses="0" numClasses="0" visitedMethods="0" numMethods="1" minCrapScore="2" maxCrapScore="2" />
              <MetadataToken>100663390</MetadataToken>
              <Name>Microsoft.FSharp.Core.Unit ImageArrayProcessing/helper@39::Invoke(System.String)</Name>
              <FileRef uid="3" />
              <SequencePoints>
                <SequencePoint vc="0" uspid="45" ordinal="0" offset="0" sl="39" sc="13" el="39" ec="61" bec="0" bev="0" fileid="3" />
                <SequencePoint vc="0" uspid="44" ordinal="1" offset="18" sl="40" sc="13" el="40" ec="104" bec="0" bev="0" fileid="3" />
              </SequencePoints>
              <BranchPoints />
              <MethodPoint xsi:type="SequencePoint" vc="0" uspid="45" ordinal="0" offset="0" sl="39" sc="13" el="39" ec="61" bec="0" bev="0" fileid="3" />
            </Method>
          </Methods>
        </Class>
        <Class>
          <Summary numSequencePoints="1" visitedSequencePoints="0" numBranchPoints="1" visitedBranchPoints="0" sequenceCoverage="0" branchCoverage="0" maxCyclomaticComplexity="1" minCyclomaticComplexity="1" visitedClasses="0" numClasses="1" visitedMethods="0" numMethods="1" minCrapScore="2" maxCrapScore="2" />
          <FullName>&lt;StartupCode$ImageProcessing&gt;.$ImageArrayProcessing</FullName>
          <Methods>
            <Method visited="false" cyclomaticComplexity="1" nPathComplexity="0" sequenceCoverage="0" branchCoverage="0" isConstructor="true" isStatic="true" isGetter="false" isSetter="false" crapScore="2">
              <Summary numSequencePoints="1" visitedSequencePoints="0" numBranchPoints="1" visitedBranchPoints="0" sequenceCoverage="0" branchCoverage="0" maxCyclomaticComplexity="1" minCyclomaticComplexity="1" visitedClasses="0" numClasses="0" visitedMethods="0" numMethods="1" minCrapScore="2" maxCrapScore="2" />
              <MetadataToken>100663391</MetadataToken>
              <Name>System.Void &lt;StartupCode$ImageProcessing&gt;.$ImageArrayProcessing::.cctor()</Name>
              <FileRef uid="3" />
              <SequencePoints>
                <SequencePoint vc="0" uspid="46" ordinal="0" offset="0" sl="6" sc="1" el="16" ec="18" bec="0" bev="0" fileid="3" />
              </SequencePoints>
              <BranchPoints />
              <MethodPoint xsi:type="SequencePoint" vc="0" uspid="46" ordinal="0" offset="0" sl="6" sc="1" el="16" ec="18" bec="0" bev="0" fileid="3" />
            </Method>
          </Methods>
        </Class>
        <Class>
          <Summary numSequencePoints="5" visitedSequencePoints="0" numBranchPoints="3" visitedBranchPoints="0" sequenceCoverage="0" branchCoverage="0" maxCyclomaticComplexity="1" minCyclomaticComplexity="1" visitedClasses="0" numClasses="1" visitedMethods="0" numMethods="3" minCrapScore="2" maxCrapScore="2" />
          <FullName>Agents</FullName>
          <Methods>
            <Method visited="false" cyclomaticComplexity="1" nPathComplexity="0" sequenceCoverage="0" branchCoverage="0" isConstructor="false" isStatic="true" isGetter="false" isSetter="false" crapScore="2">
              <Summary numSequencePoints="2" visitedSequencePoints="0" numBranchPoints="1" visitedBranchPoints="0" sequenceCoverage="0" branchCoverage="0" maxCyclomaticComplexity="1" minCyclomaticComplexity="1" visitedClasses="0" numClasses="0" visitedMethods="0" numMethods="1" minCrapScore="2" maxCrapScore="2" />
              <MetadataToken>100663392</MetadataToken>
              <Name>Microsoft.FSharp.Collections.FSharpList`1&lt;System.String&gt; Agents::listAllFiles(System.String)</Name>
              <FileRef uid="4" />
              <SequencePoints>
                <SequencePoint vc="0" uspid="48" ordinal="0" offset="0" sl="6" sc="5" el="6" ec="49" bec="0" bev="0" fileid="4" />
                <SequencePoint vc="0" uspid="47" ordinal="1" offset="7" sl="7" sc="5" el="7" ec="23" bec="0" bev="0" fileid="4" />
              </SequencePoints>
              <BranchPoints />
              <MethodPoint xsi:type="SequencePoint" vc="0" uspid="48" ordinal="0" offset="0" sl="6" sc="5" el="6" ec="49" bec="0" bev="0" fileid="4" />
            </Method>
            <Method visited="false" cyclomaticComplexity="1" nPathComplexity="0" sequenceCoverage="0" branchCoverage="0" isConstructor="false" isStatic="true" isGetter="false" isSetter="false" crapScore="2">
              <Summary numSequencePoints="1" visitedSequencePoints="0" numBranchPoints="1" visitedBranchPoints="0" sequenceCoverage="0" branchCoverage="0" maxCyclomaticComplexity="1" minCyclomaticComplexity="1" visitedClasses="0" numClasses="0" visitedMethods="0" numMethods="1" minCrapScore="2" maxCrapScore="2" />
              <MetadataToken>100663393</MetadataToken>
              <Name>Microsoft.FSharp.Control.FSharpMailboxProcessor`1&lt;Agents/Msg&gt; Agents::imgSaver(System.String)</Name>
              <FileRef uid="4" />
              <SequencePoints>
                <SequencePoint vc="0" uspid="49" ordinal="0" offset="7" sl="20" sc="5" el="35" ec="17" bec="0" bev="0" fileid="4" />
              </SequencePoints>
              <BranchPoints />
              <MethodPoint xsi:type="SequencePoint" vc="0" uspid="49" ordinal="0" offset="7" sl="20" sc="5" el="35" ec="17" bec="0" bev="0" fileid="4" />
            </Method>
            <Method visited="false" cyclomaticComplexity="1" nPathComplexity="0" sequenceCoverage="0" branchCoverage="0" isConstructor="false" isStatic="true" isGetter="false" isSetter="false" crapScore="2">
              <Summary numSequencePoints="2" visitedSequencePoints="0" numBranchPoints="1" visitedBranchPoints="0" sequenceCoverage="0" branchCoverage="0" maxCyclomaticComplexity="1" minCyclomaticComplexity="1" visitedClasses="0" numClasses="0" visitedMethods="0" numMethods="1" minCrapScore="2" maxCrapScore="2" />
              <MetadataToken>100663394</MetadataToken>
              <Name>Microsoft.FSharp.Control.FSharpMailboxProcessor`1&lt;Agents/Msg&gt; Agents::imgProcessor(Microsoft.FSharp.Core.FSharpFunc`2&lt;CpuImageProcessing/MyImage,CpuImageProcessing/MyImage&gt;,Microsoft.FSharp.Control.FSharpMailboxProcessor`1&lt;Agents/Msg&gt;)</Name>
              <FileRef uid="4" />
              <SequencePoints>
                <SequencePoint vc="0" uspid="51" ordinal="0" offset="0" sl="39" sc="5" el="39" ec="34" bec="0" bev="0" fileid="4" />
                <SequencePoint vc="0" uspid="50" ordinal="1" offset="2" sl="41" sc="5" el="59" ec="17" bec="0" bev="0" fileid="4" />
              </SequencePoints>
              <BranchPoints />
              <MethodPoint xsi:type="SequencePoint" vc="0" uspid="51" ordinal="0" offset="0" sl="39" sc="5" el="39" ec="34" bec="0" bev="0" fileid="4" />
            </Method>
          </Methods>
        </Class>
        <Class>
          <Summary numSequencePoints="1" visitedSequencePoints="0" numBranchPoints="1" visitedBranchPoints="0" sequenceCoverage="0" branchCoverage="0" maxCyclomaticComplexity="1" minCyclomaticComplexity="1" visitedClasses="0" numClasses="1" visitedMethods="0" numMethods="1" minCrapScore="2" maxCrapScore="2" />
          <FullName>Agents/outFile@18</FullName>
          <Methods>
            <Method visited="false" cyclomaticComplexity="1" nPathComplexity="0" sequenceCoverage="0" branchCoverage="0" isConstructor="false" isStatic="false" isGetter="false" isSetter="false" crapScore="2">
              <Summary numSequencePoints="1" visitedSequencePoints="0" numBranchPoints="1" visitedBranchPoints="0" sequenceCoverage="0" branchCoverage="0" maxCyclomaticComplexity="1" minCyclomaticComplexity="1" visitedClasses="0" numClasses="0" visitedMethods="0" numMethods="1" minCrapScore="2" maxCrapScore="2" />
              <MetadataToken>100663434</MetadataToken>
              <Name>System.String Agents/outFile@18::Invoke(System.String)</Name>
              <FileRef uid="4" />
              <SequencePoints>
                <SequencePoint vc="0" uspid="52" ordinal="0" offset="0" sl="18" sc="37" el="18" ec="76" bec="0" bev="0" fileid="4" />
              </SequencePoints>
              <BranchPoints />
              <MethodPoint xsi:type="SequencePoint" vc="0" uspid="52" ordinal="0" offset="0" sl="18" sc="37" el="18" ec="76" bec="0" bev="0" fileid="4" />
            </Method>
          </Methods>
        </Class>
        <Class>
          <Summary numSequencePoints="6" visitedSequencePoints="0" numBranchPoints="3" visitedBranchPoints="0" sequenceCoverage="0" branchCoverage="0" maxCyclomaticComplexity="2" minCyclomaticComplexity="1" visitedClasses="0" numClasses="1" visitedMethods="0" numMethods="1" minCrapScore="6" maxCrapScore="6" />
          <FullName>Agents/loop@25-2</FullName>
          <Methods>
            <Method visited="false" cyclomaticComplexity="2" nPathComplexity="2" sequenceCoverage="0" branchCoverage="0" isConstructor="false" isStatic="false" isGetter="false" isSetter="false" crapScore="6">
              <Summary numSequencePoints="6" visitedSequencePoints="0" numBranchPoints="3" visitedBranchPoints="0" sequenceCoverage="0" branchCoverage="0" maxCyclomaticComplexity="2" minCyclomaticComplexity="2" visitedClasses="0" numClasses="0" visitedMethods="0" numMethods="1" minCrapScore="6" maxCrapScore="6" />
              <MetadataToken>100663436</MetadataToken>
              <Name>Microsoft.FSharp.Control.FSharpAsync`1&lt;Microsoft.FSharp.Core.Unit&gt; Agents/loop@25-2::Invoke(Agents/Msg)</Name>
              <FileRef uid="4" />
              <SequencePoints>
                <SequencePoint vc="0" uspid="58" ordinal="0" offset="2" sl="25" sc="17" el="25" ec="31" bec="2" bev="0" fileid="4" />
                <SequencePoint vc="0" uspid="57" ordinal="1" offset="28" sl="27" sc="21" el="27" ec="55" bec="0" bev="0" fileid="4" />
                <SequencePoint vc="0" uspid="56" ordinal="2" offset="44" sl="28" sc="21" el="28" ec="31" bec="0" bev="0" fileid="4" />
                <SequencePoint vc="0" uspid="55" ordinal="3" offset="81" sl="30" sc="21" el="30" ec="50" bec="0" bev="0" fileid="4" />
                <SequencePoint vc="0" uspid="54" ordinal="4" offset="145" sl="31" sc="21" el="31" ec="53" bec="0" bev="0" fileid="4" />
                <SequencePoint vc="0" uspid="53" ordinal="5" offset="171" sl="32" sc="21" el="32" ec="36" bec="0" bev="0" fileid="4" />
              </SequencePoints>
              <BranchPoints>
                <BranchPoint vc="0" uspid="25" ordinal="0" offset="10" sl="25" path="0" offsetchain="12" offsetend="64" fileid="4" />
                <BranchPoint vc="0" uspid="26" ordinal="1" offset="10" sl="25" path="1" offsetend="14" fileid="4" />
              </BranchPoints>
              <MethodPoint xsi:type="SequencePoint" vc="0" uspid="58" ordinal="0" offset="2" sl="25" sc="17" el="25" ec="31" bec="2" bev="0" fileid="4" />
            </Method>
          </Methods>
        </Class>
        <Class>
          <Summary numSequencePoints="0" visitedSequencePoints="0" numBranchPoints="0" visitedBranchPoints="0" sequenceCoverage="0" branchCoverage="0" maxCyclomaticComplexity="0" minCyclomaticComplexity="0" visitedClasses="0" numClasses="0" visitedMethods="0" numMethods="0" minCrapScore="0" maxCrapScore="0" />
          <FullName>Agents/loop@23-3</FullName>
          <Methods>
            <Method visited="false" cyclomaticComplexity="1" nPathComplexity="0" sequenceCoverage="0" branchCoverage="0" isConstructor="false" isStatic="false" isGetter="false" isSetter="false" crapScore="2">
              <Summary numSequencePoints="0" visitedSequencePoints="0" numBranchPoints="0" visitedBranchPoints="0" sequenceCoverage="0" branchCoverage="0" maxCyclomaticComplexity="1" minCyclomaticComplexity="1" visitedClasses="0" numClasses="0" visitedMethods="0" numMethods="0" minCrapScore="2" maxCrapScore="2" />
              <MetadataToken>100663438</MetadataToken>
              <Name>Microsoft.FSharp.Control.AsyncReturn Agents/loop@23-3::Invoke(Microsoft.FSharp.Control.AsyncActivation`1&lt;Microsoft.FSharp.Core.Unit&gt;)</Name>
              <SequencePoints />
              <BranchPoints />
              <MethodPoint vc="0" uspid="100663438" ordinal="0" offset="0" />
            </Method>
          </Methods>
        </Class>
        <Class>
          <Summary numSequencePoints="1" visitedSequencePoints="0" numBranchPoints="1" visitedBranchPoints="0" sequenceCoverage="0" branchCoverage="0" maxCyclomaticComplexity="1" minCyclomaticComplexity="1" visitedClasses="0" numClasses="1" visitedMethods="0" numMethods="1" minCrapScore="2" maxCrapScore="2" />
          <FullName>Agents/loop@23-1</FullName>
          <Methods>
            <Method visited="false" cyclomaticComplexity="1" nPathComplexity="0" sequenceCoverage="0" branchCoverage="0" isConstructor="false" isStatic="false" isGetter="false" isSetter="false" crapScore="2">
              <Summary numSequencePoints="1" visitedSequencePoints="0" numBranchPoints="1" visitedBranchPoints="0" sequenceCoverage="0" branchCoverage="0" maxCyclomaticComplexity="1" minCyclomaticComplexity="1" visitedClasses="0" numClasses="0" visitedMethods="0" numMethods="1" minCrapScore="2" maxCrapScore="2" />
              <MetadataToken>100663440</MetadataToken>
              <Name>Microsoft.FSharp.Control.FSharpAsync`1&lt;Microsoft.FSharp.Core.Unit&gt; Agents/loop@23-1::Invoke(Microsoft.FSharp.Core.Unit)</Name>
              <FileRef uid="4" />
              <SequencePoints>
                <SequencePoint vc="0" uspid="59" ordinal="0" offset="0" sl="23" sc="17" el="23" ec="43" bec="0" bev="0" fileid="4" />
              </SequencePoints>
              <BranchPoints />
              <MethodPoint xsi:type="SequencePoint" vc="0" uspid="59" ordinal="0" offset="0" sl="23" sc="17" el="23" ec="43" bec="0" bev="0" fileid="4" />
            </Method>
          </Methods>
        </Class>
        <Class>
          <Summary numSequencePoints="1" visitedSequencePoints="0" numBranchPoints="1" visitedBranchPoints="0" sequenceCoverage="0" branchCoverage="0" maxCyclomaticComplexity="1" minCyclomaticComplexity="1" visitedClasses="0" numClasses="1" visitedMethods="0" numMethods="1" minCrapScore="2" maxCrapScore="2" />
          <FullName>Agents/loop@22</FullName>
          <Methods>
            <Method visited="false" cyclomaticComplexity="1" nPathComplexity="0" sequenceCoverage="0" branchCoverage="0" isConstructor="false" isStatic="false" isGetter="false" isSetter="false" crapScore="2">
              <Summary numSequencePoints="1" visitedSequencePoints="0" numBranchPoints="1" visitedBranchPoints="0" sequenceCoverage="0" branchCoverage="0" maxCyclomaticComplexity="1" minCyclomaticComplexity="1" visitedClasses="0" numClasses="0" visitedMethods="0" numMethods="1" minCrapScore="2" maxCrapScore="2" />
              <MetadataToken>100663442</MetadataToken>
              <Name>Microsoft.FSharp.Control.FSharpAsync`1&lt;Microsoft.FSharp.Core.Unit&gt; Agents/loop@22::Invoke(Microsoft.FSharp.Core.Unit)</Name>
              <FileRef uid="4" />
              <SequencePoints>
                <SequencePoint vc="0" uspid="60" ordinal="0" offset="0" sl="22" sc="13" el="22" ec="18" bec="0" bev="0" fileid="4" />
              </SequencePoints>
              <BranchPoints />
              <MethodPoint xsi:type="SequencePoint" vc="0" uspid="60" ordinal="0" offset="0" sl="22" sc="13" el="22" ec="18" bec="0" bev="0" fileid="4" />
            </Method>
          </Methods>
        </Class>
        <Class>
          <Summary numSequencePoints="1" visitedSequencePoints="0" numBranchPoints="1" visitedBranchPoints="0" sequenceCoverage="0" branchCoverage="0" maxCyclomaticComplexity="1" minCyclomaticComplexity="1" visitedClasses="0" numClasses="1" visitedMethods="0" numMethods="1" minCrapScore="2" maxCrapScore="2" />
          <FullName>Agents/imgSaver@20</FullName>
          <Methods>
            <Method visited="false" cyclomaticComplexity="1" nPathComplexity="0" sequenceCoverage="0" branchCoverage="0" isConstructor="false" isStatic="false" isGetter="false" isSetter="false" crapScore="2">
              <Summary numSequencePoints="1" visitedSequencePoints="0" numBranchPoints="1" visitedBranchPoints="0" sequenceCoverage="0" branchCoverage="0" maxCyclomaticComplexity="1" minCyclomaticComplexity="1" visitedClasses="0" numClasses="0" visitedMethods="0" numMethods="1" minCrapScore="2" maxCrapScore="2" />
              <MetadataToken>100663444</MetadataToken>
              <Name>Microsoft.FSharp.Control.FSharpAsync`1&lt;Microsoft.FSharp.Core.Unit&gt; Agents/imgSaver@20::Invoke(Microsoft.FSharp.Control.FSharpMailboxProcessor`1&lt;Agents/Msg&gt;)</Name>
              <FileRef uid="4" />
              <SequencePoints>
                <SequencePoint vc="0" uspid="61" ordinal="0" offset="13" sl="35" sc="9" el="35" ec="16" bec="0" bev="0" fileid="4" />
              </SequencePoints>
              <BranchPoints />
              <MethodPoint xsi:type="SequencePoint" vc="0" uspid="61" ordinal="0" offset="13" sl="35" sc="9" el="35" ec="16" bec="0" bev="0" fileid="4" />
            </Method>
          </Methods>
        </Class>
        <Class>
          <Summary numSequencePoints="0" visitedSequencePoints="0" numBranchPoints="0" visitedBranchPoints="0" sequenceCoverage="0" branchCoverage="0" maxCyclomaticComplexity="0" minCyclomaticComplexity="0" visitedClasses="0" numClasses="0" visitedMethods="0" numMethods="0" minCrapScore="0" maxCrapScore="0" />
          <FullName>Agents/loop@49-7</FullName>
          <Methods>
            <Method visited="false" cyclomaticComplexity="1" nPathComplexity="0" sequenceCoverage="0" branchCoverage="0" isConstructor="false" isStatic="false" isGetter="false" isSetter="false" crapScore="2">
              <Summary numSequencePoints="0" visitedSequencePoints="0" numBranchPoints="0" visitedBranchPoints="0" sequenceCoverage="0" branchCoverage="0" maxCyclomaticComplexity="1" minCyclomaticComplexity="1" visitedClasses="0" numClasses="0" visitedMethods="0" numMethods="0" minCrapScore="2" maxCrapScore="2" />
              <MetadataToken>100663446</MetadataToken>
              <Name>Agents/Msg Agents/loop@49-7::Invoke(Microsoft.FSharp.Control.FSharpAsyncReplyChannel`1&lt;Microsoft.FSharp.Core.Unit&gt;)</Name>
              <SequencePoints />
              <BranchPoints />
              <MethodPoint vc="0" uspid="100663446" ordinal="0" offset="0" />
            </Method>
            <Method visited="false" cyclomaticComplexity="1" nPathComplexity="0" sequenceCoverage="0" branchCoverage="0" isConstructor="true" isStatic="true" isGetter="false" isSetter="false" crapScore="2">
              <Summary numSequencePoints="0" visitedSequencePoints="0" numBranchPoints="0" visitedBranchPoints="0" sequenceCoverage="0" branchCoverage="0" maxCyclomaticComplexity="1" minCyclomaticComplexity="1" visitedClasses="0" numClasses="0" visitedMethods="0" numMethods="0" minCrapScore="2" maxCrapScore="2" />
              <MetadataToken>100663447</MetadataToken>
              <Name>System.Void Agents/loop@49-7::.cctor()</Name>
              <SequencePoints />
              <BranchPoints />
              <MethodPoint vc="0" uspid="100663447" ordinal="0" offset="0" />
            </Method>
          </Methods>
        </Class>
        <Class>
          <Summary numSequencePoints="9" visitedSequencePoints="0" numBranchPoints="3" visitedBranchPoints="0" sequenceCoverage="0" branchCoverage="0" maxCyclomaticComplexity="2" minCyclomaticComplexity="1" visitedClasses="0" numClasses="1" visitedMethods="0" numMethods="1" minCrapScore="6" maxCrapScore="6" />
          <FullName>Agents/loop@46-6</FullName>
          <Methods>
            <Method visited="false" cyclomaticComplexity="2" nPathComplexity="2" sequenceCoverage="0" branchCoverage="0" isConstructor="false" isStatic="false" isGetter="false" isSetter="false" crapScore="6">
              <Summary numSequencePoints="9" visitedSequencePoints="0" numBranchPoints="3" visitedBranchPoints="0" sequenceCoverage="0" branchCoverage="0" maxCyclomaticComplexity="2" minCyclomaticComplexity="2" visitedClasses="0" numClasses="0" visitedMethods="0" numMethods="1" minCrapScore="6" maxCrapScore="6" />
              <MetadataToken>100663449</MetadataToken>
              <Name>Microsoft.FSharp.Control.FSharpAsync`1&lt;Microsoft.FSharp.Core.Unit&gt; Agents/loop@46-6::Invoke(Agents/Msg)</Name>
              <FileRef uid="4" />
              <SequencePoints>
                <SequencePoint vc="0" uspid="70" ordinal="0" offset="2" sl="46" sc="17" el="46" ec="31" bec="2" bev="0" fileid="4" />
                <SequencePoint vc="0" uspid="69" ordinal="1" offset="28" sl="48" sc="21" el="48" ec="66" bec="0" bev="0" fileid="4" />
                <SequencePoint vc="0" uspid="68" ordinal="2" offset="44" sl="49" sc="21" el="49" ec="46" bec="0" bev="0" fileid="4" />
                <SequencePoint vc="0" uspid="67" ordinal="3" offset="62" sl="50" sc="21" el="50" ec="59" bec="0" bev="0" fileid="4" />
                <SequencePoint vc="0" uspid="66" ordinal="4" offset="78" sl="51" sc="21" el="51" ec="31" bec="0" bev="0" fileid="4" />
                <SequencePoint vc="0" uspid="65" ordinal="5" offset="115" sl="53" sc="21" el="53" ec="52" bec="0" bev="0" fileid="4" />
                <SequencePoint vc="0" uspid="64" ordinal="6" offset="179" sl="54" sc="21" el="54" ec="46" bec="0" bev="0" fileid="4" />
                <SequencePoint vc="0" uspid="63" ordinal="7" offset="194" sl="55" sc="21" el="55" ec="48" bec="0" bev="0" fileid="4" />
                <SequencePoint vc="0" uspid="62" ordinal="8" offset="213" sl="56" sc="21" el="56" ec="36" bec="0" bev="0" fileid="4" />
              </SequencePoints>
              <BranchPoints>
                <BranchPoint vc="0" uspid="27" ordinal="0" offset="10" sl="46" path="0" offsetchain="12" offsetend="98" fileid="4" />
                <BranchPoint vc="0" uspid="28" ordinal="1" offset="10" sl="46" path="1" offsetend="14" fileid="4" />
              </BranchPoints>
              <MethodPoint xsi:type="SequencePoint" vc="0" uspid="70" ordinal="0" offset="2" sl="46" sc="17" el="46" ec="31" bec="2" bev="0" fileid="4" />
            </Method>
          </Methods>
        </Class>
        <Class>
          <Summary numSequencePoints="0" visitedSequencePoints="0" numBranchPoints="0" visitedBranchPoints="0" sequenceCoverage="0" branchCoverage="0" maxCyclomaticComplexity="0" minCyclomaticComplexity="0" visitedClasses="0" numClasses="0" visitedMethods="0" numMethods="0" minCrapScore="0" maxCrapScore="0" />
          <FullName>Agents/loop@44-8</FullName>
          <Methods>
            <Method visited="false" cyclomaticComplexity="1" nPathComplexity="0" sequenceCoverage="0" branchCoverage="0" isConstructor="false" isStatic="false" isGetter="false" isSetter="false" crapScore="2">
              <Summary numSequencePoints="0" visitedSequencePoints="0" numBranchPoints="0" visitedBranchPoints="0" sequenceCoverage="0" branchCoverage="0" maxCyclomaticComplexity="1" minCyclomaticComplexity="1" visitedClasses="0" numClasses="0" visitedMethods="0" numMethods="0" minCrapScore="2" maxCrapScore="2" />
              <MetadataToken>100663451</MetadataToken>
              <Name>Microsoft.FSharp.Control.AsyncReturn Agents/loop@44-8::Invoke(Microsoft.FSharp.Control.AsyncActivation`1&lt;Microsoft.FSharp.Core.Unit&gt;)</Name>
              <SequencePoints />
              <BranchPoints />
              <MethodPoint vc="0" uspid="100663451" ordinal="0" offset="0" />
            </Method>
          </Methods>
        </Class>
        <Class>
          <Summary numSequencePoints="1" visitedSequencePoints="0" numBranchPoints="1" visitedBranchPoints="0" sequenceCoverage="0" branchCoverage="0" maxCyclomaticComplexity="1" minCyclomaticComplexity="1" visitedClasses="0" numClasses="1" visitedMethods="0" numMethods="1" minCrapScore="2" maxCrapScore="2" />
          <FullName>Agents/loop@44-5</FullName>
          <Methods>
            <Method visited="false" cyclomaticComplexity="1" nPathComplexity="0" sequenceCoverage="0" branchCoverage="0" isConstructor="false" isStatic="false" isGetter="false" isSetter="false" crapScore="2">
              <Summary numSequencePoints="1" visitedSequencePoints="0" numBranchPoints="1" visitedBranchPoints="0" sequenceCoverage="0" branchCoverage="0" maxCyclomaticComplexity="1" minCyclomaticComplexity="1" visitedClasses="0" numClasses="0" visitedMethods="0" numMethods="1" minCrapScore="2" maxCrapScore="2" />
              <MetadataToken>100663453</MetadataToken>
              <Name>Microsoft.FSharp.Control.FSharpAsync`1&lt;Microsoft.FSharp.Core.Unit&gt; Agents/loop@44-5::Invoke(Microsoft.FSharp.Core.Unit)</Name>
              <FileRef uid="4" />
              <SequencePoints>
                <SequencePoint vc="0" uspid="71" ordinal="0" offset="0" sl="44" sc="17" el="44" ec="43" bec="0" bev="0" fileid="4" />
              </SequencePoints>
              <BranchPoints />
              <MethodPoint xsi:type="SequencePoint" vc="0" uspid="71" ordinal="0" offset="0" sl="44" sc="17" el="44" ec="43" bec="0" bev="0" fileid="4" />
            </Method>
          </Methods>
        </Class>
        <Class>
          <Summary numSequencePoints="1" visitedSequencePoints="0" numBranchPoints="1" visitedBranchPoints="0" sequenceCoverage="0" branchCoverage="0" maxCyclomaticComplexity="1" minCyclomaticComplexity="1" visitedClasses="0" numClasses="1" visitedMethods="0" numMethods="1" minCrapScore="2" maxCrapScore="2" />
          <FullName>Agents/loop@43-4</FullName>
          <Methods>
            <Method visited="false" cyclomaticComplexity="1" nPathComplexity="0" sequenceCoverage="0" branchCoverage="0" isConstructor="false" isStatic="false" isGetter="false" isSetter="false" crapScore="2">
              <Summary numSequencePoints="1" visitedSequencePoints="0" numBranchPoints="1" visitedBranchPoints="0" sequenceCoverage="0" branchCoverage="0" maxCyclomaticComplexity="1" minCyclomaticComplexity="1" visitedClasses="0" numClasses="0" visitedMethods="0" numMethods="1" minCrapScore="2" maxCrapScore="2" />
              <MetadataToken>100663455</MetadataToken>
              <Name>Microsoft.FSharp.Control.FSharpAsync`1&lt;Microsoft.FSharp.Core.Unit&gt; Agents/loop@43-4::Invoke(Microsoft.FSharp.Core.Unit)</Name>
              <FileRef uid="4" />
              <SequencePoints>
                <SequencePoint vc="0" uspid="72" ordinal="0" offset="0" sl="43" sc="13" el="43" ec="18" bec="0" bev="0" fileid="4" />
              </SequencePoints>
              <BranchPoints />
              <MethodPoint xsi:type="SequencePoint" vc="0" uspid="72" ordinal="0" offset="0" sl="43" sc="13" el="43" ec="18" bec="0" bev="0" fileid="4" />
            </Method>
          </Methods>
        </Class>
        <Class>
          <Summary numSequencePoints="1" visitedSequencePoints="0" numBranchPoints="1" visitedBranchPoints="0" sequenceCoverage="0" branchCoverage="0" maxCyclomaticComplexity="1" minCyclomaticComplexity="1" visitedClasses="0" numClasses="1" visitedMethods="0" numMethods="1" minCrapScore="2" maxCrapScore="2" />
          <FullName>Agents/imgProcessor@41</FullName>
          <Methods>
            <Method visited="false" cyclomaticComplexity="1" nPathComplexity="0" sequenceCoverage="0" branchCoverage="0" isConstructor="false" isStatic="false" isGetter="false" isSetter="false" crapScore="2">
              <Summary numSequencePoints="1" visitedSequencePoints="0" numBranchPoints="1" visitedBranchPoints="0" sequenceCoverage="0" branchCoverage="0" maxCyclomaticComplexity="1" minCyclomaticComplexity="1" visitedClasses="0" numClasses="0" visitedMethods="0" numMethods="1" minCrapScore="2" maxCrapScore="2" />
              <MetadataToken>100663457</MetadataToken>
              <Name>Microsoft.FSharp.Control.FSharpAsync`1&lt;Microsoft.FSharp.Core.Unit&gt; Agents/imgProcessor@41::Invoke(Microsoft.FSharp.Control.FSharpMailboxProcessor`1&lt;Agents/Msg&gt;)</Name>
              <FileRef uid="4" />
              <SequencePoints>
                <SequencePoint vc="0" uspid="73" ordinal="0" offset="19" sl="59" sc="9" el="59" ec="16" bec="0" bev="0" fileid="4" />
              </SequencePoints>
              <BranchPoints />
              <MethodPoint xsi:type="SequencePoint" vc="0" uspid="73" ordinal="0" offset="19" sl="59" sc="9" el="59" ec="16" bec="0" bev="0" fileid="4" />
            </Method>
          </Methods>
        </Class>
        <Class>
          <Summary numSequencePoints="48" visitedSequencePoints="41" numBranchPoints="31" visitedBranchPoints="23" sequenceCoverage="85.42" branchCoverage="74.19" maxCyclomaticComplexity="6" minCyclomaticComplexity="1" visitedClasses="1" numClasses="1" visitedMethods="7" numMethods="9" minCrapScore="1" maxCrapScore="6" />
          <FullName>CpuImageProcessing</FullName>
          <Methods>
            <Method visited="true" cyclomaticComplexity="5" nPathComplexity="16" sequenceCoverage="100" branchCoverage="77.78" isConstructor="false" isStatic="true" isGetter="false" isSetter="false" crapScore="5">
              <Summary numSequencePoints="9" visitedSequencePoints="9" numBranchPoints="9" visitedBranchPoints="7" sequenceCoverage="100" branchCoverage="77.78" maxCyclomaticComplexity="5" minCyclomaticComplexity="5" visitedClasses="0" numClasses="0" visitedMethods="1" numMethods="1" minCrapScore="5" maxCrapScore="5" />
              <MetadataToken>100663458</MetadataToken>
              <Name>System.Byte[0...,0...] CpuImageProcessing::loadAs2DArray(System.String)</Name>
              <FileRef uid="5" />
              <SequencePoints>
                <SequencePoint vc="2" uspid="82" ordinal="0" offset="0" sl="25" sc="5" el="25" ec="38" bec="0" bev="0" fileid="5" />
                <SequencePoint vc="2" uspid="81" ordinal="1" offset="7" sl="26" sc="5" el="26" ec="54" bec="0" bev="0" fileid="5" />
                <SequencePoint vc="2" uspid="80" ordinal="2" offset="25" sl="28" sc="5" el="28" ec="8" bec="2" bev="0" fileid="5" />
                <SequencePoint vc="2176" uspid="79" ordinal="3" offset="40" sl="29" sc="9" el="29" ec="12" bec="2" bev="0" fileid="5" />
                <SequencePoint vc="1908736" uspid="78" ordinal="4" offset="59" sl="30" sc="13" el="30" ec="22" bec="0" bev="0" fileid="5" />
                <SequencePoint vc="1908736" uspid="77" ordinal="5" offset="92" sl="29" sc="15" el="29" ec="17" bec="2" bev="3" fileid="5" />
                <SequencePoint vc="2176" uspid="76" ordinal="6" offset="104" sl="28" sc="11" el="28" ec="13" bec="2" bev="3" fileid="5" />
                <SequencePoint vc="2" uspid="75" ordinal="7" offset="110" sl="32" sc="5" el="32" ec="76" bec="0" bev="0" fileid="5" />
                <SequencePoint vc="2" uspid="74" ordinal="8" offset="173" sl="33" sc="5" el="33" ec="8" bec="0" bev="0" fileid="5" />
              </SequencePoints>
              <BranchPoints>
                <BranchPoint vc="2176" uspid="29" ordinal="0" offset="38" sl="28" path="0" offsetend="40" fileid="5" />
                <BranchPoint vc="0" uspid="30" ordinal="1" offset="38" sl="28" path="1" offsetend="110" fileid="5" />
                <BranchPoint vc="1908736" uspid="31" ordinal="2" offset="57" sl="29" path="0" offsetend="59" fileid="5" />
                <BranchPoint vc="0" uspid="32" ordinal="3" offset="57" sl="29" path="1" offsetend="100" fileid="5" />
                <BranchPoint vc="2176" uspid="33" ordinal="4" offset="98" sl="29" path="0" offsetend="100" fileid="5" />
                <BranchPoint vc="1906560" uspid="34" ordinal="5" offset="98" sl="29" path="1" offsetend="59" fileid="5" />
                <BranchPoint vc="2" uspid="35" ordinal="6" offset="108" sl="28" path="0" offsetend="110" fileid="5" />
                <BranchPoint vc="2174" uspid="36" ordinal="7" offset="108" sl="28" path="1" offsetend="40" fileid="5" />
              </BranchPoints>
              <MethodPoint xsi:type="SequencePoint" vc="2" uspid="82" ordinal="0" offset="0" sl="25" sc="5" el="25" ec="38" bec="0" bev="0" fileid="5" />
            </Method>
            <Method visited="true" cyclomaticComplexity="1" nPathComplexity="0" sequenceCoverage="100" branchCoverage="0" isConstructor="false" isStatic="true" isGetter="false" isSetter="false" crapScore="1">
              <Summary numSequencePoints="4" visitedSequencePoints="4" numBranchPoints="1" visitedBranchPoints="0" sequenceCoverage="100" branchCoverage="0" maxCyclomaticComplexity="1" minCyclomaticComplexity="1" visitedClasses="0" numClasses="0" visitedMethods="1" numMethods="1" minCrapScore="1" maxCrapScore="1" />
              <MetadataToken>100663459</MetadataToken>
              <Name>CpuImageProcessing/MyImage CpuImageProcessing::loadAsImage(System.String)</Name>
              <FileRef uid="5" />
              <SequencePoints>
                <SequencePoint vc="2" uspid="86" ordinal="0" offset="0" sl="36" sc="5" el="36" ec="34" bec="0" bev="0" fileid="5" />
                <SequencePoint vc="2" uspid="85" ordinal="1" offset="7" sl="38" sc="5" el="38" ec="62" bec="0" bev="0" fileid="5" />
                <SequencePoint vc="2" uspid="84" ordinal="2" offset="26" sl="40" sc="5" el="40" ec="40" bec="0" bev="0" fileid="5" />
                <SequencePoint vc="2" uspid="83" ordinal="3" offset="38" sl="41" sc="5" el="41" ec="73" bec="0" bev="0" fileid="5" />
              </SequencePoints>
              <BranchPoints />
              <MethodPoint xsi:type="SequencePoint" vc="2" uspid="86" ordinal="0" offset="0" sl="36" sc="5" el="36" ec="34" bec="0" bev="0" fileid="5" />
            </Method>
            <Method visited="true" cyclomaticComplexity="1" nPathComplexity="0" sequenceCoverage="100" branchCoverage="0" isConstructor="false" isStatic="true" isGetter="false" isSetter="false" crapScore="1">
              <Summary numSequencePoints="2" visitedSequencePoints="2" numBranchPoints="1" visitedBranchPoints="0" sequenceCoverage="100" branchCoverage="0" maxCyclomaticComplexity="1" minCyclomaticComplexity="1" visitedClasses="0" numClasses="0" visitedMethods="1" numMethods="1" minCrapScore="1" maxCrapScore="1" />
              <MetadataToken>100663460</MetadataToken>
              <Name>a[] CpuImageProcessing::flat2dArray(a[0...,0...])</Name>
              <FileRef uid="5" />
              <SequencePoints>
                <SequencePoint vc="200" uspid="88" ordinal="0" offset="0" sl="44" sc="5" el="48" ec="6" bec="0" bev="0" fileid="5" />
                <SequencePoint vc="200" uspid="87" ordinal="1" offset="12" sl="49" sc="8" el="49" ec="19" bec="0" bev="0" fileid="5" />
              </SequencePoints>
              <BranchPoints />
              <MethodPoint xsi:type="SequencePoint" vc="200" uspid="88" ordinal="0" offset="0" sl="44" sc="5" el="48" ec="6" bec="0" bev="0" fileid="5" />
            </Method>
            <Method visited="false" cyclomaticComplexity="1" nPathComplexity="0" sequenceCoverage="0" branchCoverage="0" isConstructor="false" isStatic="true" isGetter="false" isSetter="false" crapScore="2">
              <Summary numSequencePoints="5" visitedSequencePoints="0" numBranchPoints="1" visitedBranchPoints="0" sequenceCoverage="0" branchCoverage="0" maxCyclomaticComplexity="1" minCyclomaticComplexity="1" visitedClasses="0" numClasses="0" visitedMethods="0" numMethods="1" minCrapScore="2" maxCrapScore="2" />
              <MetadataToken>100663461</MetadataToken>
              <Name>System.Void CpuImageProcessing::save2DByteArrayAsImage(System.Byte[0...,0...],System.String)</Name>
              <FileRef uid="5" />
              <SequencePoints>
                <SequencePoint vc="0" uspid="93" ordinal="0" offset="0" sl="52" sc="5" el="52" ec="43" bec="0" bev="0" fileid="5" />
                <SequencePoint vc="0" uspid="92" ordinal="1" offset="7" sl="53" sc="5" el="53" ec="42" bec="0" bev="0" fileid="5" />
                <SequencePoint vc="0" uspid="91" ordinal="2" offset="14" sl="54" sc="5" el="54" ec="76" bec="0" bev="0" fileid="5" />
                <SequencePoint vc="0" uspid="90" ordinal="3" offset="28" sl="55" sc="5" el="55" ec="22" bec="0" bev="0" fileid="5" />
                <SequencePoint vc="0" uspid="89" ordinal="4" offset="35" sl="56" sc="5" el="56" ec="75" bec="0" bev="0" fileid="5" />
              </SequencePoints>
              <BranchPoints />
              <MethodPoint xsi:type="SequencePoint" vc="0" uspid="93" ordinal="0" offset="0" sl="52" sc="5" el="52" ec="43" bec="0" bev="0" fileid="5" />
            </Method>
            <Method visited="false" cyclomaticComplexity="1" nPathComplexity="0" sequenceCoverage="0" branchCoverage="0" isConstructor="false" isStatic="true" isGetter="false" isSetter="false" crapScore="2">
              <Summary numSequencePoints="2" visitedSequencePoints="0" numBranchPoints="1" visitedBranchPoints="0" sequenceCoverage="0" branchCoverage="0" maxCyclomaticComplexity="1" minCyclomaticComplexity="1" visitedClasses="0" numClasses="0" visitedMethods="0" numMethods="1" minCrapScore="2" maxCrapScore="2" />
              <MetadataToken>100663462</MetadataToken>
              <Name>System.Void CpuImageProcessing::saveImage(CpuImageProcessing/MyImage,System.String)</Name>
              <FileRef uid="5" />
              <SequencePoints>
                <SequencePoint vc="0" uspid="95" ordinal="0" offset="0" sl="59" sc="5" el="59" ec="77" bec="0" bev="0" fileid="5" />
                <SequencePoint vc="0" uspid="94" ordinal="1" offset="27" sl="60" sc="5" el="60" ec="18" bec="0" bev="0" fileid="5" />
              </SequencePoints>
              <BranchPoints />
              <MethodPoint xsi:type="SequencePoint" vc="0" uspid="95" ordinal="0" offset="0" sl="59" sc="5" el="59" ec="77" bec="0" bev="0" fileid="5" />
            </Method>
            <Method visited="true" cyclomaticComplexity="1" nPathComplexity="0" sequenceCoverage="0" branchCoverage="0" isConstructor="false" isStatic="true" isGetter="true" isSetter="false" crapScore="1">
              <Summary numSequencePoints="0" visitedSequencePoints="0" numBranchPoints="0" visitedBranchPoints="0" sequenceCoverage="0" branchCoverage="0" maxCyclomaticComplexity="1" minCyclomaticComplexity="1" visitedClasses="0" numClasses="0" visitedMethods="0" numMethods="0" minCrapScore="1" maxCrapScore="1" />
              <MetadataToken>100663463</MetadataToken>
              <Name>System.Single[][] CpuImageProcessing::get_gaussianBlurKernel()</Name>
              <SequencePoints />
              <BranchPoints />
              <MethodPoint vc="15" uspid="100663463" ordinal="0" offset="0" />
            </Method>
            <Method visited="true" cyclomaticComplexity="1" nPathComplexity="0" sequenceCoverage="0" branchCoverage="0" isConstructor="false" isStatic="true" isGetter="true" isSetter="false" crapScore="1">
              <Summary numSequencePoints="0" visitedSequencePoints="0" numBranchPoints="0" visitedBranchPoints="0" sequenceCoverage="0" branchCoverage="0" maxCyclomaticComplexity="1" minCyclomaticComplexity="1" visitedClasses="0" numClasses="0" visitedMethods="0" numMethods="0" minCrapScore="1" maxCrapScore="1" />
              <MetadataToken>100663464</MetadataToken>
              <Name>System.Single[][] CpuImageProcessing::get_edgesKernel()</Name>
              <SequencePoints />
              <BranchPoints />
              <MethodPoint vc="10" uspid="100663464" ordinal="0" offset="0" />
            </Method>
            <Method visited="true" cyclomaticComplexity="1" nPathComplexity="0" sequenceCoverage="0" branchCoverage="0" isConstructor="false" isStatic="true" isGetter="true" isSetter="false" crapScore="1">
              <Summary numSequencePoints="0" visitedSequencePoints="0" numBranchPoints="0" visitedBranchPoints="0" sequenceCoverage="0" branchCoverage="0" maxCyclomaticComplexity="1" minCyclomaticComplexity="1" visitedClasses="0" numClasses="0" visitedMethods="0" numMethods="0" minCrapScore="1" maxCrapScore="1" />
              <MetadataToken>100663465</MetadataToken>
              <Name>System.Single[][] CpuImageProcessing::get_gaussianBlur7x7Kernel()</Name>
              <SequencePoints />
              <BranchPoints />
              <MethodPoint vc="13" uspid="100663465" ordinal="0" offset="0" />
            </Method>
            <Method visited="true" cyclomaticComplexity="1" nPathComplexity="0" sequenceCoverage="0" branchCoverage="0" isConstructor="false" isStatic="true" isGetter="true" isSetter="false" crapScore="1">
              <Summary numSequencePoints="0" visitedSequencePoints="0" numBranchPoints="0" visitedBranchPoints="0" sequenceCoverage="0" branchCoverage="0" maxCyclomaticComplexity="1" minCyclomaticComplexity="1" visitedClasses="0" numClasses="0" visitedMethods="0" numMethods="0" minCrapScore="1" maxCrapScore="1" />
              <MetadataToken>100663466</MetadataToken>
              <Name>System.Single[][] CpuImageProcessing::get_sharpenKernel()</Name>
              <SequencePoints />
              <BranchPoints />
              <MethodPoint vc="15" uspid="100663466" ordinal="0" offset="0" />
            </Method>
            <Method visited="true" cyclomaticComplexity="1" nPathComplexity="0" sequenceCoverage="0" branchCoverage="0" isConstructor="false" isStatic="true" isGetter="true" isSetter="false" crapScore="1">
              <Summary numSequencePoints="0" visitedSequencePoints="0" numBranchPoints="0" visitedBranchPoints="0" sequenceCoverage="0" branchCoverage="0" maxCyclomaticComplexity="1" minCyclomaticComplexity="1" visitedClasses="0" numClasses="0" visitedMethods="0" numMethods="0" minCrapScore="1" maxCrapScore="1" />
              <MetadataToken>100663467</MetadataToken>
              <Name>System.Single[][] CpuImageProcessing::get_embossKernel()</Name>
              <SequencePoints />
              <BranchPoints />
              <MethodPoint vc="14" uspid="100663467" ordinal="0" offset="0" />
            </Method>
            <Method visited="true" cyclomaticComplexity="1" nPathComplexity="0" sequenceCoverage="100" branchCoverage="0" isConstructor="false" isStatic="true" isGetter="false" isSetter="false" crapScore="1">
              <Summary numSequencePoints="5" visitedSequencePoints="5" numBranchPoints="1" visitedBranchPoints="0" sequenceCoverage="100" branchCoverage="0" maxCyclomaticComplexity="1" minCyclomaticComplexity="1" visitedClasses="0" numClasses="0" visitedMethods="1" numMethods="1" minCrapScore="1" maxCrapScore="1" />
              <MetadataToken>100663468</MetadataToken>
[...]
                <SequencePoint vc="3670016" uspid="132" ordinal="11" offset="196" sl="114" sc="26" el="114" ec="28" bec="2" bev="2" fileid="5" />
                <SequencePoint vc="524288" uspid="131" ordinal="12" offset="238" sl="113" sc="22" el="113" ec="24" bec="2" bev="2" fileid="5" />
                <SequencePoint vc="65536" uspid="130" ordinal="13" offset="284" sl="120" sc="9" el="120" ec="70" bec="0" bev="0" fileid="5" />
              </SequencePoints>
              <BranchPoints>
                <BranchPoint vc="10752" uspid="55" ordinal="0" offset="90" sl="115" path="0" offsetchain="92" offsetend="110" fileid="5" />
                <BranchPoint vc="3203470" uspid="56" ordinal="1" offset="90" sl="115" path="1" offsetend="96" fileid="5" />
                <BranchPoint vc="141163" uspid="57" ordinal="2" offset="110" sl="115" path="0" offsetchain="112" offsetend="122" fileid="5" />
                <BranchPoint vc="3189960" uspid="58" ordinal="3" offset="110" sl="115" path="1" offsetend="116" fileid="5" />
                <BranchPoint vc="35142" uspid="59" ordinal="4" offset="122" sl="115" path="0" offsetchain="124" offsetend="142" fileid="5" />
                <BranchPoint vc="3179080" uspid="60" ordinal="5" offset="122" sl="115" path="1" offsetend="128" fileid="5" />
                <BranchPoint vc="42864" uspid="61" ordinal="6" offset="142" sl="115" path="0" offsetend="144" fileid="5" />
                <BranchPoint vc="3168400" uspid="62" ordinal="7" offset="142" sl="115" path="1" offsetend="170" fileid="5" />
                <BranchPoint vc="458752" uspid="63" ordinal="8" offset="203" sl="114" path="0" offsetend="208" fileid="5" />
                <BranchPoint vc="3211264" uspid="64" ordinal="9" offset="203" sl="114" path="1" offsetend="77" fileid="5" />
                <BranchPoint vc="65536" uspid="65" ordinal="10" offset="244" sl="113" path="0" offsetend="249" fileid="5" />
                <BranchPoint vc="458752" uspid="66" ordinal="11" offset="244" sl="113" path="1" offsetchain="34" offsetend="196" fileid="5" />
              </BranchPoints>
              <MethodPoint xsi:type="SequencePoint" vc="65536" uspid="143" ordinal="0" offset="0" sl="112" sc="9" el="118" ec="48" bec="0" bev="0" fileid="5" />
            </Method>
          </Methods>
        </Class>
        <Class>
          <Summary numSequencePoints="1" visitedSequencePoints="1" numBranchPoints="1" visitedBranchPoints="0" sequenceCoverage="100" branchCoverage="0" maxCyclomaticComplexity="1" minCyclomaticComplexity="1" visitedClasses="1" numClasses="1" visitedMethods="1" numMethods="1" minCrapScore="1" maxCrapScore="1" />
          <FullName>CpuImageProcessing/applyFilter@122</FullName>
          <Methods>
            <Method visited="true" cyclomaticComplexity="1" nPathComplexity="0" sequenceCoverage="100" branchCoverage="0" isConstructor="false" isStatic="false" isGetter="false" isSetter="false" crapScore="1">
              <Summary numSequencePoints="1" visitedSequencePoints="1" numBranchPoints="1" visitedBranchPoints="0" sequenceCoverage="100" branchCoverage="0" maxCyclomaticComplexity="1" minCyclomaticComplexity="1" visitedClasses="0" numClasses="0" visitedMethods="1" numMethods="1" minCrapScore="1" maxCrapScore="1" />
              <MetadataToken>100663515</MetadataToken>
              <Name>System.Byte CpuImageProcessing/applyFilter@122::Invoke(System.Int32,System.Int32,System.Byte)</Name>
              <FileRef uid="5" />
              <SequencePoints>
                <SequencePoint vc="65536" uspid="144" ordinal="0" offset="0" sl="122" sc="32" el="122" ec="55" bec="0" bev="0" fileid="5" />
              </SequencePoints>
              <BranchPoints />
              <MethodPoint xsi:type="SequencePoint" vc="65536" uspid="144" ordinal="0" offset="0" sl="122" sc="32" el="122" ec="55" bec="0" bev="0" fileid="5" />
            </Method>
          </Methods>
        </Class>
        <Class>
          <Summary numSequencePoints="1" visitedSequencePoints="1" numBranchPoints="1" visitedBranchPoints="0" sequenceCoverage="100" branchCoverage="0" maxCyclomaticComplexity="1" minCyclomaticComplexity="1" visitedClasses="1" numClasses="1" visitedMethods="1" numMethods="1" minCrapScore="1" maxCrapScore="1" />
          <FullName>CpuImageProcessing/processPixel@140-3</FullName>
          <Methods>
            <Method visited="true" cyclomaticComplexity="1" nPathComplexity="0" sequenceCoverage="100" branchCoverage="0" isConstructor="false" isStatic="false" isGetter="false" isSetter="false" crapScore="1">
              <Summary numSequencePoints="1" visitedSequencePoints="1" numBranchPoints="1" visitedBranchPoints="0" sequenceCoverage="100" branchCoverage="0" maxCyclomaticComplexity="1" minCyclomaticComplexity="1" visitedClasses="0" numClasses="0" visitedMethods="1" numMethods="1" minCrapScore="1" maxCrapScore="1" />
              <MetadataToken>100663517</MetadataToken>
              <Name>System.Single CpuImageProcessing/processPixel@140-3::Invoke(System.Single,System.Single,System.Single)</Name>
              <FileRef uid="5" />
              <SequencePoints>
                <SequencePoint vc="5382181" uspid="145" ordinal="0" offset="0" sl="140" sc="35" el="140" ec="44" bec="0" bev="0" fileid="5" />
              </SequencePoints>
              <BranchPoints />
              <MethodPoint xsi:type="SequencePoint" vc="5382181" uspid="145" ordinal="0" offset="0" sl="140" sc="35" el="140" ec="44" bec="0" bev="0" fileid="5" />
            </Method>
            <Method visited="true" cyclomaticComplexity="1" nPathComplexity="0" sequenceCoverage="0" branchCoverage="0" isConstructor="true" isStatic="true" isGetter="false" isSetter="false" crapScore="1">
              <Summary numSequencePoints="0" visitedSequencePoints="0" numBranchPoints="0" visitedBranchPoints="0" sequenceCoverage="0" branchCoverage="0" maxCyclomaticComplexity="1" minCyclomaticComplexity="1" visitedClasses="0" numClasses="0" visitedMethods="0" numMethods="0" minCrapScore="1" maxCrapScore="1" />
              <MetadataToken>100663518</MetadataToken>
              <Name>System.Void CpuImageProcessing/processPixel@140-3::.cctor()</Name>
              <SequencePoints />
              <BranchPoints />
              <MethodPoint vc="1" uspid="100663518" ordinal="0" offset="0" />
            </Method>
          </Methods>
        </Class>
        <Class>
          <Summary numSequencePoints="16" visitedSequencePoints="16" numBranchPoints="13" visitedBranchPoints="13" sequenceCoverage="100" branchCoverage="100" maxCyclomaticComplexity="9" minCyclomaticComplexity="1" visitedClasses="1" numClasses="1" visitedMethods="1" numMethods="1" minCrapScore="9" maxCrapScore="9" />
          <FullName>CpuImageProcessing/processPixel@129-2</FullName>
          <Methods>
            <Method visited="true" cyclomaticComplexity="9" nPathComplexity="64" sequenceCoverage="100" branchCoverage="100" isConstructor="false" isStatic="false" isGetter="false" isSetter="false" crapScore="9">
              <Summary numSequencePoints="16" visitedSequencePoints="16" numBranchPoints="13" visitedBranchPoints="13" sequenceCoverage="100" branchCoverage="100" maxCyclomaticComplexity="9" minCyclomaticComplexity="9" visitedClasses="0" numClasses="0" visitedMethods="1" numMethods="1" minCrapScore="9" maxCrapScore="9" />
              <MetadataToken>100663520</MetadataToken>
              <Name>System.Single CpuImageProcessing/processPixel@129-2::Invoke(System.Int32)</Name>
              <FileRef uid="5" />
              <SequencePoints>
                <SequencePoint vc="136837" uspid="161" ordinal="0" offset="0" sl="129" sc="9" el="129" ec="31" bec="0" bev="0" fileid="5" />
                <SequencePoint vc="136837" uspid="160" ordinal="1" offset="14" sl="130" sc="9" el="130" ec="31" bec="0" bev="0" fileid="5" />
                <SequencePoint vc="136837" uspid="159" ordinal="2" offset="28" sl="132" sc="9" el="138" ec="66" bec="0" bev="0" fileid="5" />
                <SequencePoint vc="136837" uspid="158" ordinal="3" offset="29" sl="133" sc="16" el="133" ec="19" bec="0" bev="0" fileid="5" />
                <SequencePoint vc="847623" uspid="157" ordinal="4" offset="72" sl="134" sc="20" el="134" ec="23" bec="0" bev="0" fileid="5" />
                <SequencePoint vc="847623" uspid="156" ordinal="5" offset="73" sl="134" sc="29" el="134" ec="57" bec="0" bev="0" fileid="5" />
                <SequencePoint vc="5382181" uspid="155" ordinal="6" offset="116" sl="135" sc="24" el="135" ec="83" bec="0" bev="0" fileid="5" />
                <SequencePoint vc="5382181" uspid="154" ordinal="7" offset="117" sl="135" sc="27" el="135" ec="32" bec="2" bev="0" fileid="5" />
                <SequencePoint vc="5337937" uspid="153" ordinal="8" offset="126" sl="135" sc="36" el="135" ec="51" bec="2" bev="0" fileid="5" />
                <SequencePoint vc="5293693" uspid="152" ordinal="9" offset="151" sl="135" sc="55" el="135" ec="60" bec="2" bev="0" fileid="5" />
                <SequencePoint vc="5251285" uspid="151" ordinal="10" offset="163" sl="135" sc="64" el="135" ec="78" bec="2" bev="8" fileid="5" />
                <SequencePoint vc="173304" uspid="150" ordinal="11" offset="186" sl="136" sc="28" el="136" ec="47" bec="0" bev="0" fileid="5" />
                <SequencePoint vc="5208877" uspid="149" ordinal="12" offset="216" sl="138" sc="28" el="138" ec="63" bec="0" bev="0" fileid="5" />
                <SequencePoint vc="6229804" uspid="148" ordinal="13" offset="258" sl="134" sc="26" el="134" ec="28" bec="2" bev="2" fileid="5" />
                <SequencePoint vc="984460" uspid="147" ordinal="14" offset="300" sl="133" sc="22" el="133" ec="24" bec="2" bev="2" fileid="5" />
                <SequencePoint vc="136837" uspid="146" ordinal="15" offset="350" sl="140" sc="9" el="140" ec="70" bec="0" bev="0" fileid="5" />
              </SequencePoints>
              <BranchPoints>
                <BranchPoint vc="44244" uspid="67" ordinal="0" offset="120" sl="135" path="0" offsetchain="122" offsetend="145" fileid="5" />
                <BranchPoint vc="5337937" uspid="68" ordinal="1" offset="120" sl="135" path="1" offsetend="126" fileid="5" />
                <BranchPoint vc="88488" uspid="69" ordinal="2" offset="145" sl="135" path="0" offsetchain="147" offsetend="157" fileid="5" />
                <BranchPoint vc="5293693" uspid="70" ordinal="3" offset="145" sl="135" path="1" offsetend="151" fileid="5" />
                <BranchPoint vc="130896" uspid="71" ordinal="4" offset="157" sl="135" path="0" offsetchain="159" offsetend="182" fileid="5" />
                <BranchPoint vc="5251285" uspid="72" ordinal="5" offset="157" sl="135" path="1" offsetend="163" fileid="5" />
                <BranchPoint vc="173304" uspid="73" ordinal="6" offset="182" sl="135" path="0" offsetend="184" fileid="5" />
                <BranchPoint vc="5208877" uspid="74" ordinal="7" offset="182" sl="135" path="1" offsetend="214" fileid="5" />
                <BranchPoint vc="847623" uspid="75" ordinal="8" offset="265" sl="134" path="0" offsetend="270" fileid="5" />
                <BranchPoint vc="5382181" uspid="76" ordinal="9" offset="265" sl="134" path="1" offsetend="107" fileid="5" />
                <BranchPoint vc="136837" uspid="77" ordinal="10" offset="307" sl="133" path="0" offsetend="312" fileid="5" />
                <BranchPoint vc="847623" uspid="78" ordinal="11" offset="307" sl="133" path="1" offsetchain="63" offsetend="258" fileid="5" />
              </BranchPoints>
              <MethodPoint xsi:type="SequencePoint" vc="136837" uspid="161" ordinal="0" offset="0" sl="129" sc="9" el="129" ec="31" bec="0" bev="0" fileid="5" />
            </Method>
          </Methods>
        </Class>
        <Class>
          <Summary numSequencePoints="1" visitedSequencePoints="1" numBranchPoints="1" visitedBranchPoints="0" sequenceCoverage="100" branchCoverage="0" maxCyclomaticComplexity="1" minCyclomaticComplexity="1" visitedClasses="1" numClasses="1" visitedMethods="1" numMethods="1" minCrapScore="1" maxCrapScore="1" />
          <FullName>CpuImageProcessing/applyFilterToImage@142</FullName>
          <Methods>
            <Method visited="true" cyclomaticComplexity="1" nPathComplexity="0" sequenceCoverage="100" branchCoverage="0" isConstructor="false" isStatic="false" isGetter="false" isSetter="false" crapScore="1">
              <Summary numSequencePoints="1" visitedSequencePoints="1" numBranchPoints="1" visitedBranchPoints="0" sequenceCoverage="100" branchCoverage="0" maxCyclomaticComplexity="1" minCyclomaticComplexity="1" visitedClasses="0" numClasses="0" visitedMethods="1" numMethods="1" minCrapScore="1" maxCrapScore="1" />
              <MetadataToken>100663522</MetadataToken>
              <Name>System.Byte CpuImageProcessing/applyFilterToImage@142::Invoke(System.Int32,System.Byte)</Name>
              <FileRef uid="5" />
              <SequencePoints>
                <SequencePoint vc="136837" uspid="162" ordinal="0" offset="0" sl="142" sc="36" el="142" ec="57" bec="0" bev="0" fileid="5" />
              </SequencePoints>
              <BranchPoints />
              <MethodPoint xsi:type="SequencePoint" vc="136837" uspid="162" ordinal="0" offset="0" sl="142" sc="36" el="142" ec="57" bec="0" bev="0" fileid="5" />
            </Method>
          </Methods>
        </Class>
        <Class>
          <Summary numSequencePoints="12" visitedSequencePoints="12" numBranchPoints="25" visitedBranchPoints="19" sequenceCoverage="100" branchCoverage="76" maxCyclomaticComplexity="17" minCyclomaticComplexity="1" visitedClasses="1" numClasses="1" visitedMethods="1" numMethods="1" minCrapScore="17" maxCrapScore="17" />
          <FullName>&lt;StartupCode$ImageProcessing&gt;.$CpuImageProcessing</FullName>
          <Methods>
            <Method visited="true" cyclomaticComplexity="17" nPathComplexity="4096" sequenceCoverage="100" branchCoverage="76" isConstructor="true" isStatic="true" isGetter="false" isSetter="false" crapScore="17">
              <Summary numSequencePoints="12" visitedSequencePoints="12" numBranchPoints="25" visitedBranchPoints="19" sequenceCoverage="100" branchCoverage="76" maxCyclomaticComplexity="17" minCyclomaticComplexity="17" visitedClasses="0" numClasses="0" visitedMethods="1" numMethods="1" minCrapScore="17" maxCrapScore="17" />
              <MetadataToken>100663523</MetadataToken>
              <Name>System.Void &lt;StartupCode$ImageProcessing&gt;.$CpuImageProcessing::.cctor()</Name>
              <FileRef uid="5" />
              <SequencePoints>
                <SequencePoint vc="1" uspid="174" ordinal="0" offset="0" sl="63" sc="5" el="67" ec="30" bec="0" bev="0" fileid="5" />
                <SequencePoint vc="1" uspid="173" ordinal="1" offset="282" sl="68" sc="8" el="68" ec="61" bec="4" bev="0" fileid="5" />
                <SequencePoint vc="25" uspid="172" ordinal="2" offset="384" sl="68" sc="39" el="68" ec="59" bec="4" bev="6" fileid="5" />
                <SequencePoint vc="1" uspid="171" ordinal="3" offset="449" sl="71" sc="5" el="75" ec="30" bec="0" bev="0" fileid="5" />
                <SequencePoint vc="1" uspid="170" ordinal="4" offset="722" sl="76" sc="8" el="76" ec="37" bec="0" bev="0" fileid="5" />
                <SequencePoint vc="1" uspid="169" ordinal="5" offset="876" sl="79" sc="5" el="85" ec="36" bec="0" bev="0" fileid="5" />
                <SequencePoint vc="1" uspid="168" ordinal="6" offset="1052" sl="86" sc="8" el="86" ec="62" bec="4" bev="0" fileid="5" />
                <SequencePoint vc="49" uspid="167" ordinal="7" offset="1154" sl="86" sc="39" el="86" ec="60" bec="4" bev="6" fileid="5" />
                <SequencePoint vc="1" uspid="166" ordinal="8" offset="1219" sl="89" sc="5" el="93" ec="35" bec="0" bev="0" fileid="5" />
                <SequencePoint vc="1" uspid="165" ordinal="9" offset="1492" sl="94" sc="8" el="94" ec="59" bec="4" bev="0" fileid="5" />
                <SequencePoint vc="25" uspid="164" ordinal="10" offset="1594" sl="94" sc="39" el="94" ec="57" bec="4" bev="6" fileid="5" />
                <SequencePoint vc="1" uspid="163" ordinal="11" offset="1659" sl="96" sc="1" el="101" ec="35" bec="0" bev="0" fileid="5" />
              </SequencePoints>
              <BranchPoints>
                <BranchPoint vc="0" uspid="79" ordinal="0" offset="288" sl="68" path="0" offsetend="290" fileid="5" />
                <BranchPoint vc="1" uspid="80" ordinal="1" offset="288" sl="68" path="1" offsetchain="301" offsetend="429" fileid="5" />
                <BranchPoint vc="0" uspid="81" ordinal="2" offset="335" sl="68" path="0" offsetend="337" fileid="5" />
                <BranchPoint vc="5" uspid="82" ordinal="3" offset="335" sl="68" path="1" offsetchain="348" offsetend="404" fileid="5" />
                <BranchPoint vc="5" uspid="83" ordinal="4" offset="410" sl="68" path="0" offsetend="412" fileid="5" />
                <BranchPoint vc="25" uspid="84" ordinal="5" offset="410" sl="68" path="1" offsetend="369" fileid="5" />
                <BranchPoint vc="1" uspid="85" ordinal="6" offset="435" sl="68" path="0" offsetend="440" fileid="5" />
                <BranchPoint vc="5" uspid="86" ordinal="7" offset="435" sl="68" path="1" offsetend="318" fileid="5" />
                <BranchPoint vc="0" uspid="87" ordinal="8" offset="1058" sl="86" path="0" offsetend="1060" fileid="5" />
                <BranchPoint vc="1" uspid="88" ordinal="9" offset="1058" sl="86" path="1" offsetchain="1071" offsetend="1199" fileid="5" />
                <BranchPoint vc="0" uspid="89" ordinal="10" offset="1105" sl="86" path="0" offsetend="1107" fileid="5" />
                <BranchPoint vc="7" uspid="90" ordinal="11" offset="1105" sl="86" path="1" offsetchain="1118" offsetend="1174" fileid="5" />
                <BranchPoint vc="7" uspid="91" ordinal="12" offset="1180" sl="86" path="0" offsetend="1182" fileid="5" />
                <BranchPoint vc="49" uspid="92" ordinal="13" offset="1180" sl="86" path="1" offsetend="1139" fileid="5" />
                <BranchPoint vc="1" uspid="93" ordinal="14" offset="1205" sl="86" path="0" offsetend="1210" fileid="5" />
                <BranchPoint vc="7" uspid="94" ordinal="15" offset="1205" sl="86" path="1" offsetend="1088" fileid="5" />
                <BranchPoint vc="0" uspid="95" ordinal="16" offset="1498" sl="94" path="0" offsetend="1500" fileid="5" />
                <BranchPoint vc="1" uspid="96" ordinal="17" offset="1498" sl="94" path="1" offsetchain="1511" offsetend="1639" fileid="5" />
                <BranchPoint vc="0" uspid="97" ordinal="18" offset="1545" sl="94" path="0" offsetend="1547" fileid="5" />
                <BranchPoint vc="5" uspid="98" ordinal="19" offset="1545" sl="94" path="1" offsetchain="1558" offsetend="1614" fileid="5" />
                <BranchPoint vc="5" uspid="99" ordinal="20" offset="1620" sl="94" path="0" offsetend="1622" fileid="5" />
                <BranchPoint vc="25" uspid="100" ordinal="21" offset="1620" sl="94" path="1" offsetend="1579" fileid="5" />
                <BranchPoint vc="1" uspid="101" ordinal="22" offset="1645" sl="94" path="0" offsetend="1650" fileid="5" />
                <BranchPoint vc="5" uspid="102" ordinal="23" offset="1645" sl="94" path="1" offsetend="1528" fileid="5" />
              </BranchPoints>
              <MethodPoint xsi:type="SequencePoint" vc="1" uspid="174" ordinal="0" offset="0" sl="63" sc="5" el="67" ec="30" bec="0" bev="0" fileid="5" />
            </Method>
          </Methods>
        </Class>
      </Classes>
    </Module>
    <Module skippedDueTo="Filter" hash="51-62-FA-7D-34-93-E5-F1-CE-27-25-77-2A-B0-05-24-11-99-7E-BC">
      <ModulePath>C:\Users\Леонид\ImageProcessing\tests\ImageProcessing.Tests\bin\Debug\net7.0\ImageProcessing.Tests.dll</ModulePath>
      <ModuleTime>2023-03-16T17:32:46.563874Z</ModuleTime>
      <ModuleName>ImageProcessing.Tests</ModuleName>
      <Classes />
    </Module>
  </Modules>
</CoverageSession>